0.0	2.9767032967
1.009	2.0042259663
2.019	1.72651881188
3.031	1.16030039526
4.033	1.36653093812
5.131	1.37865209472
6.309	2.17497453311
7.42	2.1737749775
8.421	2.84322877123
9.422	2.73333866134
10.539	2.00028648165
11.66	2.32231222123
12.68	2.70135686275
13.682	3.49111377246
14.684	2.89757285429
15.69	3.21053677932
16.811	2.84084924175
17.812	3.87375824176
18.87	2.9962268431
19.871	3.1849030969
20.872	1.48724875125
21.91	1.80571868979
22.912	1.07037125749
23.915	3.10612961117
24.916	2.51315084915
26.27	2.42378138848
27.281	2.0242611276
28.282	2.51351848152
29.381	2.37522838944
30.39	2.76206937562
31.401	0.227323442136
32.412	3.43480118694
33.57	2.7814507772
34.571	0.437322677323
35.582	2.93209099901
36.583	3.278001998
37.591	2.14313492063
38.731	2.73839298246
40.001	2.20663307087
41.031	2.72006213592
42.033	1.4066746507
43.034	2.26405594406
44.132	2.28953734062
45.133	3.15618781219
46.134	3.28618581419
47.136	3.51738123752
48.137	4.47837762238
49.273	3.40376056338
50.274	4.02471128871
51.276	4.25311776447
52.383	3.3606504065
53.385	4.03272654691
54.392	2.8528857994
55.492	2.49329454545
56.493	3.57893306693
57.494	3.43605194805
58.504	2.84266930693
59.514	3.50761188119
60.516	2.36851097804
61.802	1.97140279938
62.805	2.70599401795
63.812	2.77797815293
64.814	3.13819560878
65.824	2.87766336634
66.825	2.64632967033
67.826	4.16453146853
68.833	2.65860575968
69.834	3.49257142857
70.835	3.48114285714
72.003	3.11596575342
73.005	3.41984031936
74.015	3.5007049505
75.024	2.86325470763
76.025	3.06170629371
77.027	4.0217005988
78.028	4.24519480519
79.033	1.09502885572
80.034	1.86955444555
81.035	2.15993606394
82.073	1.92117148362
83.084	0.606195845697
84.094	0.931865346535
85.793	0.525429075927
86.804	2.8993867458
87.974	3.17007179487
88.975	3.26898701299
89.994	0.919599607458
91.056	1.34996610169
92.074	1.7630805501
93.224	1.08908521739
94.244	0.472094117647
95.254	0.791001980198
96.265	1.05001780415
97.274	0.425744301288
98.304	1.77441553398
99.324	0.665223529412
100.334	0.346740594059
101.364	0.218741747573
102.725	0.192987509184
103.985	0.156342857143
105.104	0.381426273458
106.405	0.243947732513
107.435	0.148753398058
108.515	0.101333333333
109.936	0.107822660099
110.985	0.1147607245
112.207	0.194441898527
113.225	0.387017681729
114.415	0.201828571429
115.426	0.368047477745
116.436	0.346796039604
117.476	0.389353846154
118.496	0.175262745098
119.516	0.3648
120.536	0.158407843137
121.596	0.412981132075
122.756	0.200951724138
123.786	0.340380582524
124.836	0.354377142857
125.876	0.350223076923
126.896	0.321882352941
127.897	0.520871128871
128.898	0.529430569431
129.907	0.378378592666
131.117	0.344852892562
132.783	0.479539015606
133.787	0.157394422311
134.807	0.482823529412
135.927	0.475314285714
136.937	0.628467326733
138.016	0.344852641335
139.318	0.176516129032
140.324	1.07696222664
141.326	1.45594411178
142.328	1.32781636727
143.386	1.28511909263
144.396	1.60314455446
145.398	1.70928542914
146.406	1.96643650794
147.407	2.14951448551
148.427	2.09900392157
149.428	2.17166833167
150.436	1.13402380952
151.547	1.82042124212
152.557	1.51699009901
153.616	1.1422776204
154.617	1.58529470529
155.618	2.08505094905
156.637	2.20502453386
157.647	1.60338217822
158.648	1.67355844156
159.662	0.939431952663
160.667	0.773158208955
161.687	0.587435294118
162.697	1.38696237624
163.867	0.635938461538
164.877	0.910194059406
165.878	1.18077122877
166.897	0.195768400393
167.907	0.975207920792
168.917	1.51699009901
169.918	1.49296303696
170.927	1.37749058474
171.937	0.893259405941
172.958	0.868231145935
173.967	1.14971655104
174.968	1.06555844156
175.978	1.51699009901
177.049	0.805512605042
178.058	1.8655777998
179.068	1.06189306931
180.078	1.25389306931
181.188	2.00115315315
182.198	1.49531881188
183.208	1.05166732673
184.228	0.826164705882
185.248	0.783247058824
186.249	0.449478521479
187.268	0.612176643768
188.288	0.268235294118
189.31	0.882622309198
190.312	1.37619161677
191.338	0.63322417154
192.349	0.692795252226
193.378	0.682534499514
194.399	0.664571988247
195.409	0.679659405941
196.428	0.77327576055
197.429	0.655984015984
198.439	0.420871287129
199.459	0.751058823529
200.479	0.543976470588
201.489	0.682645544554
202.499	0.447041584158
203.519	0.545294117647
204.529	0.671263366337
205.549	0.579388235294
206.559	0.329702970297
207.56	0.882773226773
208.57	1.02354851485
209.58	0.801465346535
210.59	0.70358019802
211.611	1.0683251714
212.62	1.08813478692
213.621	1.02046753247
214.63	1.0565074331
215.64	1.21359207921
216.72	0.922133333333
217.721	0.94551048951
218.73	1.17140931615
219.731	0.575488511489
220.741	1.13443168317
221.76	0.685448478901
222.88	0.840571428571
223.91	1.10502524272
224.92	1.18297821782
225.921	0.905566433566
226.931	1.03087524752
227.951	0.804705882353
228.96	0.664467789891
229.961	1.88048751249
230.971	0.438003960396
231.981	1.13774257426
233.581	0.755145
234.582	0.918377622378
235.601	1.5794936212
236.611	1.17854257426
237.612	1.18909090909
238.621	1.12638255699
239.641	0.297403921569
240.661	1.51704313725
241.662	1.70440759241
242.672	1.8329980198
243.692	1.85618039216
244.693	1.27343056943
245.702	1.69016451933
246.722	1.05910588235
247.732	1.58973465347
248.733	1.82887512488
249.734	1.66082717283
250.742	1.73805555556
251.942	1.51312666667
252.962	1.34117647059
253.973	1.36640949555
254.982	1.87642418236
256.102	0.283592857143
257.113	1.01754302671
258.123	1.54453069307
259.153	1.84879223301
260.154	1.72262937063
261.303	1.49263011314
262.304	2.05541658342
263.325	1.41202742409
264.472	1.91264864865
265.473	2.08821578422
266.483	1.32037227723
267.503	1.39482352941
268.513	1.32194851485
269.533	1.02908235294
270.543	2.08044356436
271.544	1.54306493506
272.553	1.81687215064
273.554	2.47087312687
274.763	1.39849793218
275.773	1.53432079208
276.783	1.60035643564
277.793	1.65866138614
278.794	1.98244155844
279.804	1.86774653465
280.814	1.81636435644
281.824	2.04054653465
282.833	1.47023191278
283.834	1.5524955045
284.844	1.31828910891
285.854	1.77704554455
286.864	1.45197623762
288.173	0.551352177235
289.184	1.4180652819
290.194	1.65785346535
291.204	1.48448316832
292.205	1.09398601399
293.215	1.49531881188
294.234	1.22924435721
295.235	1.12871928072
296.236	1.49783016983
297.245	0.911920713578
298.255	1.49531881188
299.274	0.676082433759
300.285	1.0824925816
301.296	1.34206923838
302.305	1.70288206145
303.318	1.13141164857
304.336	1.14884086444
305.355	0.846547595682
306.356	1.31196803197
307.375	0.915258096173
308.376	1.5196963037
309.405	1.44309426628
310.575	1.04136068376
311.585	1.14857821782
312.587	1.64523752495
313.595	1.68634920635
314.596	1.12610589411
315.606	1.33900990099
316.615	1.67134985134
317.616	2.11621178821
318.826	1.74039008264
319.846	1.76941176471
320.856	1.68477623762
321.876	1.6005254902
322.906	1.11781747573
323.907	1.31196803197
324.916	0.987774033697
325.917	1.0216023976
326.936	1.44989205103
327.937	1.12248551449
328.947	1.76620990099
330.066	1.05730116175
331.076	1.23526336634
332.086	0.90457029703
333.087	0.944375624376
334.096	1.13887016848
335.117	1.0103036239
336.287	1.13903589744
337.307	1.38409411765
338.312	0.879952238806
339.321	0.715861248761
340.327	0.641844930417
341.337	0.704784158416
342.347	1.08356435644
343.357	0.793885148515
344.358	1.01677522478
345.367	1.36664420218
346.377	1.0164990099
347.567	0.88691092437
348.568	0.940243756244
349.577	0.946101090188
350.598	1.2112360431
351.608	0.829853465347
352.617	0.965328047572
353.677	0.765554716981
354.678	0.929310689311
355.698	0.930862745098
356.708	1.18108514851
357.718	0.901108910891
358.741	0.976625610948
359.749	0.84980952381
360.768	0.944580961727
361.778	0.995057425743
362.828	0.890133333333
363.988	0.935648275862
365.058	1.17876635514
366.068	0.986043564356
367.078	0.422312871287
368.099	0.868231145935
369.108	0.702652130823
370.128	1.07294117647
371.139	1.00007121662
372.159	0.717552941176
373.179	0.746549019608
374.19	0.703620178042
375.209	0.45747595682
376.229	0.708141176471
377.249	0.6336
378.429	0.755837288136
379.449	0.826164705882
380.47	0.708317335945
381.669	1.07424854045
382.679	0.996879207921
383.689	0.884768316832
384.7	1.12579228487
385.709	1.21479484638
386.71	0.582593406593
387.719	1.18225569871
388.72	0.919264735265
389.739	0.807717369971
390.75	0.974243323442
391.769	0.791207065751
392.78	0.95259347181
393.79	0.799255445545
394.8	0.920871287129
396.01	1.0540231405
397.02	1.13774257426
398.027	0.818137040715
399.35	0.586001511716
400.361	0.638670623145
401.391	0.714757281553
402.4	0.965328047572
403.47	0.582998130841
404.531	0.680369462771
406.031	0.321024
407.135	0.198260869565
408.141	0.859419483101
409.19	0.70103336511
410.322	0.815053003534
411.324	0.862850299401
412.391	0.225821930647
413.411	1.03458039216
414.811	0.617554285714
415.821	0.405085148515
416.841	0.268235294118
417.891	0.177188571429
419.041	0.183429565217
420.061	0.522831372549
421.071	0.49843960396
422.121	0.109379047619
423.161	0.419492307692
424.212	0.354039961941
425.371	0.142640207075
426.372	0.28425974026
427.412	0.249261538462
428.432	0.429176470588
429.442	0.518225742574
430.682	0.479174193548
431.692	0.545964356436
432.702	0.699794059406
433.712	0.874677227723
434.722	0.789306930693
435.742	0.891482352941
436.743	0.640183816184
437.773	0.62986407767
438.782	0.585704658077
440.153	0.153400437637
441.162	0.227774033697
442.192	0.382508737864
443.392	0.258986666667
444.393	0.450957042957
445.453	0.485267924528
446.493	0.229653846154
447.783	0.198213953488
448.793	0.260055445545
449.833	0.5252
450.953	0.144757142857
451.959	0.348119284294
452.973	0.577136094675
453.993	0.510203921569
454.994	0.86212987013
456.103	0.641240757439
457.113	0.638827722772
458.124	0.612367952522
459.153	0.546379008746
460.154	0.723764235764
461.184	0.510229126214
462.214	0.559510679612
463.444	0.541346341463
464.466	0.543154598826
465.474	0.667158730159
466.475	1.08237362637
467.494	0.869283611384
468.495	0.816175824176
469.525	0.488761165049
470.535	0.852918811881
471.644	1.04989720469
472.655	2.11625346535
473.825	1.84926495726
474.954	2.01916031887
475.955	2.00103096903
476.965	1.68131485149
477.966	1.73596003996
478.985	1.95466928361
479.986	1.19484515485
481.175	1.02168544996
482.195	1.01929411765
483.205	0.753837623762
484.215	0.910194059406
485.225	0.606796039604
486.235	0.769330693069
487.285	1.01532190476
488.295	1.0944
489.315	0.987105882353
490.316	0.712695304695
491.325	0.943635282458
492.335	0.866851485149
493.365	0.72587184466
494.386	0.707447600392
495.425	0.610972088547
496.435	0.791001980198
497.486	0.682983824929
498.496	0.942700990099
499.506	0.769647524752
500.526	0.930996078431
501.536	0.975207920792
502.537	0.216991008991
503.546	0.813478691774
504.556	0.75180990099
505.557	0.918377622378
507.226	0.462053924506
508.256	0.690640776699
509.257	1.15890509491
510.297	0.276392307692
511.306	1.38833696729
512.416	0.197895495495
513.417	1.13703896104
514.438	0.665535749265
515.457	0.665876349362
516.458	0.476123876124
517.467	0.813478691774
518.477	0.830811881188
519.487	0.801837623762
520.527	0.199330769231
521.547	0.396988235294
522.697	0.796180869565
523.708	1.59186547972
524.717	1.27079484638
525.718	1.22483116883
526.778	0.856935849057
527.779	1.38597402597
528.788	0.952761149653
529.798	0.704918811881
530.799	0.796955044955
531.808	1.51041427156
532.809	1.45123676324
533.818	1.30654509415
535.028	1.31545785124
536.038	1.12690693069
537.128	0.804278899083
538.138	1.37612673267
539.148	1.39477227723
540.158	1.38273267327
541.159	1.56342857143
542.178	1.11372718351
543.188	0.747659405941
544.558	0.454289051095
545.559	0.732515484515
546.569	1.10498217822
547.579	1.34361980198
548.599	0.317960784314
549.619	1.06221176471
550.702	0.243183748846
551.709	1.10852830189
552.749	0.433492307692
553.754	2.49723383085
554.763	2.37769672944
555.933	1.88023931624
557.094	2.40220499569
558.444	3.11357037037
559.458	2.80478106509
560.459	4.68791208791
561.465	3.23450497018
562.474	2.19543310208
563.475	2.34972227772
564.476	4.31328671329
565.554	2.79814471243
566.555	2.83166433566
567.557	1.95020359281
568.914	0.669382461312
570.014	0.431490909091
571.015	0.785238761239
572.026	1.97013649852
573.504	0.974208389716
574.535	0.562591658584
575.554	0.483297350343
576.565	0.541246290801
577.566	2.58697302697
578.567	2.62957842158
579.576	2.54163726462
580.58	0.974111553785
581.596	0.985440944882
582.605	1.18225569871
583.685	0.680377777778
584.686	0.524787212787
585.695	0.921942517344
586.705	0.899358415842
587.945	0.214051612903
588.965	0.354070588235
589.976	0.627845697329
590.985	0.564011892963
592.125	0.69369122807
593.13	2.01456716418
594.136	0.868365805169
595.185	1.58062917064
596.186	3.54471928072
597.187	4.3990969031
598.198	3.06105637982
599.376	2.86277758913
600.556	3.80298305085
601.557	4.61754245754
602.558	2.67316683317
603.567	3.01412884044
604.568	3.43075324675
605.577	2.42404757185
606.587	3.82675643564
607.607	3.3193254902
608.736	2.58057750221
609.737	3.01752647353
610.747	0.640403960396
611.823	1.44428252788
612.976	0.625540329575
613.977	1.06050749251
615.007	1.42378252427
616.097	0.464249541284
617.098	0.710649350649
618.617	0.324213298223
619.748	0.49349602122
620.897	0.180971279373
622.218	0.157408024224
623.237	0.826975466143
624.297	0.368558490566
625.307	0.725988118812
626.797	0.176279194631
627.816	1.11695387635
628.828	0.728055335968
629.847	0.575050049068
630.867	0.107294117647
632.447	0.13853164557
633.467	0.783247058824
634.477	0.673702970297
635.667	1.11982521008
636.878	0.234966143683
637.897	0.934374877331
639.017	0.428607142857
640.057	0.347261538462
641.248	0.872094038623
642.487	0.70794511703
643.668	0.500403048264
644.678	0.883279207921
646.297	0.37706732551
647.298	0.53572027972
648.299	1.25037362637
649.317	0.935269155206
650.468	0.937473501303
651.479	1.1628090999
652.547	1.32779026217
653.548	1.06252947053
654.549	1.23543656344
655.558	0.53146481665
656.798	0.877625806452
657.799	1.4868971029
658.8	1.4238001998
659.848	0.254938931298
660.849	0.39359040959
661.859	2.78954455446
662.86	2.832
664.298	1.33567732962
665.299	2.50807592408
666.379	2.06076296296
667.399	2.60780392157
668.608	1.10787758478
669.62	1.66539130435
670.661	1.19903938521
671.67	2.03161942517
673.099	1.16284954514
674.659	1.12228717949
675.66	1.2901018981
676.669	1.27987314172
677.839	0.425223931624
678.841	1.55094610778
679.859	1.01635363458
680.869	1.28944158416
682.109	0.487451612903
683.11	0.360791208791
684.12	0.866851485149
685.139	0.536997055937
686.147	1.10119047619
687.157	1.84628910891
688.158	2.14105094905
689.167	1.32472547076
690.168	1.52860739261
691.17	1.39271856287
692.198	1.01420233463
693.209	1.23404154303
694.219	1.53027326733
695.228	1.89126660059
696.348	1.30212142857
697.358	2.00239207921
698.387	1.86837706511
699.458	1.27321008403
700.747	1.4510969744
701.748	1.07144055944
702.838	1.23486972477
703.839	1.35578821179
704.84	0.872287712288
705.841	1.38626973027
706.863	1.54201174168
707.868	0.584031840796
708.869	1.54575824176
709.879	1.71203168317
710.919	0.382123076923
711.92	1.59622777223
712.999	0.316945319741
714.019	0.954917647059
715.23	1.04466391412
716.241	1.06084272997
717.242	1.77816583417
718.349	1.85124480578
719.36	1.59126409496
720.639	0.93935887412
721.64	0.513854145854
722.641	1.79302297702
723.649	0.943849206349
724.67	1.45777081293
725.68	0.799033663366
726.689	1.58357185332
727.7	1.83233234421
728.701	1.41053346653
729.71	1.60308424182
730.72	1.59573861386
731.74	1.14961568627
732.8	2.05218867925
734.01	1.62065454545
735.011	1.56342857143
736.019	0.808055555556
737.02	1.49783016983
738.03	1.43322772277
739.031	1.81936463536
740.032	1.97041358641
741.033	1.81124475524
742.041	1.85476984127
743.13	1.70724701561
744.14	2.3404990099
745.141	1.81069330669
746.181	1.83276153846
747.182	2.43807392607
748.2	1.72201964637
749.201	1.80404395604
750.202	2.09914885115
751.216	2.10122287968
752.311	2.16958538813
753.321	2.55721188119
754.323	1.834499002
755.341	2.62311984283
756.342	2.02657342657
757.361	2.1068498528
758.371	1.4303049505
759.382	1.88909990109
760.431	2.12085414681
761.442	2.58715727003
762.451	2.06678295342
763.462	2.1122611276
764.471	2.10743310208
765.481	1.91058217822
766.492	1.88486646884
767.662	1.63995897436
768.672	2.10443564356
769.692	2.11767843137
770.702	1.90707326733
771.703	1.43002597403
772.732	1.84017881438
773.734	1.48541317365
774.742	1.60913492063
775.743	1.72413186813
776.752	1.89811694747
777.763	2.03508605341
778.842	0.724774791474
779.852	1.93958019802
780.863	2.11086053412
781.883	1.38038431373
782.893	1.93958019802
783.894	2.5474045954
784.903	1.14472943508
786.033	2.09872566372
787.044	2.48973293769
788.053	2.30533201189
789.054	1.84272527473
790.063	1.38833696729
791.073	1.69522376238
792.183	1.34282522523
793.193	2.42718415842
794.204	1.82247279921
795.208	1.63505976096
796.213	1.94793233831
797.215	2.47932934132
798.224	1.42836868186
799.234	1.59283960396
800.303	0.754185219832
801.313	0.84518019802
802.325	0.65966798419
803.345	0.697411764706
804.354	1.54981169475
805.355	1.91598001998
806.364	2.07109613479
807.365	2.04448351648
808.374	1.66412685828
809.388	1.79355424063
810.394	1.94634592445
811.405	1.84023738872
812.445	0.291838461538
813.614	1.76388023952
814.815	2.02182181515
815.816	2.35060939061
816.834	1.81155992141
817.835	1.90195404595
818.836	2.32874325674
819.837	2.1316043956
820.845	2.04585714286
821.855	1.90707326733
822.856	1.42144255744
823.964	2.17927797834
824.965	2.613002997
825.975	2.05797227723
826.976	2.21156443556
827.985	2.33197224975
828.995	1.27150891089
829.996	1.74929070929
831.005	2.10543508424
832.006	2.14809190809
833.015	2.12675520317
834.026	1.91408902077
835.027	2.03351848152
836.028	2.05178021978
837.086	2.10402268431
838.087	2.31781018981
839.095	1.36752380952
840.106	1.353115727
841.165	0.568589235127
842.168	2.17134197408
843.181	1.11010463968
844.397	1.16978947368
845.426	0.633788143829
846.427	2.02261738262
847.447	1.88296470588
848.466	1.9805063788
850.369	0.18402942722
851.376	2.77436345581
852.387	2.6026983185
853.466	2.59426876738
854.467	3.2696983017
855.477	2.12977425743
856.816	1.56969678865
857.952	1.24307042254
858.956	1.46824701195
860.107	1.42969244136
861.108	2.32874325674
862.109	2.01527272727
863.147	1.94114065511
864.157	2.71833663366
865.158	3.06491908092
866.169	2.96602967359
867.236	0.807400187441
868.244	2.30171428571
869.25	3.2162306163
870.251	3.31271928072
871.257	1.35898210736
872.297	2.69425384615
876.168	0.943034874709
877.247	0.162283595922
878.25	1.62577866401
879.278	1.89248249027
880.418	1.3332
881.435	1.62492035398
882.438	1.30203788634
883.458	1.86691764706
884.469	1.56620375865
885.998	0.723003270111
887.088	0.522099082569
888.099	1.48159841741
889.1	1.42658941059
890.269	1.22998802395
891.279	0.736823762376
892.59	0.392347826087
893.809	0.553410992617
894.878	0.163801683817
895.879	1.96795204795
896.88	1.85225974026
897.909	1.32629737609
898.915	0.423713717694
899.919	1.7113625498
900.939	0.848447058824
902.09	0.816444830582
903.099	1.26902675917
904.12	0.251016650343
905.13	0.964372277228
907.109	0.230027286508
908.158	0.208655862726
909.185	0.245094449854
910.685	0.332490666667
911.696	0.443821958457
914.081	0.154948427673
915.105	0.2826484375
916.186	0.752296022202
917.238	1.21914828897
918.266	1.49432684825
919.276	1.49992871287
920.277	1.81143656344
921.278	2.37599200799
922.286	2.16674603175
923.386	1.6756
924.387	3.18640559441
925.388	3.40007992008
926.397	2.97275718533
927.416	0.371446516192
928.466	0.416914285714
929.607	0.642636283961
930.638	0.923499515034
931.647	0.811020812686
932.657	0.92102970297
933.706	0.281685414681
934.847	2.62166520596
935.877	3.03261359223
936.879	3.08750499002
937.955	4.19457992565
938.956	3.04623376623
939.966	3.20333465347
940.976	2.84977425743
941.986	4.41345742574
943.077	3.2309147571
944.087	3.70579009901
945.246	2.3088041415
946.247	2.8556963037
947.256	2.54162140733
948.336	2.20777037037
949.337	2.26314485514
950.476	1.05247410009
951.516	0.126276923077
952.886	0.143789781022
953.913	0.149187925998
955.023	0.138032432432
956.044	0.525226248776
957.065	1.43633300686
958.274	0.557161290323
959.305	0.679355965082
961.124	0.145807586586
962.152	0.223564202335
963.243	0.177415215399
964.252	0.618243805748
965.392	0.520273684211
966.432	0.115753846154
967.491	0.134345609065
968.691	0.782593333333
969.751	0.490513207547
970.951	0.81808
971.962	1.2546785361
972.971	1.23568681863
973.981	0.90502970297
974.982	0.961070929071
976.003	0.837584313725
977.012	1.16374231913
978.022	0.496514851485
979.032	0.476768316832
980.11	0.314716141002
981.21	0.139287272727
982.241	0.144302618817
983.34	0.278828025478
984.4	0.155479245283
985.78	0.174469565217
986.841	0.191230914232
987.849	0.537984126984
989.18	0.15622539444
990.26	0.236866666667
992.379	0.123443133554
993.439	0.113569811321
994.477	0.105433526012
995.64	0.112921754084
996.902	0.121407290016
997.985	0.121263157895
999.167	0.311871404399
1000.186	0.128879293425
1001.409	0.134227309894
1002.449	0.157846153846
1003.506	0.130527909177
1004.541	0.322226086957
1005.585	0.209655172414
1006.623	0.221410404624
1007.644	0.133281096964
1008.663	0.225538763494
1009.666	0.141846460618
1010.726	0.154867924528
1011.885	0.179665228645
1012.984	0.107785259327
1014.027	0.241334611697
1015.167	0.120203508772
1016.205	0.168693641618
1017.387	0.175918781726
1018.406	0.128879293425
1019.643	0.141555375909
1020.645	0.141988023952
1021.723	0.14212987013
1022.777	0.103833017078
1023.847	0.102280373832
1024.936	0.100495867769
1025.957	0.27181194907
1026.977	1.29958431373
1028.068	0.910137488543
1029.157	1.3654214876
1030.167	1.45699009901
1031.297	1.4184920354
1032.298	1.80836763237
1033.299	1.97607192807
1034.308	2.08119722498
1035.479	2.76136635354
1036.498	2.78516192345
1037.499	1.65933266733
1038.508	2.53847373637
1039.528	2.39527058824
1040.529	2.8087992008
1041.538	2.31533795837
1042.549	1.87271216617
1043.558	1.54600594648
1044.688	1.15643893805
1045.698	1.50615445545
1046.699	1.58529470529
1047.708	2.23474331021
1048.709	2.72233366633
1049.728	1.44041609421
1050.729	2.63486913087
1051.808	2.40841519926
1052.809	1.56342857143
1053.819	2.48983762376
1054.929	2.56572252252
1055.93	2.86446353646
1056.938	1.37779365079
1057.939	2.7114005994
1058.941	2.40571656687
1060.248	2.37880948738
1061.25	0.251209580838
1062.269	2.48092639843
1063.328	1.14770915958
1064.329	2.11008191808
1065.339	2.25005940594
1066.389	2.50475428571
1067.561	1.78353583618
1068.57	2.29118731417
1069.571	3.46578221778
1070.572	2.40007192807
1071.619	2.51455969436
1072.62	2.00075124875
1073.63	3.05250693069
1074.631	3.30178621379
1075.64	2.71776412289
1076.65	2.10349306931
1077.849	1.64702585488
1078.86	1.8943620178
1079.87	2.07266534653
1080.91	2.29779230769
1081.911	2.30687712288
1082.92	2.21291575818
1083.93	1.82684356436
1085.01	1.3174
1086.02	1.66868910891
1087.03	1.19714851485
1088.031	2.19754645355
1089.041	1.78665346535
1090.042	2.08873526474
1091.05	2.39848412698
1092.051	2.66766833167
1093.052	2.06973026973
1094.071	2.34261825319
1095.072	2.48658541459
1096.151	3.02373308619
1097.152	3.18152247752
1098.153	2.70126673327
1099.161	2.7018968254
1100.171	2.28097425743
1101.181	1.72286732673
1102.201	2.20174901961
1103.621	1.96437183099
1104.622	2.82073126873
1105.632	1.60487128713
1106.641	2.02728245788
1107.642	2.42714085914
1108.643	1.71772227772
1109.652	2.53805351833
1110.662	1.62342178218
1111.691	1.5421574344
1112.712	1.45777081293
1113.714	0.846906187625
1114.721	1.48890566038
1115.722	1.82582217782
1116.811	0.670442607897
1117.813	1.43080239521
1118.822	2.50551437066
1119.832	0.803754455446
1120.842	2.96896633663
1121.852	0.879025742574
1122.863	3.15005341246
1123.873	2.45283960396
1124.893	2.44752941176
1125.894	2.22212987013
1126.903	2.06812289395
1127.932	1.29058114674
1128.943	1.38559050445
1129.944	1.95701898102
1131.123	1.61437828668
1132.133	1.95041584158
1133.612	1.74203651116
1134.613	1.23543656344
1135.623	1.90707326733
1136.643	1.85618823529
1137.974	0.899594290008
1138.975	2.11008191808
1139.983	2.71428571429
1140.994	1.75147774481
1142.004	2.08044356436
1143.533	1.53063178548
1144.534	2.50367232767
1145.535	2.88632967033
1146.543	0.749142857143
1147.544	1.46503096903
1148.624	1.58328888889
1149.629	1.6007641791
1150.634	1.60901094527
1151.644	2.58971881188
1152.647	1.25072781655
1153.705	2.17679395085
1154.715	2.89311683168
1155.716	0.857654345654
1156.717	3.08407592408
1157.724	2.67260377358
1158.735	2.24045895153
1159.905	2.12131965812
1160.915	2.56975222993
1161.917	2.67446706587
1162.924	1.95899106256
1163.925	2.23853746254
1164.935	2.70085544554
1165.945	2.56114059406
1166.946	0.847152847153
1167.947	1.94304095904
1168.955	2.42056349206
1169.997	1.94065259117
1171.175	1.47010526316
1172.176	2.38713286713
1173.185	1.60596233895
1174.186	2.42212187812
1175.187	3.24212587413
1176.375	2.13232996633
1177.376	2.40527472527
1178.377	2.30534265734
1179.395	1.60053438114
1180.396	2.50367232767
1181.408	1.72192885375
1182.418	2.77857425743
1183.626	2.27800662252
1184.627	3.36738461538
1185.636	2.66832903865
1186.637	3.37831768232
1187.638	1.90347252747
1188.646	2.93142857143
1189.667	2.22953183154
1190.668	2.92510689311
1191.687	2.2361138371
1192.688	2.16348451548
1193.706	1.61544990177
1194.707	2.49598401598
1195.766	1.73139187913
1196.767	2.940995005
1197.768	2.27211988012
1198.776	0.625785714286
1199.887	2.13072907291
1201.597	1.39462923977
1202.607	2.06960792079
1203.617	2.0008
1204.618	2.0228971029
1205.666	1.11164122137
1206.667	1.4212987013
1207.678	2.68458160237
1208.687	2.34721902874
1209.688	2.75513286713
1210.887	2.01257714762
1211.897	2.04793663366
1212.898	2.6644955045
1213.899	1.94414385614
1214.977	1.5306122449
1216.02	1.12273058485
1217.037	2.12536479843
1218.038	1.92421978022
1219.039	1.57906093906
1220.657	1.41903584672
1221.658	1.03864135864
1222.747	1.80592102847
1223.748	0.623184815185
1224.908	1.97825517241
1225.91	2.04244311377
1226.948	1.01437379576
1227.958	1.57116831683
1228.978	1.07181960784
1229.979	2.09914885115
1231.095	1.80731182796
1232.099	1.47155378486
1233.418	1.55396512509
1234.419	0.601318681319
1235.439	2.22098823529
1236.44	0.615200799201
1237.449	1.52933994054
1238.698	1.36735948759
1239.699	1.93515284715
1240.729	0.950322330097
1241.759	0.6664
1242.76	0.841846153846
1243.769	0.418378592666
1244.778	0.238620416254
1245.828	0.29184
1246.868	0.126276923077
1248.258	0.220454676259
1249.268	0.365425742574
1250.288	0.442964705882
1251.308	0.472094117647
1252.429	0.158101694915
1253.638	0.506084367246
1254.679	0.105129682997
1255.688	0.496031714569
1256.879	0.484527287993
1257.929	0.415916190476
1258.949	0.257505882353
1260.029	0.259525925926
1261.039	0.292562376238
1262.155	0.238752688172
1263.479	0.26450755287
1264.529	0.2488
1265.539	0.288704950495
1266.599	0.310656603774
1267.609	0.467722772277
1268.64	0.566075654704
1269.66	0.528149019608
1270.67	0.476887128713
1271.739	0.292490177736
1273.199	0.282043835616
1274.43	0.378053614947
1275.44	0.346740594059
1276.46	0.228031372549
1277.47	0.325069306931
1278.48	0.357576237624
1279.52	0.107484615385
1280.67	0.142747826087
1281.68	0.409283168317
1282.71	0.518733980583
1283.741	0.54171871969
1284.76	0.435085377821
1285.88	0.275235714286
1286.881	0.295192807193
1287.91	0.353772594752
1288.92	0.578297029703
1289.94	0.300290196078
1290.961	0.246534769833
1292.08	0.248035746202
1293.09	0.465932673267
1294.091	0.306885114885
1295.12	0.300159378037
1296.441	0.379742619228
1297.471	0.350633009709
1298.491	0.601866666667
1299.521	0.213732038835
1300.771	0.4734592
1301.811	0.294646153846
1302.821	0.451342574257
1303.881	0.410694339623
1304.891	0.292562376238
1305.971	0.270540740741
1307.001	0.361258252427
1308.022	0.358041136141
1309.392	0.233868613139
1310.512	0.2052
1311.522	0.308
1312.561	0.105332050048
1313.644	0.109333333333
1314.645	1.19351048951
1315.655	1.24166336634
1316.683	1.28791439689
1317.804	0.722904549509
1319.094	0.764334883721
1320.104	0.977695049505
1321.284	1.12330169492
1322.294	1.42228118812
1323.304	0.828720792079
1324.314	1.34553663366
1325.315	1.08331668332
1326.344	1.31041399417
1327.354	1.25704554455
1328.355	1.65089310689
1329.364	0.649554013875
1330.365	1.36663336663
1331.374	0.845803766105
1332.375	1.94608591409
1333.385	1.41683168317
1334.386	1.35644355644
1335.387	2.29753446553
1336.395	1.88462698413
1337.406	2.0195529179
1338.415	2.07228543112
1339.436	2.3367208619
1340.445	1.94177205154
1341.465	1.66318431373
1342.466	2.27407792208
1343.477	1.71824332344
1344.478	2.17568031968
1345.615	1.40956200528
1346.616	1.60716083916
1347.617	2.32874325674
1348.626	1.86168483647
1349.758	1.66751236749
1350.766	2.38857142857
1351.776	1.52509306931
1352.777	2.15381418581
1353.786	1.92772249752
1354.866	1.69692592593
1355.867	2.08821578422
1356.877	1.76930693069
1357.886	1.71138156591
1358.887	1.91328671329
1359.907	1.65943529412
1360.918	1.55878931751
1362.126	0.764377483444
1363.136	0.791001980198
1364.146	2.23214257426
1365.147	0.912655344655
1366.158	2.39230860534
1367.166	1.45485714286
1368.186	0.601937254902
1369.216	0.658765048544
1370.226	0.509275247525
1371.227	0.721582417582
1372.257	0.541887378641
1373.327	0.368478504673
1374.337	0.433425742574
1375.358	0.546664054848
1376.367	0.618243805748
1377.377	0.628467326733
1378.387	0.475097029703
1379.397	0.444261386139
1380.567	0.71344957265
1381.577	0.292562376238
1382.607	0.648139805825
1383.627	0.600847058824
1384.628	0.49424975025
1385.697	0.733545369504
1386.698	1.1313966034
1387.708	1.40863366337
1388.787	0.329898053753
1389.798	0.963418397626
1390.898	0.976669090909
1391.908	0.791001980198
1392.918	1.04203564356
1393.928	1.08762772277
1394.948	1.15155294118
1395.949	1.29746253746
1396.989	1.34684615385
1397.999	1.07361584158
1399.448	0.821272601794
1400.449	1.47773826174
1401.459	0.799912871287
1402.579	1.38714285714
1403.58	1.88311688312
1404.589	1.84018235877
1405.599	2.36161584158
1406.608	1.31076313181
1407.609	1.72980619381
1408.699	1.42147522936
1409.701	1.32158083832
1410.702	1.65761438561
1411.709	1.57042303873
1412.779	1.36458317757
1413.781	1.21235928144
1414.789	1.03822222222
1415.791	0.524263473054
1416.8	1.90896333003
1417.801	0.407152847153
1418.802	1.77115684316
1419.82	0.838632612967
1421.162	1.0990461997
1422.17	1.78057142857
1423.18	1.17078811881
1424.181	1.16977422577
1425.19	1.61611100099
1426.201	0.815920870425
1427.33	1.09910363153
1428.34	1.5532039604
1429.341	1.65089310689
1430.342	1.30486313686
1431.35	1.33972222222
1432.48	1.40717876106
1433.483	1.35299700897
1434.5	1.24465683382
1435.682	1.14475803723
1436.684	1.72677844311
1437.691	1.84579940417
1438.702	2.14439564787
1439.703	3.0210989011
1440.704	2.75897702298
1441.73	1.88685380117
1442.731	2.68953446553
1443.741	2.33881980198
1444.9	1.29813977567
1445.911	2.12168545994
1446.931	1.1001254902
1447.932	0.874645354645
1448.942	1.53866138614
1449.943	2.04604995005
1451.011	1.85128089888
1452.012	0.918377622378
1453.022	1.84205940594
1454.031	1.14177205154
1455.032	2.5802037962
1456.033	1.76967832168
1457.041	2.07371428571
1458.101	0.722528301887
1459.102	0.973042957043
1460.103	1.94608591409
1461.152	0.149506196378
1462.162	1.86373069307
1463.332	0.79331965812
1464.333	1.83675524476
1465.353	0.534690196078
1466.362	2.02827353816
1467.402	0.149461538462
1468.413	1.72116320475
1469.432	0.777303238469
1470.453	1.40417629775
1471.562	0.228342651037
1472.563	1.47596403596
1473.572	1.10318334985
1474.573	1.10423976024
1475.582	0.363639246779
1476.583	1.13703896104
1477.623	0.580553846154
1478.633	0.899358415842
1480.143	0.562617218543
1481.165	0.856673189824
1482.183	0.827379174853
1483.193	0.49843960396
1484.433	0.827425806452
1485.443	0.964372277228
1486.463	0.686415686275
1487.578	1.08221704036
1488.594	1.22796850394
1489.603	1.04359167493
1490.615	1.36621343874
1491.623	0.906277777778
1492.703	1.23936296296
1493.705	1.03760479042
1494.724	1.54816879293
1495.893	1.42539606501
1496.904	1.78611275964
1497.905	1.48864735265
1498.914	1.22654509415
1499.974	1.68412075472
1500.975	1.70555844156
1501.995	0.453490196078
1503.164	1.62783233533
1504.304	1.52209824561
1505.305	0.601318681319
1506.316	1.51586152324
1507.317	1.64577022977
1508.319	2.23694211577
1509.515	1.78127759197
1510.516	1.8041958042
1511.555	0.844304138595
1512.585	1.42302135922
1513.586	1.60991808192
1514.595	1.44632705649
1515.596	1.49862937063
1516.685	1.49309825528
1517.686	1.21357042957
1518.755	0.539614593078
1519.765	1.66868910891
1520.775	1.24746138614
1521.825	0.661340952381
1522.846	1.40417629775
1523.875	0.565939747328
1524.885	1.35445544554
1525.956	0.467450980392
1526.966	1.3977980198
1527.985	0.487340529931
1528.986	0.830913086913
1530.296	0.987041221374
1531.316	0.708141176471
1532.906	0.823899371069
1533.911	0.784047761194
1534.946	0.952749758454
1535.956	0.530946534653
1537.176	1.29961967213
1538.186	0.552617821782
1539.226	1.03703846154
1540.228	1.28881437126
1541.237	0.476495540139
1542.367	1.22681769912
1543.371	1.63505976096
1544.386	0.313024630542
1545.398	1.39079051383
1546.407	1.42087611497
1547.408	0.285658341658
1548.41	1.01677522478
1549.437	0.559283349562
1550.438	0.994909090909
1551.487	0.268430886559
1552.497	1.21359207921
1553.507	0.437188118812
1554.587	0.808607407407
1555.607	1.29825882353
1556.617	0.441837623762
1557.828	0.732009909166
1558.837	0.332551040634
1559.847	0.834344554455
1560.867	1.01771764706
1561.878	0.340858555885
1562.927	0.874615824595
1563.937	0.541782178218
1565.217	0.31465625
1566.278	0.175351555137
1567.394	0.865268817204
1568.418	0.7374375
1569.429	0.522555885262
1570.468	0.821589990375
1571.478	0.197053465347
1572.498	0.504777232581
1573.524	0.260132553606
1574.528	0.47961752988
1575.588	0.191660377358
1576.599	0.530421364985
1577.608	0.619774033697
1578.719	0.541198919892
1579.728	0.596305252725
1580.779	0.531463368221
1581.849	0.291229906542
1582.909	0.366513207547
1583.918	0.337379583746
1584.939	0.278691478942
1586.088	0.352417754569
1587.132	0.17475862069
1588.349	0.188844700082
1589.529	0.156128813559
1590.619	0.311251376147
1591.62	0.189330669331
1592.621	0.218661338661
1593.719	0.233005464481
1594.739	0.551560784314
1595.779	0.3776
1596.809	0.425009708738
1597.87	0.28002262017
1598.89	0.56382745098
1599.998	0.526209386282
1601.0	0.770834331337
1602.06	0.917811320755
1603.07	1.08503762376
1604.071	0.862001998002
1605.16	0.870207529844
1606.161	1.17164435564
1607.181	0.875215686275
1608.401	0.941960655738
1609.42	0.826975466143
1610.59	0.638413675214
1611.831	0.141099113618
1612.832	1.08237362637
1614.02	0.890175084175
1615.021	0.732515484515
1616.101	1.00731851852
1617.361	1.45415873016
1618.461	1.16754181818
1619.481	1.58795294118
1620.491	0.224601980198
1621.501	1.0944
1622.511	0.887041584158
1623.512	1.85671128871
1624.521	0.706695738355
1625.821	1.06300307692
1626.862	1.5598309318
1628.051	1.45687468461
1629.061	1.38696237624
1630.071	0.817243564356
1631.072	1.14797202797
1632.091	0.691784102061
1633.102	0.714445103858
1634.112	0.834344554455
1635.113	0.896511488511
1636.122	2.20181565907
1637.252	1.23752212389
1638.272	1.48120784314
1639.273	1.18462337662
1640.282	1.42909018831
1641.302	1.50334117647
1642.313	1.40395647873
1643.314	1.98981818182
1644.333	0.151309126595
1645.533	1.23666
1646.535	1.35538522954
1647.553	1.64377210216
1648.583	1.27762330097
1649.593	1.3977980198
1650.613	0.793898039216
1651.834	1.76226044226
1652.853	1.66469087341
1653.873	0.3724
1654.883	1.63618217822
1655.893	1.1059960396
1656.894	0.885578421578
1658.043	0.892999129678
1659.048	0.838495522388
1660.264	1.09582236842
1661.284	1.65232941176
1662.285	1.31311088911
1663.293	1.21572222222
1664.304	1.26651632047
1665.314	0.863334653465
1666.315	1.58845954046
1667.334	0.986166830226
1668.464	0.789932743363
1669.484	0.826164705882
1670.494	1.85452673267
1671.505	1.8274975272
1672.974	1.47552893125
1674.055	1.67398334875
1675.086	1.84398836081
1676.175	1.55879522498
1677.284	1.76375834085
1678.285	2.27407792208
1679.286	1.36887112887
1680.295	1.74840039643
1681.298	2.0115333998
1682.305	1.89516583913
1683.385	2.15361481481
1684.405	2.13515294118
1685.655	1.3050432
1686.665	1.0944
1687.675	1.50615445545
1688.755	0.879237037037
1689.765	1.62534653465
1690.775	1.34937029703
1691.835	1.80989433962
1692.836	0.874645354645
1693.906	1.12716261682
1694.916	1.10523564356
1696.065	1.01980852916
1697.086	1.79005680705
1698.335	0.837213771017
1699.336	1.62902697303
1700.337	2.05853346653
1701.536	1.91017848207
1702.537	2.5474045954
1703.538	1.80656943057
1704.546	1.80453174603
1705.556	1.90214653465
1706.557	2.01593606394
1707.558	2.00075124875
1708.566	1.82107142857
1709.577	1.23192878338
1710.579	1.76629141717
1711.597	1.98884086444
1712.598	1.54701298701
1713.786	1.25991919192
1714.796	1.61451089109
1715.807	1.34969732938
1716.846	1.82677959577
1717.848	2.31549700599
1718.857	1.66437264618
1719.863	1.72951093439
1721.097	0.740162074554
1722.137	0.252553846154
1723.147	1.12690693069
1724.148	1.41558441558
1725.157	1.06939147671
1726.168	1.25831849654
1727.169	1.82475124875
1728.178	1.89285232904
1729.198	1.91938823529
1730.208	1.79493861386
1731.209	1.99180819181
1732.21	1.97776623377
1733.218	1.34473809524
1734.227	1.26001982161
1735.228	1.78208991009
1736.229	1.579996004
1737.237	1.70457142857
1738.238	1.37285914086
1739.248	1.5820039604
1740.249	1.61705494505
1741.258	1.74622001982
1742.259	1.61866133866
1743.268	1.95234886026
1744.269	1.06360839161
1745.369	1.17263272727
1746.379	2.1888
1747.389	1.43964356436
1748.399	1.86373069307
1749.409	1.17120792079
1750.619	2.03248264463
1751.62	2.32874325674
1752.629	2.49466798811
1753.639	1.55297425743
1754.64	1.20263736264
1755.659	1.718390579
1756.669	2.41634851485
1757.799	1.62298761062
1758.8	2.15381418581
1759.809	2.127135778
1760.81	2.31781018981
1761.811	1.71645954046
1762.83	1.96631992149
1763.839	1.91154013875
1764.84	2.06551048951
1765.849	2.0933518335
1766.85	1.8614025974
1767.851	1.41036563437
1768.86	1.7878691774
1769.861	1.92155044955
1770.87	1.38833696729
1771.986	1.52442293907
1773.0	1.65131360947
1774.001	1.34559040959
1775.02	2.15872816487
1776.2	0.172054237288
1777.21	2.00459405941
1778.22	1.34084752475
1779.52	1.16380923077
1780.525	1.54631641791
1781.53	1.65418507463
1782.536	1.85183300199
1783.54	1.45110756972
1784.551	1.8943620178
1785.553	1.87699001996
1786.561	1.84211111111
1787.562	2.11374225774
1788.564	1.99316566866
1789.57	1.7188389662
1790.571	1.49942057942
1791.572	2.02045154845
1792.581	1.87578989098
1793.671	1.66914495413
1794.681	1.93958019802
1795.691	1.46479207921
1796.692	1.93515284715
1797.702	1.81084356436
1798.871	1.83037125749
1799.872	1.63996003996
1800.873	1.54756443556
1801.892	2.22316781158
1802.901	1.70871754212
1803.902	2.66766833167
1804.903	2.02978621379
1805.912	1.84262438057
1806.922	1.97167524752
1807.932	1.58190891089
1808.934	2.23904191617
1809.942	1.53496825397
1810.952	1.76620990099
1811.954	1.48708982036
1812.962	2.26914285714
1813.963	1.94665334665
1814.965	1.97691017964
1815.972	1.59600397219
1816.982	1.79871683168
1817.985	0.294045862413
1818.992	1.32588679245
1820.113	1.78008206958
1821.133	0.525741176471
1822.134	2.7114005994
1823.143	2.0357740337
1824.153	2.57888316832
1825.283	0.978180530973
1826.284	1.88067932068
1827.286	1.17765269461
1828.303	1.65720353982
1829.304	1.1917042957
1830.343	1.29558421559
1831.423	0.547333333333
1832.433	1.11607128713
1833.434	1.2901018981
1834.443	1.81134588702
1835.863	0.739312676056
1836.874	0.920118694362
1837.883	1.672
1838.903	0.957356862745
1839.913	0.812673267327
1841.063	1.24922434783
1842.064	1.54156243756
1843.203	1.13534679543
1844.204	1.2573026973
1845.206	1.13620758483
1846.244	1.56124855491
1847.254	1.85934257426
1848.264	2.00459405941
1849.275	1.66587537092
1850.284	2.70074925669
1851.285	2.0126033966
1852.295	1.55788514851
1853.314	2.20168792934
1854.315	1.76022377622
1855.325	1.62534653465
1856.326	1.60716883117
1857.328	2.54486227545
1858.335	2.1518490566
1859.345	1.47889108911
1860.355	2.17796435644
1861.365	1.49531881188
1862.366	1.90877922078
1863.375	2.08250545094
1864.376	2.11008191808
1865.377	1.70908291708
1866.385	2.04114285714
1867.395	1.70895841584
1868.405	2.3404990099
1869.406	1.88172627373
1870.407	1.75871328671
1871.416	2.03911992071
1872.426	1.22225742574
1873.436	2.23214257426
1874.445	1.40293359762
1875.446	1.02770829171
1876.705	0.970954725973
1877.725	0.579388235294
1878.726	1.2573026973
1879.736	1.16611485149
1880.746	1.24288316832
1881.747	1.67275924076
1882.756	1.4090703667
1883.766	0.804063366337
1884.776	1.47666534653
1885.786	1.3977980198
1886.787	1.27535664336
1887.796	1.18466600595
1888.797	1.18730869131
1889.806	1.30669573835
1890.927	1.34502765388
1891.936	1.41002973241
1892.947	1.05787537092
1894.346	0.544794853467
1895.347	0.841846153846
1896.357	0.927081188119
1897.826	0.663134104833
1898.837	0.84434421365
1899.847	0.663659405941
1901.517	0.628047904192
1902.527	0.747659405941
1903.528	0.398577422577
1904.577	0.865395614871
1905.607	0.669390291262
1906.667	0.107916981132
1907.687	1.61441568627
1908.707	1.31323921569
1909.9	0.311899413244
1910.918	0.756251473477
1911.937	1.14091462218
1913.138	0.699084096586
1914.437	0.759125481139
1915.438	0.983976023976
1916.458	0.304219607843
1917.678	0.891304918033
1918.688	0.975207920792
1919.708	0.7484
1920.888	0.470196610169
1922.028	1.21141754386
1923.038	0.97939009901
1924.04	1.11141716567
1925.048	1.53145238095
1926.049	1.17504895105
1927.069	0.996925490196
1928.148	0.553818181818
1929.289	0.900795793164
1930.299	1.79124752475
1931.329	1.35017475728
1932.339	1.75856633663
1933.349	1.91710891089
1934.369	1.70597647059
1935.379	0.912316831683
1936.589	1.08583140496
1937.59	1.37756643357
1938.599	1.48048364718
1939.6	1.76780819181
1940.609	1.26710802775
1941.659	1.62330666667
1942.66	1.59622777223
1943.669	1.81017244797
1944.679	0.784467326733
1945.68	1.96795204795
1946.69	1.83611881188
1947.7	1.40495841584
1948.71	1.59266534653
1949.73	1.10512941176
1950.74	0.783469306931
1951.75	1.41663366337
1953.171	0.885686136524
1954.19	1.38903238469
1955.4	1.30663140496
1956.56	1.25846896552
1957.561	1.58529470529
1958.57	1.17302675917
1959.581	0.880284866469
1960.68	1.30608189263
1961.681	1.77643956044
1962.683	1.93520159681
1963.691	1.85942857143
1964.695	1.19546613546
1965.711	2.1655984252
1966.721	1.59243564356
1967.731	1.5380990099
1968.741	2.1187009901
1969.761	1.85190588235
1970.781	0.41142745098
1971.831	1.46962285714
1972.833	1.22328143713
1973.842	0.927746283449
1974.843	1.96341258741
1975.851	2.13576984127
1976.853	2.14822355289
1977.865	2.35750197628
1978.872	2.14593048659
1979.882	2.14689108911
1980.884	1.9390259481
1981.891	2.14086991063
1982.894	1.9423888335
1983.973	2.27235588508
1984.992	1.8074033366
1985.993	2.46078721279
1987.082	2.16621487603
1988.083	2.59113686314
1989.097	0.446437869822
1990.102	2.13435223881
1991.112	1.55222178218
1992.122	1.82038811881
1993.312	1.52995630252
1994.313	1.07144055944
1995.314	1.70555844156
1996.323	1.37833102081
1997.324	1.97888511489
1998.332	2.36685714286
1999.333	1.06885914086
2000.452	1.86159785523
2001.454	2.14074251497
2002.472	0.700502946955
2003.483	0.865994065282
2004.523	0.389353846154
2005.832	0.234096256684
2006.876	0.387862068966
2007.896	0.311152941176
2008.917	0.267972575906
2009.936	0.536997055937
2010.956	0.633035294118
2011.966	0.431421782178
2013.017	0.58808753568
2014.027	0.541782178218
2015.136	0.3623877367
2016.147	0.541246290801
2017.157	0.42060990099
2018.167	0.725988118812
2019.356	0.129083263246
2020.367	0.292272997033
2021.387	0.450635294118
2022.887	0.198602666667
2023.897	0.238384158416
2024.907	0.43638019802
2025.937	0.635495145631
2026.947	0.53619009901
2027.957	0.394558415842
2028.977	0.493552941176
2030.002	0.53308097561
2031.017	0.396287684729
2032.027	0.270946534653
2033.477	0.302830344828
2034.978	0.347485676216
2035.988	0.577908910891
2037.397	0.344760823279
2038.408	0.659821958457
2039.848	0.29015
2040.858	0.731897029703
2041.888	0.660326213592
2043.078	0.864692436975
2044.088	0.838304950495
2045.218	0.438612389381
2046.219	0.787180819181
2047.238	0.62515407262
2048.249	0.855192878338
2049.258	0.637137760159
2050.288	0.81706407767
2051.428	0.886624561404
2052.499	0.920014939309
2053.521	1.17562426614
2054.749	1.13489250814
2055.761	1.78943083004
2056.769	2.03028571429
2057.77	0.986373626374
2058.869	1.99690627843
2059.87	2.39434165834
2060.941	1.65581325864
2061.949	2.508
2062.959	1.40965544554
2063.989	0.680015533981
2065.0	0.519596439169
2066.019	0.302225711482
2067.02	1.23543656344
2068.03	0.653116831683
2069.04	0.660974257426
2070.06	0.225317647059
2071.39	0.230442105263
2072.4	0.260055445545
2073.42	0.1824
2074.432	0.346055335968
2075.44	0.629714285714
2076.65	0.620614876033
2077.651	0.568519480519
2078.67	1.29518351325
2079.681	0.573721068249
2080.84	0.447668679896
2081.851	0.259798219585
2082.862	0.400522255193
2083.882	0.321882352941
2085.011	0.204754650133
2086.031	0.461364705882
2087.041	0.719722772277
2088.131	0.571588990826
2089.161	0.318757281553
2090.221	0.365471698113
2091.291	0.430878504673
2092.302	0.588296735905
2093.351	0.484552907531
2094.361	0.281726732673
2095.409	0.943122137405
2096.429	0.869803921569
2097.869	0.543122222222
2098.904	0.898674396135
2099.988	0.3963099631
2101.009	0.763118511263
2102.139	1.01044955752
2103.149	0.811912871287
2104.16	0.720403560831
2105.269	0.576245266005
2106.27	1.03864135864
2107.271	1.16327672328
2108.28	1.31800198216
2109.399	0.847413762288
2110.4	1.39736263736
2111.415	1.05666206897
2112.42	0.383609950249
2113.449	0.787032069971
2114.469	0.439905882353
2115.48	0.259798219585
2116.489	0.517732408325
2117.51	0.610977473066
2118.521	0.754199802176
2119.54	0.88975858685
2120.55	0.848443564356
2121.56	1.27274455446
2122.77	1.4263338843
2123.89	0.758635714286
2124.901	0.833519287834
2126.38	0.194060851927
2127.4	0.407717647059
2128.41	0.411754455446
2129.421	0.694053412463
2130.66	0.599522195319
2131.661	1.36252547453
2132.67	1.44191873142
2133.721	0.863383444339
2134.722	1.34476723277
2135.741	1.85046516192
2136.742	1.24058341658
2137.751	1.12638255699
2138.901	1.0834226087
2139.902	1.3229010989
2140.911	1.69711793855
2142.011	0.868654545455
2143.022	1.58043916914
2144.023	1.4101978022
2145.041	1.2900589391
2146.071	0.613631067961
2147.072	1.4868971029
2148.073	1.29966833167
2149.223	1.59507478261
2150.232	1.85458077304
2151.251	1.57472031403
2152.262	1.1238694362
2153.263	1.68369230769
2154.283	1.29324705882
2155.284	1.97888511489
2156.292	1.5715
2157.432	1.17360701754
2158.443	1.20156676558
2159.472	0.7352303207
2160.533	1.61394910462
2161.653	1.19211428571
2162.662	0.447444995045
2163.673	1.20156676558
2164.684	0.465400593472
2165.692	0.684
2166.703	0.822694362018
2167.724	0.42875612145
2168.803	0.294139017609
2169.885	0.236288354898
2171.133	0.236769230769
2172.223	0.220888073394
2173.643	0.146433802817
2175.224	0.193821631879
2176.263	0.157998075072
2178.523	0.140431858407
2179.743	0.134557377049
2180.753	0.270891089109
2181.924	0.288949615713
2182.954	0.466190291262
2183.965	0.636090999011
2184.984	1.04180569185
2186.045	0.422288407163
2187.345	0.244135384615
2188.364	0.322198233562
2189.974	0.123627329193
2191.104	0.17432920354
2192.124	0.504282352941
2193.224	0.156392727273
2194.275	0.804452901998
2195.277	0.491497005988
2196.464	0.55097556866
2197.535	1.02016059757
2198.555	0.727458823529
2200.064	0.185701789264
2201.185	1.02118108831
2202.186	0.89576023976
2203.266	1.18803703704
2204.305	1.13008662175
2205.375	1.08824672897
2206.455	0.94082962963
2207.645	0.643542857143
2208.935	0.748341085271
2209.965	0.180629126214
2211.504	0.412444444444
2212.505	0.175456543457
2213.508	0.120023928215
2214.626	0.146833631485
2215.705	0.152140871177
2216.824	0.136922252011
2217.825	0.126561438561
2219.125	0.286424615385
2220.742	0.113667285096
2221.746	0.152605577689
2222.981	0.141784615385
2224.042	0.160173421301
2225.099	0.155307473983
2226.206	0.16806504065
2227.345	0.172951712028
2228.388	0.167884947267
2229.767	0.10173168963
2230.809	0.178548944338
2231.844	0.169182608696
2232.887	0.124042186002
2233.99	0.1587524932
2235.189	0.20080733945
2236.228	0.242263715111
2237.773	0.117007119741
2238.82	0.167243553009
2239.911	0.160498625115
2241.167	0.10078343949
2242.19	0.171167155425
2243.249	0.186016997167
2244.269	0.128752941176
2245.289	0.105874509804
2246.292	0.15275772682
2247.371	0.192711770158
2248.589	0.132105090312
2249.609	0.150211764706
2250.692	0.101052631579
2251.75	0.124128544423
2252.911	0.141395348837
2254.151	0.185341935484
2255.152	0.163996003996
2256.191	0.157998075072
2257.29	0.119497725205
2258.347	0.134599810785
2259.393	0.136015296367
2260.574	0.292375952583
2261.576	0.109221556886
2262.597	0.107189030362
2263.617	0.1824
2264.674	0.155307473983
2265.796	0.165818181818
2267.058	0.103087163233
2268.079	0.182221351616
2269.216	0.16363060686
2270.217	0.207728271728
2271.232	0.161733990148
2272.295	0.133840075259
2273.333	0.120323699422
2274.475	0.134164623468
2275.554	0.111569972196
2276.713	0.141639344262
2277.837	0.184996441281
2278.977	0.1152
2280.059	0.141604436229
2281.095	0.169019305019
2282.217	0.126802139037
2283.257	0.147323076923
2284.356	0.119497725205
2285.418	0.123661016949
2286.479	0.10314797361
2287.559	0.222933333333
2288.597	0.17923699422
2289.636	0.189597690087
2290.679	0.19936337488
2291.714	0.12
2292.759	0.188509090909
2293.795	0.126764478764
2294.814	0.161099116781
2295.954	0.1152
2296.972	0.11825540275
2298.012	0.1368
2299.013	0.153062937063
2300.208	0.10989790795
2301.266	0.134472589792
2302.325	0.144679886686
2303.363	0.147606936416
2304.401	0.126520231214
2305.422	0.128626836435
2306.605	0.120263736264
2307.665	0.103245283019
2308.79	0.116736
2309.948	0.132310880829
2310.967	0.139619234544
2312.13	0.150562338779
2313.168	0.189780346821
2314.347	0.129954198473
2315.547	0.12768
2316.566	0.107399411187
2317.645	0.111569972196
2318.728	0.111157894737
2319.824	0.109839416058
2320.898	0.112089385475
2321.946	0.146198473282
2323.004	0.155160680529
2324.027	0.128375366569
2325.063	0.126764478764
2326.084	0.107189030362
2327.182	0.139540983607
2328.305	0.136434550312
2329.327	0.171334637965
2330.343	0.12925984252
2331.363	0.118023529412
2332.503	0.1056
2333.524	0.128626836435
2334.545	0.17150244858
2335.625	0.1824
2336.66	0.158608695652
2337.721	0.165036757776
2338.898	0.167367884452
2340.458	0.105143589744
2341.539	0.161983348751
2342.6	0.144407163054
2343.641	0.115642651297
2344.682	0.157694524496
2345.839	0.113507346586
2347.002	0.112921754084
2348.1	0.109639344262
2349.163	0.11324929445
2350.244	0.13161147086
2351.263	0.182822374877
2352.361	0.109639344262
2353.362	0.446673326673
2354.379	0.107610619469
2355.417	0.126520231214
2356.643	0.124972267537
2357.741	0.129573770492
2358.745	0.130804780876
2359.823	0.121825602968
2360.961	0.105785588752
2361.984	0.117677419355
2363.003	0.107399411187
2364.037	0.14817794971
2365.062	0.106770731707
2366.078	0.150803149606
2367.079	0.110177822178
2368.163	0.141343173432
2369.361	0.155298831386
2370.38	0.161099116781
2371.42	0.157846153846
2372.438	0.182758349705
2373.439	0.131196803197
2374.5	0.154721960415
2375.539	0.168531280077
2376.559	0.128752941176
2377.598	0.136931665063
2379.079	0.112297096556
2380.238	0.141639344262
2381.258	0.150211764706
2382.481	0.125278822567
2383.521	0.1368
2384.582	0.10314797361
2385.623	0.105129682997
2386.723	0.10944
2387.78	0.113892147588
2388.8	0.107294117647
2389.864	0.102857142857
2390.882	0.107504911591
2392.041	0.11331147541
2393.078	0.116088717454
2394.119	0.126155619597
2395.139	0.107294117647
2396.298	0.103868852459
2397.316	0.161257367387
2398.417	0.119280653951
2399.435	0.114734774067
2400.473	0.115976878613
2401.54	0.112824742268
2402.658	0.137044722719
2403.878	0.134557377049
2404.958	0.152
2406.054	0.149781021898
2407.056	0.152910179641
2408.074	0.139756385069
2409.176	0.119172413793
2410.177	0.131196803197
2411.336	0.103868852459
2412.497	0.103689922481
2413.537	0.126276923077
2414.636	0.109539581438
2415.674	0.105433526012
2416.898	0.116235294118
2417.978	0.131733333333
2419.019	0.174870317003
2420.078	0.122190745987
2421.256	0.120774193548
2422.301	0.188509090909
2423.419	0.195778175313
2424.457	0.168693641618
2425.556	0.110638762511
2426.738	0.111106598985
2427.801	0.175021636877
2428.82	0.193318940137
2429.857	0.140243008679
2430.919	0.164881355932
2432.258	0.162025392084
2433.34	0.151719038817
2434.342	0.174754491018
2435.561	0.107255127153
2436.577	0.226204724409
2437.599	0.182043052838
2438.72	0.110836752899
2439.739	0.225538763494
2440.8	0.129236569274
2441.92	0.166114285714
2443.04	0.1368
2444.082	0.115531669866
2445.12	0.105433526012
2446.142	0.117792563601
2447.269	0.116528837622
2448.324	0.186722274882
2449.348	0.171
2450.368	0.138784313725
2451.602	0.133030794165
2452.645	0.125913710451
2453.646	0.196795204795
2454.669	0.192563049853
2456.028	0.109186166299
2457.047	0.128879293425
2458.058	0.440925816024
2459.12	0.103050847458
2460.218	0.109639344262
2461.261	0.104928092042
2462.263	0.109221556886
2463.362	0.109539581438
2464.383	0.107189030362
2465.443	0.103245283019
2466.501	0.103440453686
2467.52	0.107399411187
2468.602	0.111260628466
2469.721	0.117361930295
2470.762	0.115642651297
2471.803	0.136607108549
2472.841	0.126520231214
2473.859	0.150506876228
2475.079	0.134557377049
2476.116	0.168856316297
2477.159	0.157392138063
2478.197	0.158150289017
2479.239	0.136537428023
2480.321	0.151719038817
2481.484	0.141152192605
2482.501	0.150654867257
2483.502	0.14212987013
2484.601	0.129455868972
2485.708	0.10874796748
2486.842	0.164063492063
2487.88	0.107113680154
2488.881	0.174929070929
2489.901	0.214588235294
2490.942	0.115289145053
2492.002	0.185841509434
2493.042	0.263076923077
2494.078	0.190146718147
2495.098	0.171670588235
2496.135	0.189963355834
2497.198	0.20590780809
2498.201	0.185491525424
2499.318	0.127369740376
2500.335	0.168621435595
2501.416	0.161983348751
2502.435	0.225538763494
2503.546	0.187161116112
2504.561	0.187302463054
2505.577	0.215433070866
2506.616	0.221197305101
2507.638	0.214168297456
2508.676	0.14305973025
2509.695	0.225538763494
2510.836	0.16347063979
2511.859	0.213958944282
2513.115	0.158552988048
2514.116	0.218661338661
2515.118	0.207520958084
2516.157	0.150968238691
2517.158	0.218661338661
2518.179	0.152901077375
2519.262	0.181894736842
2520.376	0.151059245961
2521.379	0.185491525424
2522.52	0.178222611744
2523.556	0.221837837838
2524.599	0.220348993289
2525.619	0.150509803922
2526.64	0.225096963761
2527.662	0.171334637965
2528.881	0.137798195242
2529.96	0.162283595922
2531.083	0.165670525378
2532.14	0.165661305582
2533.198	0.175848771267
2534.278	0.162133333333
2535.338	0.16519245283
2536.457	0.136922252011
2537.458	0.207728271728
2538.46	0.163832335329
2539.48	0.257505882353
2540.821	0.120161073826
2541.86	0.157998075072
2542.905	0.188509090909
2543.942	0.189963355834
2544.978	0.119706563707
2546.085	0.158178861789
2547.24	0.180031168831
2548.241	0.163996003996
2549.261	0.115098039216
2550.281	0.203858823529
2551.301	0.214588235294
2552.323	0.214168297456
2553.362	0.139819056785
2554.379	0.225982300885
2555.94	0.118385650224
2556.943	0.15275772682
2558.044	0.159040871935
2559.102	0.186192816635
2560.26	0.122860103627
2561.264	0.152605577689
2562.342	0.131977736549
2563.362	0.139482352941
2564.404	0.115531669866
2565.481	0.14226183844
2566.483	0.120143712575
2567.566	0.151578947368
2568.587	0.182221351616
2569.903	0.122151975684
2570.905	0.152910179641
2572.066	0.141395348837
2573.548	0.124032388664
2574.586	0.221410404624
2575.603	0.193699115044
2576.623	0.157647058824
2577.645	0.214168297456
2578.705	0.212150943396
2579.715	0.62796039604
2580.825	0.169902702703
2581.826	0.479792207792
2582.835	0.897617443013
2583.905	1.24702803738
2584.975	1.44357383178
2586.036	1.63508388313
2587.106	1.38936074766
2588.108	1.23098602794
2589.496	0.460198990627
2590.596	0.298472727273
2591.615	0.282849852797
2592.639	0.47025
2593.646	0.423849056604
2594.656	0.838827722772
2595.657	1.12122277722
2596.658	1.50545454545
2597.666	1.33507936508
2598.668	1.5489740519
2599.676	1.50792063492
2600.686	0.846027722772
2601.696	0.682645544554
2603.006	0.565178625954
2604.016	0.812673267327
2605.196	0.742501694915
2606.197	0.612251748252
2607.636	0.742715774844
2608.647	0.617020771513
2609.676	0.959401360544
2610.686	0.996879207921
2611.687	0.529174825175
2612.697	0.791001980198
2613.807	0.855293693694
2614.817	0.801837623762
2615.827	0.621679207921
2616.837	0.701710891089
2617.847	1.03407524752
2618.848	1.33122077922
2619.857	0.947837462834
2620.858	0.96951048951
2621.867	1.14136769078
2622.878	1.33408506429
2623.879	0.920687312687
2624.898	1.11912070658
2625.927	0.559168124393
2626.938	0.443821958457
2627.967	0.862110787172
2628.978	0.681970326409
2629.98	0.489101796407
2631.118	0.930769771529
2632.128	0.953536633663
2633.138	0.623944554455
2634.148	1.65785346535
2635.158	0.241687128713
2636.168	1.17024950495
2637.368	0.814333333333
2638.369	0.743448551449
2639.558	0.791360807401
2640.559	0.448255744256
2641.608	0.981063870353
2642.619	1.21239169139
2643.628	0.630763131814
2644.639	1.59516518299
2645.738	0.631162875341
2646.739	1.39943256743
2647.749	0.543382178218
2648.759	0.994803960396
2649.76	0.655984015984
2650.769	0.477351833499
2651.77	0.972595404595
2652.919	0.571147084421
2653.984	0.493250704225
2654.999	0.954065024631
2656.0	0.721582417582
2657.16	0.476751724138
2658.619	0.694113776559
2659.62	0.940243756244
2660.639	0.623371933268
2661.669	0.584388349515
2662.69	0.26722820764
2663.72	0.499386407767
2665.519	0.683566425792
2666.52	1.09330669331
2667.53	0.443152475248
2669.47	0.466503092784
2670.49	0.772517647059
2673.041	0.107681693454
2674.111	0.439805607477
2677.91	0.122714398526
2678.921	0.313922848665
2679.96	0.155280076997
2681.031	1.03202987862
2682.161	1.4526159292
2683.291	1.34850973451
2685.011	0.431330232558
2686.041	0.531262135922
2687.411	0.283404379562
2688.421	0.682645544554
2689.943	0.309103810775
2691.091	0.196759581882
2692.391	0.303101538462
2693.401	0.42259009901
2694.412	0.335572700297
2695.829	0.100403669725
2696.849	0.118023529412
2697.93	0.101239592969
2698.973	0.104928092042
2700.053	0.101333333333
2701.087	0.179930367505
2702.093	1.003004995
2703.094	1.44523476523
2704.134	1.63546923077
2705.164	1.47011262136
2706.284	0.85745
2707.294	1.09860594059
2708.314	0.455223529412
2709.675	0.2010286554
2710.784	0.344584310189
2711.785	0.470121878122
2712.875	0.158355963303
2713.944	0.518286248831
2714.975	0.297218234724
2716.035	0.217977358491
2717.055	0.321882352941
2718.105	0.25011047619
2719.185	0.47517037037
2720.285	0.465963636364
2721.595	0.250625954198
2722.645	0.165554285714
2723.675	0.212504854369
2724.814	0.134517998244
2725.824	0.183144554455
2726.834	0.140863366337
2728.225	0.110148094896
2729.345	0.107485714286
2730.385	0.105230769231
2731.466	0.376251618871
2732.521	0.103734597156
2733.565	0.104827586207
2734.606	0.105129682997
2735.665	0.103342776204
2736.688	0.106979472141
2737.689	0.109330669331
2738.692	0.109112662014
2739.73	0.105433526012
2740.768	0.105433526012
2741.789	0.107189030362
2742.809	0.107294117647
2743.871	0.103050847458
2744.969	0.109639344262
2746.013	0.104827586207
2747.015	0.109221556886
2748.017	0.109221556886
2749.036	0.107399411187
2750.135	0.109539581438
2751.179	0.104827586207
2752.235	0.103636363636
2753.255	0.107294117647
2754.352	0.10973928897
2755.354	0.109221556886
2756.364	0.108356435644
2757.424	0.103245283019
2758.464	0.105230769231
2759.484	0.107294117647
2760.51	0.106666666667
2761.571	0.10314797361
2762.576	0.108895522388
2763.612	0.105637065637
2764.654	0.105028790787
2765.715	0.10314797361
2766.753	0.105433526012
2767.771	0.107504911591
2768.776	0.108895522388
2769.872	0.109839416058
2770.936	0.102857142857
2771.973	0.105535197686
2772.975	0.109221556886
2774.071	0.109839416058
2775.074	0.109112662014
2776.171	0.10973928897
2777.272	0.109340599455
2778.369	0.10973928897
2779.389	0.107294117647
2780.488	0.109539581438
2781.568	0.111466666667
2782.587	0.107399411187
2783.59	0.109112662014
2784.628	0.105433526012
2785.666	0.105433526012
2786.746	0.111466666667
2787.767	0.107189030362
2788.868	0.109340599455
2789.869	0.131196803197
2790.89	0.107189030362
2791.891	0.120263736264
2792.99	0.109539581438
2794.01	0.107294117647
2795.011	0.109330669331
2796.111	0.10944
2797.193	0.101146025878
2798.45	0.423357199682
2799.493	0.104928092042
2800.595	0.10924137931
2801.656	0.113462770971
2802.858	0.100153078203
2803.915	0.155307473983
2805.054	0.105692712906
2806.096	0.115531669866
2807.133	0.126642237223
2808.135	0.109221556886
2809.318	0.101761622992
2810.356	0.115976878613
2811.39	0.137593810445
2812.429	0.115865255053
2813.587	0.103958549223
2814.667	0.101333333333
2815.707	0.105230769231
2816.726	0.128879293425
2817.767	0.115642651297
2818.826	0.124011331445
2820.048	0.107469721768
2821.347	0.108126250962
2822.445	0.129573770492
2823.446	0.131196803197
2824.463	0.161415929204
2825.543	0.131733333333
2826.623	0.1216
2827.626	0.130935194417
2828.664	0.126520231214
2829.728	0.133714285714
2830.729	0.131196803197
2831.787	0.134472589792
2833.028	0.105824335214
2834.148	0.107485714286
2835.267	0.107581769437
2836.324	0.18636896878
2837.344	0.118023529412
2838.365	0.150064642507
2839.386	0.139345739471
2840.547	0.148134366925
2841.766	0.143645611157
2842.828	0.144271186441
2843.869	0.102785782901
2844.887	0.161257367387
2845.907	0.150211764706
2846.908	0.153062937063
2847.929	0.17150244858
2849.128	0.164296914095
2850.186	0.124930056711
2851.206	0.160941176471
2852.21	0.174406374502
2853.227	0.17217699115
2854.268	0.103669548511
2855.269	0.163996003996
2856.366	0.159620783956
2857.506	0.140147368421
2858.688	0.14814213198
2859.75	0.175186440678
2861.132	0.119814761216
2862.15	0.150506876228
2863.151	0.163996003996
2864.43	0.112750586396
2865.55	0.175885714286
2866.728	0.14864516129
2867.909	0.166801016088
2868.967	0.155160680529
2869.968	0.124811188811
2871.111	0.143622047244
2872.151	0.157846153846
2873.175	0.171
2874.371	0.146408026756
2875.391	0.153701960784
2876.45	0.175682719547
2877.609	0.11331147541
2878.868	0.12191898332
2879.907	0.115865255053
2880.969	0.133966101695
2881.971	0.141988023952
2882.993	0.107084148728
2884.109	0.127483870968
2885.188	0.111569972196
2886.268	0.111466666667
2887.325	0.113892147588
2888.363	0.126520231214
2889.365	0.152910179641
2890.385	0.139482352941
2891.487	0.139034482759
2892.585	0.119606557377
2893.666	0.13161147086
2894.717	0.124955280685
2895.743	0.128
2896.943	0.125733333333
2898.105	0.131855421687
2899.147	0.147040307102
2900.167	0.171105882353
2901.226	0.206685552408
2902.289	0.175021636877
2903.49	0.109135720233
2904.505	0.247992118227
2905.525	0.138674509804
2906.527	0.207520958084
2907.667	0.151466666667
2908.688	0.192940254652
2909.985	0.152838858905
2911.004	0.214798822375
2912.427	0.129950808152
2913.467	0.210461538462
2914.484	0.161415929204
2915.663	0.148519083969
2916.704	0.189233429395
2917.843	0.134517998244
2918.882	0.165482194418
2919.883	0.109330669331
2920.884	0.109330669331
2921.94	0.103636363636
2923.5	0.12458974359
2924.52	0.118023529412
2925.54	0.118023529412
2926.62	0.101333333333
2927.701	0.111363552266
2928.903	0.127467554077
2929.905	0.109221556886
2931.085	0.139118644068
2932.306	0.125484029484
2933.346	0.126276923077
2934.389	0.115420901246
2935.43	0.115642651297
2936.548	0.107677996422
2937.605	0.113892147588
2938.628	0.128375366569
2939.631	0.109112662014
2940.671	0.105230769231
2941.707	0.105637065637
2942.786	0.111569972196
2944.002	0.327710526316
2945.042	0.1368
2946.126	0.121151291513
2947.205	0.141998146432
2948.303	0.159475409836
2949.323	0.139482352941
2950.381	0.103440453686
2951.438	0.144953642384
2952.518	0.111466666667
2953.597	0.152140871177
2954.636	0.157998075072
2955.712	0.101710037175
2956.732	0.107294117647
2957.734	0.152910179641
2958.896	0.141273666093
2959.913	0.143897738446
2960.935	0.171334637965
2961.937	0.174754491018
2963.231	0.141013910355
2964.375	0.124363636364
2965.455	0.2128
2966.531	0.142394052045
2967.574	0.104928092042
2968.857	0.110890101325
2969.912	0.114108056872
2970.95	0.105433526012
2971.955	0.152453731343
2973.051	0.119824817518
2974.172	0.156203389831
2975.19	0.12900589391
2976.254	0.154285714286
2977.411	0.151343128781
2978.611	0.17328
2979.727	0.246272401434
2980.785	0.186192816635
2981.926	0.134282208589
2982.965	0.136931665063
2984.004	0.126398460058
2985.021	0.129132743363
2986.143	0.126802139037
2987.181	0.126520231214
2988.384	0.100069825436
2989.402	0.182758349705
2990.422	0.139482352941
2991.423	0.11028971029
2992.446	0.181865102639
2993.484	0.168693641618
2994.7	0.18
2995.717	0.215221238938
2996.957	0.185341935484
2998.22	0.145532858274
2999.237	0.215221238938
3000.297	0.113569811321
3001.367	0.132964485981
3002.538	0.113673783091
3006.119	0.439993297961
3007.12	1.91361438561
3008.121	2.12341258741
3009.309	1.63472053872
3010.311	2.24940518962
3011.312	2.10421578422
3012.491	2.17447328244
3013.492	2.59038561439
3014.571	2.9251455051
3015.691	3.03172857143
3016.87	2.67565733673
3017.871	3.35761838162
3018.872	2.8443956044
3019.88	2.00135714286
3020.89	1.69036039604
3021.892	1.39536926148
3023.113	1.94023914824
3024.18	1.850841612
3025.392	1.746330033
3026.394	3.64689021956
3027.531	2.71128935796
3028.532	3.31656343656
3029.592	2.69106415094
3030.593	2.94502297702
3031.594	3.25238761239
3032.609	2.32547783251
3033.629	1.67378823529
3034.634	3.01169353234
3035.655	3.38119490695
3036.853	2.73987979967
3037.855	2.92429540918
3038.862	2.80351142006
3040.072	1.93245619835
3041.073	3.00659340659
3042.093	1.38682352941
3043.095	2.61039520958
3044.103	1.39615873016
3045.104	2.18661338661
3046.141	1.10072902604
3047.142	0.798113886114
3048.155	1.57731885489
3049.162	1.51677457795
3050.172	0.474843564356
3051.182	1.45197623762
3052.192	0.499231683168
3053.222	0.89252038835
3054.292	0.818242990654
3055.355	0.778807149577
3056.822	0.907430129516
3058.022	1.01471333333
3059.032	0.552617821782
3060.034	1.19992814371
3061.042	1.34886507937
3062.043	0.620451548452
3063.053	1.39831287129
3064.054	1.3884995005
3065.112	0.120491493384
3066.123	1.56961424332
3067.153	0.522873786408
3068.154	1.02770829171
3069.203	0.661788369876
3070.213	0.650138613861
3071.372	0.103868852459
3072.393	0.786664054848
3073.543	0.97636173913
3074.563	0.7296
3075.577	0.584883629191
3076.583	1.21607952286
3077.584	1.40362037962
3078.643	0.96739565628
3079.644	1.4868971029
3080.645	1.30471928072
3081.744	0.921819836215
3082.755	1.01754302671
3083.763	0.913714285714
3084.764	1.01677522478
3085.834	0.492463551402
3087.263	1.19569489153
3088.264	1.15890509491
3089.265	0.837938061938
3090.266	1.29973226773
3091.284	0.944722986248
3092.315	1.08888457808
3093.444	0.866302922941
3094.464	1.17461960784
3095.474	0.953536633663
3096.476	0.937045908184
3097.524	1.01851145038
3098.533	1.03040634291
3099.545	0.819849802372
3100.546	1.31744255744
3101.614	0.945498127341
3102.633	1.13843375859
3104.074	0.888927133935
3105.085	0.833519287834
3106.087	1.26697005988
3107.096	0.537244796829
3108.098	1.68201197605
3109.115	0.648511307768
3110.145	0.711891262136
3111.215	0.722885981308
3112.225	0.541782178218
3113.246	0.718166503428
3114.265	0.356380765456
3115.276	0.638670623145
3116.475	0.387376146789
3117.506	0.307833171678
3118.647	1.00804206836
3119.665	0.817037328094
3120.685	0.422031372549
3121.727	0.294080614203
3122.776	0.250387035272
3124.116	0.343020895522
3125.146	0.220349514563
3126.147	0.28425974026
3127.195	0.386381679389
3128.206	0.276668644906
3129.255	0.51120686368
3130.326	0.89362464986
3131.517	1.26245507976
3132.586	1.08711693171
3133.616	0.722827184466
3134.626	1.05757623762
3135.636	1.21386138614
3136.645	0.878556987116
3137.646	0.855072927073
3138.676	0.714796116505
3139.686	0.601188118812
3140.706	0.665223529412
3141.746	0.114938461538
3142.747	0.568519480519
3144.018	0.897051140834
3145.036	0.411614931238
3146.068	0.371162790698
3147.156	0.670198529412
3148.197	1.31490769231
3149.219	0.813839530333
3150.286	0.104307403936
3151.287	0.874645354645
3152.466	0.87364206955
3153.468	0.655329341317
3154.507	0.456438883542
3155.607	1.02290181818
3156.618	0.930943620178
3157.647	1.10069582119
3158.659	0.36418972332
3159.667	1.11601587302
3160.677	0.91443960396
3161.687	1.03017029703
3163.077	0.730814388489
3164.088	1.51548961424
3165.142	0.455203036053
3166.159	0.76403539823
3167.168	0.607397423191
3168.179	0.727335311573
3169.195	1.55111811024
3170.207	0.388624505929
3171.208	1.20263736264
3172.209	1.49537662338
3173.219	1.28286732673
3174.248	0.702732750243
3175.26	1.15712252964
3176.268	1.06013492063
3177.298	0.97334368932
3178.301	1.14568295115
3179.348	0.445852913085
3180.508	1.29960689655
3181.518	0.780166336634
3182.608	0.727933944954
3183.609	0.951176823177
3184.648	1.04803079885
3185.668	0.461364705882
3186.671	1.15279760718
3187.673	1.51226347305
3188.68	1.80473485601
3189.729	0.428316491897
3190.731	2.38463073852
3191.909	1.62117487267
3193.089	1.59555254237
3194.1	1.15826706231
3195.101	1.72294905095
3196.13	0.916843537415
3197.137	2.25646871897
3198.141	2.47289243028
3199.149	1.5153968254
3200.199	2.11322666667
3201.33	1.63795579134
3202.341	1.25569139466
3203.349	1.35714285714
3204.452	0.268990027199
3205.461	1.77880673935
3206.462	2.24136663337
3207.48	0.745823182711
3208.5	0.396988235294
3209.51	0.530946534653
3210.52	0.693481188119
3211.54	0.352250980392
3212.56	0.579388235294
3213.642	0.101146025878
3215.09	0.802165745856
3216.102	0.529897233202
3217.12	0.440770137525
3218.142	0.396211350294
3219.143	0.125170829171
3220.16	0.333592920354
3221.17	0.476768316832
3222.191	0.514507345739
3223.201	0.387469306931
3224.211	0.476768316832
3225.221	0.487603960396
3226.301	0.2128
3227.411	0.108454054054
3228.431	0.396988235294
3229.44	0.32539147671
3230.46	0.3648
3231.472	0.134735177866
3232.511	0.242263715111
3233.52	0.282005946482
3234.532	0.600790513834
3235.62	0.662742647059
3236.761	0.640336546889
3237.811	0.239725714286
3239.0	0.187579478553
3240.011	0.205673590504
3241.381	0.18275620438
3242.401	0.343341176471
3243.411	0.144063366337
3244.421	0.444261386139
3245.432	0.407058358061
3246.433	0.663048951049
3247.473	0.231330769231
3248.553	0.443311111111
3249.571	0.687049115914
3250.581	0.533948514851
3251.621	0.561338461538
3252.633	0.810411067194
3253.692	0.682560906516
3254.693	0.92401998002
3255.703	0.796063366337
3256.721	0.366302554028
3257.852	0.682829354553
3259.272	0.400766197183
3260.282	1.01257821782
3261.342	0.237011320755
3262.352	0.917378217822
3263.372	0.449717647059
3264.373	0.698357642358
3265.382	1.30331813677
3266.392	0.711271287129
3267.413	0.957359451518
3268.433	0.727654901961
3269.442	0.855849355798
3270.462	0.890541176471
3271.873	0.721292700213
3273.002	0.860790079717
3274.11	1.76009386282
3275.111	1.52813586414
3276.112	2.15743456543
3277.13	1.56147740668
3278.14	0.668689108911
3279.141	1.04957442557
3280.15	0.842505450942
3281.18	0.675013592233
3282.201	0.686009794319
3283.21	1.0192111001
3284.46	0.779424
3285.462	1.2573026973
3286.48	0.369445972495
3287.481	0.327992007992
3288.531	1.68224761905
3289.681	2.31300173913
3290.741	2.98641509434
3291.86	3.30583020554
3292.866	3.12356262425
3293.883	3.15876499508
3294.891	3.06372222222
3295.951	0.864083018868
3296.971	1.0944
3297.981	1.18108514851
3298.982	0.973042957043
3300.002	0.187678431373
3301.031	0.712583090379
3302.051	0.772517647059
3303.062	0.703620178042
3304.072	0.465932673267
3305.081	0.633649157582
3306.092	0.930943620178
3307.311	0.940141099262
3308.342	0.26537342386
3309.351	0.509779980178
3310.362	0.573721068249
3311.382	0.343341176471
3312.462	0.176844444444
3313.522	0.206490566038
3314.552	0.116877669903
3316.683	0.112983575786
3317.692	0.184388503469
3318.793	0.119280653951
3319.813	0.139482352941
3320.823	0.303398019802
3321.824	0.130221778222
3322.863	0.147464870067
3323.874	0.10824925816
3324.934	0.16519245283
3325.993	0.124011331445
3327.215	0.143292962357
3328.392	0.139473237043
3329.396	0.124589641434
3330.595	0.136914095079
3331.654	0.165348441926
3332.712	0.175848771267
3333.715	0.130935194417
3334.953	0.101499192246
3336.057	0.188347826087
3337.136	0.162283595922
3338.293	0.151343128781
3339.491	0.155298831386
3340.53	0.147464870067
3341.549	0.193318940137
3342.569	0.139215686275
3343.607	0.17923699422
3344.612	0.119785074627
3345.671	0.196351274788
3346.71	0.147464870067
3347.753	0.167884947267
3348.791	0.144069364162
3349.848	0.165661305582
3351.072	0.143058823529
3352.254	0.175918781726
3353.349	0.139923287671
3354.351	0.131065868263
3355.428	0.132100278552
3356.63	0.118362728785
3357.647	0.161415929204
3358.692	0.157090909091
3359.697	0.206901492537
3360.793	0.159766423358
3361.829	0.153806949807
3362.83	0.174929070929
3363.868	0.17923699422
3364.888	0.129678431373
3365.931	0.178377756472
3366.971	0.189415384615
3367.991	0.12902745098
3369.028	0.168856316297
3370.072	0.178206896552
3371.128	0.186545454545
3372.132	0.134183266932
3373.21	0.182738404453
3374.249	0.189597690087
3375.269	0.123843137255
3376.312	0.167884947267
3377.357	0.178036363636
3378.415	0.155160680529
3379.432	0.130595870206
3380.492	0.175516981132
3381.51	0.139756385069
3382.574	0.164571428571
3383.655	0.106079555967
3384.689	0.19051450677
3385.691	0.141988023952
3386.753	0.154576271186
3387.778	0.160156097561
3388.795	0.17217699115
3389.796	0.163996003996
3390.975	0.108709075488
3392.053	0.131977736549
3393.153	0.149236363636
3394.17	0.13989380531
3395.192	0.105604696673
3396.334	0.124581436077
3397.574	0.123561290323
3398.657	0.151578947368
3399.755	0.149508196721
3400.756	0.153062937063
3401.776	0.139482352941
3402.806	0.116877669903
3403.82	0.129514792899
3404.899	0.131855421687
3405.941	0.136537428023
3407.04	0.109539581438
3408.042	0.131065868263
3409.122	0.1216
3410.123	0.120263736264
3411.244	0.126915254237
3412.245	0.153062937063
3413.325	0.133592592593
3414.443	0.107677996422
3415.567	0.107103202847
3416.646	0.111569972196
3417.845	0.100403669725
3418.864	0.107399411187
3420.009	0.114696943231
3421.086	0.121938718663
3422.207	0.117152542373
3423.268	0.123777568332
3424.426	0.103958549223
3425.505	0.101427247451
3426.526	0.117907933399
3427.547	0.214378060725
3428.746	0.108630525438
3429.749	0.229136590229
3430.803	0.207666034156
3432.007	0.121142857143
3433.008	0.207728271728
3434.045	0.200516875603
3435.447	0.178995720399
3436.688	0.176373892023
3437.727	0.210664100096
3438.887	0.181068965517
3439.966	0.172426320667
3440.97	0.23980876494
3442.186	0.162
3443.187	0.161974025974
3444.226	0.210664100096
3445.263	0.211070395371
3446.307	0.209655172414
3447.328	0.124003917728
3448.347	0.214798822375
3449.507	0.169820689655
3450.529	0.207616438356
3451.708	0.100464800679
3452.972	0.18182278481
3454.026	0.197282732448
3455.549	0.116349310571
3456.568	0.150359175662
3457.588	0.139482352941
3458.645	0.176015137181
3459.77	0.165376
3460.851	0.161983348751
3461.973	0.136556149733
3463.011	0.137063583815
3464.013	0.185676646707
3465.076	0.171687676388
3466.172	0.108080291971
3467.193	0.182221351616
3468.274	0.172107308048
3469.375	0.106158038147
3470.453	0.182738404453
3471.532	0.172426320667
3472.535	0.163668993021
3473.539	0.174406374502
3474.659	0.146571428571
3475.778	0.1858230563
3476.878	0.106516363636
3477.934	0.165818181818
3479.058	0.165523131673
3480.177	0.176042895442
3481.22	0.103279002876
3482.377	0.179719965428
3483.459	0.171948243993
3484.697	0.185641357027
3486.179	0.130251012146
3487.218	0.189597690087
3488.299	0.151859389454
3489.338	0.168531280077
3490.578	0.110574193548
3491.759	0.157534292972
3492.8	0.189233429395
3493.817	0.117600786627
3494.837	0.171670588235
3495.838	0.163996003996
3496.919	0.161983348751
3497.937	0.172007858546
3499.059	0.125918003565
3500.078	0.161099116781
3501.079	0.14212987013
3502.097	0.172007858546
3503.115	0.161257367387
3504.119	0.185306772908
3505.256	0.125129287599
3506.478	0.152248772504
3507.637	0.139575496117
3508.798	0.131968992248
3509.938	0.1536
3510.977	0.157998075072
3512.176	0.136914095079
3513.298	0.107294117647
3514.301	0.130935194417
3515.321	0.139482352941
3516.357	0.147891891892
3517.399	0.115531669866
3518.476	0.132100278552
3519.572	0.119824817518
3520.771	0.118658882402
3521.81	0.136931665063
3522.853	0.125913710451
3523.894	0.126155619597
3524.995	0.129220708447
3526.196	0.109348875937
3527.29	0.1400511883
3528.348	0.124128544423
3529.351	0.109112662014
3530.388	0.126642237223
3531.408	0.107294117647
3532.487	0.101427247451
3533.543	0.114
3534.582	0.136100096246
3535.621	0.168531280077
3536.657	0.126764478764
3537.759	0.10924137931
3538.877	0.107677996422
3539.895	0.139756385069
3540.916	0.160783545544
3541.956	0.1368
3543.021	0.133588732394
3544.143	0.107294117647
3545.164	0.107189030362
3546.207	0.146899328859
3547.228	0.128626836435
3548.645	0.112784756528
3549.708	0.133840075259
3550.848	0.1536
3551.908	0.144543396226
3552.964	0.124363636364
3554.042	0.111673469388
3555.063	0.117907933399
3556.284	0.107557739558
3557.324	0.115753846154
3558.342	0.107504911591
3559.461	0.117361930295
3560.464	0.141846460618
3561.564	0.149236363636
3562.601	0.10599807136
3563.643	0.136537428023
3564.663	0.150211764706
3565.785	0.156064171123
3566.802	0.13989380531
3567.804	0.141988023952
3568.902	0.139540983607
3569.944	0.137082533589
3570.945	0.131196803197
3571.963	0.11825540275
3573.001	0.17923699422
3574.1	0.109539581438
3575.28	0.102020338983
3576.36	0.111466666667
3577.37	0.6848
3578.371	1.30895504496
3579.46	0.972121212121
3580.47	1.35603168317
3581.66	1.16697142857
3582.661	1.33846153846
3583.662	0.957242757243
3584.672	1.04606732673
3585.68	1.53307936508
3586.77	1.79733577982
3587.861	1.9658588451
3588.862	1.98602997003
3589.863	2.17557642358
3590.871	1.57322222222
3591.91	0.446575553417
3593.19	1.18423125
3594.191	0.776247752248
3595.221	0.929436893204
3596.421	1.38224666667
3597.422	1.96019180819
3598.431	1.01497720515
3599.432	1.21328271728
3600.441	1.59013676908
3601.451	0.943524752475
3602.842	0.259634795111
3603.851	0.992388503469
3604.861	0.780245544554
3605.872	0.422172106825
3606.881	1.32325867195
3607.931	0.348121904762
3608.962	0.965959262852
3609.981	0.541605495584
3610.982	0.448255744256
3612.341	0.743711552612
3613.362	0.396599412341
3614.382	0.536470588235
3615.482	0.388014545455
3616.483	1.08712087912
3617.485	1.53338922156
3618.622	1.13259454705
3619.632	1.75047128713
3620.633	1.4558961039
3621.642	1.32167294351
3622.843	1.27391840133
3624.042	1.49320433695
3625.252	1.42431735537
3626.253	1.10423976024
3627.262	1.24622398414
3628.382	1.25942142857
3629.383	0.940243756244
3630.393	1.49543762376
3631.394	1.56452347652
3632.403	2.09477106046
3633.404	2.00015184815
3634.405	2.10813986014
3635.423	1.35745383104
3636.443	1.76727058824
3637.444	1.50876323676
3638.453	1.72333795837
3639.454	1.61345054945
3640.456	2.11233532934
3641.463	2.07474875869
3642.464	1.58789210789
3643.465	2.13809390609
3644.474	2.73328840436
3645.484	1.82380990099
3646.513	1.7973877551
3647.517	1.38435059761
3648.524	1.27761668322
3649.525	1.44316483516
3650.594	0.343730589336
3651.604	1.06294549058
3652.624	0.7296
3653.635	1.10233827893
3654.664	0.327284742468
3655.665	1.58529470529
3656.674	1.18793260654
3657.684	1.44114059406
3658.704	0.559435294118
3659.725	1.2112360431
3660.744	1.08980569185
3661.756	0.800252964427
3662.774	0.795473477407
3664.395	0.90036273905
3665.405	1.46281188119
3666.475	0.350280373832
3667.485	1.63618217822
3668.594	1.43802344454
3669.605	1.81457566766
3670.755	1.89254956522
3671.756	2.49309090909
3672.945	2.15919932717
3673.955	2.07281584158
3674.956	0.918377622378
3675.985	0.390616132167
3676.986	1.31196803197
3677.987	1.2275004995
3679.005	1.7379410609
3680.006	2.09914885115
3681.036	1.09590679612
3682.056	2.58578823529
3683.265	0.619328370554
3684.266	2.6458021978
3685.277	1.62796439169
3686.278	2.54848351648
3687.597	1.90497043215
3688.606	2.33197224975
3689.616	0.656546534653
3690.627	1.54796439169
3691.637	0.801457425743
3692.638	1.76022377622
3693.677	0.14839653513
3694.686	0.715861248761
3695.986	1.04780307692
3696.987	1.50876323676
3697.997	0.380879207921
3699.077	2.8476
3700.257	2.82835254237
3701.268	3.25578635015
3702.377	3.23800180343
3703.378	2.85661538462
3704.456	2.01136920223
3705.458	0.55702994012
3706.46	1.91137724551
3707.468	2.91298412698
3708.469	3.97255544456
3709.478	2.63745490585
3710.497	2.06450245339
3711.688	2.85524769102
3712.7	4.09309090909
3713.707	4.28656206554
3714.708	4.0999000999
3715.709	1.99971228771
3716.718	3.24306838454
3717.719	0.570093906094
3719.209	0.381938255034
3720.227	1.10730058939
3721.228	1.24636963037
3722.427	1.39394161802
3723.428	1.06050749251
3724.439	2.03508605341
3725.448	0.923266600595
3726.449	2.15381418581
3727.459	1.12576633663
3728.468	1.27987314172
3729.582	0.616797127469
3730.583	0.601318681319
3731.588	1.3176358209
3732.589	0.608959040959
3733.599	1.18607524752
3734.629	0.945646601942
3735.648	0.354418056919
3736.852	0.553833887043
3737.869	3.37897345133
3738.894	0.464499512195
3739.899	2.86395223881
3740.901	2.26504590818
3741.959	2.46737240076
3742.969	1.76620990099
3743.999	1.97662135922
3745.029	1.94926601942
3746.28	1.79157154277
3747.281	1.04957442557
3748.299	2.13647937132
3749.31	1.51548961424
3750.32	0.725988118812
3751.33	0.682645544554
3752.69	0.765770588235
3753.699	1.756432111
3754.829	0.804049557522
3755.941	1.1245323741
3756.95	3.19688404361
3758.05	2.29070545455
3759.06	2.7017980198
3760.11	1.63571809524
3761.12	0.379247524752
3762.131	1.84207319486
3763.132	2.41142857143
3764.27	2.17739894552
3765.271	1.10423976024
3766.281	2.14545742574
3767.282	1.66801198801
3768.402	2.00597142857
3769.403	2.29594405594
3770.56	0.9578980121
3771.563	2.3131884347
3772.571	3.19130952381
3773.6	1.46693100097
3774.602	0.699017964072
3775.612	1.75537425743
3776.621	1.14393657086
3777.771	2.26934956522
3778.783	2.72518577075
3779.982	2.65601334445
3780.983	3.34174625375
3782.201	2.02951067323
3783.203	1.07037125749
3784.204	2.14970629371
3785.207	0.840167497507
3786.221	0.914706114398
3787.222	1.26823576424
3788.242	2.73229019608
3789.243	3.12314885115
3790.245	2.47094610778
3791.342	2.75480036463
3792.452	3.08385585586
3793.453	2.613002997
3794.462	0.929942517344
3795.463	0.983976023976
3796.472	1.04125272547
3797.522	0.635794285714
3798.662	0.637642105263
3799.663	1.47596403596
3800.664	1.97888511489
3801.672	0.812698412698
3802.684	1.62213438735
3803.685	1.4720959041
3804.703	1.67707662083
3806.004	0.804341275942
3807.013	1.32325867195
3808.023	1.28944158416
3809.292	0.202338849488
3810.293	0.262393606394
3811.402	0.592100991885
3812.403	2.33447352647
3813.404	2.17534465534
3814.406	2.59611177645
3815.412	1.92136779324
3816.482	2.17422803738
3817.483	1.6922037962
3818.493	1.73282376238
3819.502	1.7857839445
3820.503	2.34164235764
3821.512	2.88777799802
3822.523	3.27798219585
3823.632	1.48233724076
3824.633	0.81998001998
3825.773	2.87608421053
3826.774	2.89726273726
3827.783	2.15908820614
3828.784	2.33892507493
3829.785	2.86446353646
3830.952	1.48950128535
3831.953	1.10423976024
3832.954	3.59697902098
3833.955	1.5059020979
3834.963	3.04
3836.103	2.47614035088
3837.104	1.24636963037
3838.105	3.56417982018
3839.113	2.38980952381
3840.114	2.31781018981
3841.243	1.75069619132
3842.244	0.918377622378
3843.293	2.45745662536
3844.304	1.49383976261
3845.314	2.02902970297
3846.494	1.67909830508
3847.516	1.94893150685
3848.523	0.782665342602
3849.923	1.55350285714
3850.925	1.68201197605
3851.954	0.837022351798
3852.984	0.680015533981
3853.994	1.30027722772
3854.995	1.32865534466
3856.005	1.67952475248
3857.164	0.808731665229
3858.165	0.579452547453
3859.166	1.59622777223
3860.244	0.840378478664
3861.255	1.52631454006
3862.294	0.799661212705
3863.305	1.4830148368
3864.435	0.873217699115
3865.436	0.710649350649
3866.554	1.45867620751
3867.615	1.2171460886
3868.834	0.839015586546
3869.835	0.798113886114
3870.845	0.942700990099
3871.925	0.469614814815
3872.926	0.776247752248
3873.945	1.06325417076
3874.965	0.612274509804
3875.975	1.05105742574
3877.035	0.451524528302
3878.045	1.21359207921
3879.047	0.703137724551
3880.066	0.8591952895
3881.075	0.202933597621
3882.095	0.965647058824
3883.105	0.783310891089
3884.126	1.00757688541
3885.166	0.385815384615
3886.176	1.15941386139
3887.196	0.37582745098
3888.206	0.964372277228
3889.207	0.487936063936
3890.236	1.10144995141
3891.256	0.718870588235
3892.296	0.240653846154
3893.306	1.38049108911
3894.326	1.43188235294
3895.336	0.552300990099
3896.417	0.894312673451
3897.426	1.66468979187
3898.437	0.903944609298
3899.457	0.880470588235
3900.458	0.882445554446
3901.467	1.17736372646
3902.557	0.584719266055
3903.617	1.10100377358
3904.956	0.748654219567
3905.957	1.03864135864
3906.967	0.58464950495
3908.007	0.452492307692
3909.017	0.552617821782
3910.247	0.186848780488
3911.347	0.189032727273
3912.378	0.307833171678
3913.387	0.331480673935
3914.547	0.113213793103
3915.747	0.21888
3917.801	0.111890944499
3918.82	0.23958390579
3921.104	0.134164623468
3922.19	0.962497237569
3923.191	1.3855984016
3924.361	0.925025641026
3925.37	1.19812884044
3926.381	1.84590306627
3927.5	1.33965326184
3928.501	1.81561638362
3929.52	1.44597448479
3930.521	2.09936463536
3931.541	1.36727058824
3932.562	1.10404701273
3933.581	1.58157409225
3934.583	2.03249500998
3935.591	2.0326984127
3936.592	1.78594205794
3937.71	1.18633273703
3938.711	2.16147052947
3939.712	2.19277522478
3940.721	1.92915758176
3941.922	2.15465778518
3942.931	2.68990287413
3943.932	1.64391608392
3945.081	1.4977824195
3946.101	2.38192941176
3947.111	1.05617425743
3948.112	1.57436163836
3949.12	0.825142857143
3950.121	0.635588411588
3951.132	1.1474421365
3952.141	1.217839445
3953.152	1.38559050445
3954.171	0.685173699706
3955.182	1.87271216617
3956.192	1.16811089109
3957.222	1.50532038835
3958.223	1.47596403596
3959.224	0.456487512488
3960.322	1.92281967213
3961.333	1.59126409496
3962.413	0.564355555556
3963.472	2.02844192635
3964.488	1.07716535433
3965.532	0.808183908046
3966.722	1.61115966387
3967.733	1.40724035608
3968.821	0.632889705882
3969.823	2.39195209581
3970.824	1.0360999001
3971.843	0.858692836114
3972.943	1.28160727273
3973.953	1.56033267327
3974.963	0.276554455446
3975.964	1.18077122877
3977.013	1.04075500477
3978.024	0.801044510386
3979.053	1.28775898931
3980.064	1.56961424332
3981.133	0.462817586529
3982.143	1.00771485149
3983.214	0.79770681606
3984.215	2.19754645355
3985.223	1.16127777778
3986.293	1.26632523364
3987.294	0.459188811189
3988.733	1.51640305768
3989.735	2.73053892216
3990.736	1.00561038961
3991.803	1.60611059044
3992.815	2.62785770751
3993.816	1.32512287712
3994.935	2.35735478105
3996.015	1.51166666667
3997.034	2.40178999019
3998.035	1.76022377622
3999.134	0.757299363057
4000.135	2.6458021978
4001.147	1.17014229249
4002.344	1.76101587302
4003.345	0.568519480519
4004.365	2.44630588235
4005.375	1.94354851485
4006.425	1.17717333333
4007.435	2.56804752475
4008.455	0.377709803922
4009.456	2.26314485514
4010.585	1.98325597874
4011.755	1.68412991453
4012.795	1.99541538462
4013.925	1.82526017699
4014.926	2.57316283716
4015.975	0.775816968541
4016.986	2.65930761622
4017.987	2.2965994006
4018.995	1.44646825397
4019.996	1.71649150849
4021.026	1.18899417476
4022.035	1.34495143707
4023.046	0.518314540059
4024.047	1.39943256743
4025.056	1.042703667
4026.066	1.15941386139
4027.166	0.612174545455
4028.176	1.32194851485
4029.216	0.742130769231
4030.226	0.823508910891
4031.246	1.08367058824
4032.256	0.780166336634
4033.596	0.440931343284
4034.597	0.787180819181
4035.606	0.705014866204
4036.626	0.504282352941
4037.646	0.525741176471
4038.666	0.270862745098
4039.747	0.435330249769
4040.776	0.914658892128
4041.937	0.322625322997
4043.027	0.251009174312
4044.067	0.620861538462
4045.087	0.343341176471
4046.137	0.4152
4047.237	0.248727272727
4048.307	0.45003364486
4049.557	0.5019264
4050.587	0.775642718447
4051.627	0.581646153846
4052.647	0.5472
4053.657	0.67180990099
4054.667	0.309869306931
4055.668	0.437322677323
4056.687	0.504777232581
4057.727	0.193615384615
4058.758	0.509516973812
4060.028	0.291130708661
4061.228	0.423646666667
4062.428	0.395973333333
4063.618	0.414937815126
4064.638	0.515011764706
4065.658	0.128690196078
4066.678	0.407717647059
4067.728	0.150491428571
4068.839	0.157609360936
4069.888	0.271252621544
4070.918	0.131269902913
4072.738	0.258567032967
4073.928	0.537660504202
4075.008	0.543392592593
4076.009	0.39359040959
4077.029	0.518658823529
4078.098	0.310533208606
4079.099	0.502921078921
4080.108	0.253637264618
4081.419	0.379911517925
4082.429	0.346740594059
4083.439	0.204
4084.619	0.325925423729
4085.62	0.493842157842
4086.649	0.558896015549
4087.659	0.587382178218
4088.67	0.537883283877
4089.749	0.385186283596
4090.76	0.443821958457
4091.78	0.543247058824
4092.789	0.573494549058
4093.82	0.376768186227
4095.019	0.326738949124
4096.03	0.422172106825
4097.07	0.185353846154
4098.29	0.257908196721
4099.53	0.450664516129
4100.54	0.42259009901
4101.57	0.288380582524
4102.74	0.379035897436
4103.951	0.234966143683
4105.02	0.228714686623
4106.05	0.127502912621
4107.331	0.136693208431
4108.431	0.168225454545
4109.53	0.129455868972
4110.631	0.316410535876
4111.811	0.244562711864
4112.851	0.5285
4113.881	0.61626407767
4114.921	0.143053846154
4115.991	0.163648598131
4117.001	0.119192079208
4118.05	0.144282173499
4119.06	0.195041584158
4120.091	0.233528612997
4121.101	0.161116831683
4122.131	0.318757281553
4123.211	0.391385185185
4124.641	0.283311888112
4125.661	0.422211764706
4126.671	0.569877227723
4127.851	0.365715254237
4128.881	0.23785631068
4129.891	0.520110891089
4130.892	0.31446953047
4131.911	0.678531894014
4132.923	0.247359683794
4133.962	0.88030798845
4135.031	0.516445275959
4136.062	0.883328806984
4137.091	0.99975898931
4138.092	0.914213786214
4139.102	0.807659405941
4140.112	1.05105742574
4141.122	0.284087128713
4142.132	0.530946534653
4143.142	0.650138613861
4144.143	0.378653346653
4145.162	1.10621393523
4146.393	0.454999187652
4147.402	1.00862636274
4148.412	0.92102970297
4149.413	0.590385614386
4150.453	0.548030769231
4151.473	0.418447058824
4152.493	0.472094117647
4153.503	0.420396039604
4154.523	0.536470588235
4155.573	0.531565714286
4156.593	0.197874509804
4157.623	0.47813592233
4158.643	0.590117647059
4159.693	0.138895238095
4160.793	0.576618181818
4161.813	0.515011764706
4162.823	0.661972277228
4163.844	0.576493633692
4165.013	0.470453378956
4166.033	0.289694117647
4167.213	0.272773536896
4168.224	0.378872403561
4169.293	0.225983161833
4170.574	0.153779859485
4171.654	0.308888888889
4172.674	0.289694117647
4173.916	0.13362962963
4174.964	0.334167938931
4176.024	0.192060377358
4177.044	0.343341176471
4178.094	0.250712380952
4179.124	0.403759223301
4180.334	0.17066446281
4181.444	0.118313513514
4182.475	0.148609117362
4183.494	0.289978410206
4184.504	0.2944
4185.545	0.231285302594
4186.565	0.169952941176
4187.585	0.300423529412
4188.605	0.341192156863
4189.635	0.297506796117
4190.665	0.267036893204
4191.685	0.321882352941
4192.825	0.291115789474
4193.915	0.243544954128
4195.095	0.345003389831
4196.115	0.540925490196
4197.195	0.302711111111
4198.225	0.286881553398
4199.715	0.13922147651
4200.725	0.238384158416
4201.825	0.139287272727
4202.835	0.221679207921
4203.892	0.308609271523
4204.93	0.147606936416
4205.931	0.131196803197
4206.974	0.104928092042
