0.0	2.92859724951
1.001	3.01113286713
2.02	2.82906378803
3.021	2.84713686314
4.022	3.13779020979
5.024	2.89890618762
6.03	2.82210735586
7.031	2.73780619381
8.032	2.56287712288
9.04	2.80565079365
10.041	2.71594005994
11.121	2.95300740741
12.13	3.06952626363
13.131	2.89086913087
14.14	2.98725867195
15.141	2.77060539461
16.142	3.02206593407
17.149	2.88451241311
18.15	2.62847552448
19.151	2.81433766234
20.17	3.00090284593
21.172	3.00359281437
22.18	3.03365079365
23.19	2.91928712871
24.2	2.46419009901
25.209	1.84838850347
26.21	2.07728271728
27.211	1.85222777223
28.22	2.55340336967
29.33	2.75488288288
30.34	3.07732277228
31.341	2.91273526474
32.35	2.83540931615
33.361	2.6133016815
34.38	2.72166437684
35.399	2.53908537782
36.45	2.63879733587
37.459	2.60313181368
38.469	1.41314059406
39.479	1.47364752475
40.489	1.2505980198
41.491	1.9222994012
42.499	1.18793650794
43.509	1.28944158416
44.51	1.02770829171
45.519	0.969831516353
46.52	1.67275924076
47.521	2.09275524476
48.529	2.59485714286
49.539	2.12828514851
50.54	1.68823176823
51.549	2.45128245788
52.559	2.27998415842
53.56	2.30048351648
54.57	2.22580594059
55.579	2.04996630327
56.599	1.71043137255
57.6	1.86955444555
58.619	1.42213150147
59.62	2.31781018981
60.629	2.28450793651
61.63	2.07088911089
62.639	2.27774033697
63.649	1.96575049505
64.659	1.64068118812
65.669	2.50303366337
66.68	2.08288031652
67.689	2.05446977205
68.7	2.27323442136
69.709	1.94600594648
70.828	1.78405004468
71.829	2.28501098901
72.831	1.95952894212
73.839	2.28457936508
74.859	2.39265882353
75.86	2.27861738262
76.869	2.34732210109
77.879	2.19963564356
78.881	2.15835364635
79.889	2.44736507937
80.899	2.45335445545
81.901	2.70869461078
82.909	2.38222222222
83.929	2.17179607843
85.02	2.26117690192
86.021	2.47087312687
87.029	2.21070109235
88.039	2.00909306931
89.049	2.61139009901
90.05	2.35514885115
91.058	2.38222222222
92.059	2.25675124875
93.069	2.56804752475
94.07	2.56287712288
95.071	2.37701498501
96.079	2.41479365079
97.099	2.5536
98.1	2.15835364635
99.109	1.9676987116
100.119	1.52782574257
101.128	1.07379187314
102.138	1.06639207921
103.139	1.26823576424
104.148	1.25183746283
105.158	1.44114059406
106.168	1.38696237624
107.178	1.35894653465
108.179	1.77115684316
109.189	1.56483168317
110.199	1.75537425743
111.208	1.57722893954
112.209	2.05541658342
113.218	1.8158493558
114.258	1.46707692308
115.26	1.55094610778
116.268	1.30285714286
117.288	0.605301960784
118.298	0.390083168317
119.323	0.469791219512
120.328	0.773158208955
121.602	1.93030616302
122.612	1.4303049505
123.632	1.19541960784
124.642	0.877687128713
125.652	0.92102970297
126.662	1.05105742574
127.663	0.966649350649
128.682	1.09547399411
129.692	0.715152475248
130.712	0.772517647059
131.722	0.903857425743
132.732	1.44114059406
133.733	1.4805034965
134.742	1.48595441031
135.781	1.19462560154
136.782	1.5524955045
137.783	1.49783016983
138.792	1.32776214073
139.802	1.66868910891
140.822	1.50657254902
141.832	1.69036039604
142.833	1.55703496503
143.842	1.97404162537
144.843	1.52423576424
145.862	1.38545240432
146.872	0.893021782178
147.882	1.56033267327
148.883	1.38210589411
149.892	1.57272547076
150.901	1.37749058474
151.902	1.32744055944
152.918	1.48648818898
153.932	1.24566469428
154.942	1.35445544554
155.943	1.33383416583
156.951	1.38336507937
157.961	1.61451089109
158.963	1.2933493014
159.972	1.69203567889
160.981	1.37114767096
161.991	1.56033267327
162.992	1.01038161838
164.021	0.776396501458
165.031	0.400918811881
166.041	0.335904950495
167.061	0.257505882353
168.131	0.255700934579
169.151	0.246776470588
170.181	0.20187961165
171.241	0.154867924528
172.261	0.160941176471
173.281	0.261960784314
174.291	0.682645544554
175.311	0.997835294118
176.321	0.747659405941
177.341	0.643764705882
178.381	0.414769230769
179.411	0.541887378641
180.421	0.487603960396
181.431	0.379247524752
182.441	0.281726732673
183.471	0.244380582524
184.472	0.229594405594
185.481	0.271159563925
186.491	0.346740594059
187.511	0.369254901961
188.541	0.446260194175
189.581	0.431446153846
190.591	0.455097029703
191.621	0.467510679612
192.641	0.354070588235
193.651	0.368411881188
194.747	0.323678832117
195.781	0.29635589942
196.811	0.329382524272
197.851	0.2736
198.861	0.184205940594
199.901	0.220984615385
200.94	0.242263715111
201.941	0.28425974026
202.981	0.336738461538
204.021	0.2736
205.07	0.271252621544
206.1	0.286881553398
207.12	0.219043137255
208.14	0.214588235294
209.15	0.162534653465
210.201	0.177019980971
211.25	0.146059103908
212.32	0.102280373832
213.37	0.125074285714
214.44	0.102280373832
215.48	0.105230769231
216.53	0.166765714286
217.54	0.140863366337
218.56	0.107419607843
219.65	0.110326605505
220.69	0.147323076923
221.79	0.119389090909
222.818	0.127750972763
223.848	0.286881553398
225.119	0.215263571991
226.139	0.482823529412
227.148	0.694168483647
228.158	0.867710604559
229.168	0.926445986125
230.178	1.01855049505
231.188	0.877687128713
232.199	0.692795252226
233.208	0.622747274529
234.228	0.569216879293
235.238	0.67180990099
236.256	0.860039292731
237.268	0.902071146245
238.288	0.890541176471
239.308	0.654494117647
240.309	0.710649350649
241.318	0.846017839445
242.338	1.16323137255
243.348	1.06189306931
244.358	1.26143366337
245.368	1.48448316832
246.378	0.866851485149
247.379	0.846385614386
248.388	1.48595441031
249.389	1.23543656344
250.398	0.98067789891
251.418	1.54503529412
252.448	0.722516504854
253.468	0.819890196078
254.488	0.600847058824
255.517	0.393516034985
256.547	0.329382524272
257.607	0.278762264151
258.658	0.135497142857
259.727	0.153564078578
260.777	0.166765714286
261.78	0.801052841476
262.781	2.70046753247
263.782	2.60660939061
264.783	2.20208591409
265.841	1.88691115312
266.851	2.29943310208
267.861	2.31479088206
268.87	1.52933994054
269.871	1.43677122877
270.88	1.87642418236
271.881	0.911984015984
272.89	0.997867195243
273.9	1.49531881188
274.911	1.22771117705
275.912	1.90235364635
276.92	1.94793650794
277.921	2.19115284715
279.011	2.4640587156
280.021	2.71159563925
281.022	2.57381018981
282.031	2.17377998018
283.04	2.29309018831
284.041	2.51460539461
285.052	2.45335445545
286.054	1.94867864271
287.06	2.15398807157
288.061	1.83036163836
289.07	2.28224380575
290.08	2.74141782178
291.091	1.70400791296
292.1	1.92428939544
293.101	2.5474045954
294.11	2.17380376611
295.111	2.51914485514
296.2	2.33567676768
297.201	2.32874325674
298.21	2.32562933598
299.231	2.51267384917
300.331	0.447709090909
301.34	3.0414826561
302.39	2.1973129771
303.391	2.63486913087
304.401	2.59421782178
305.41	2.11079365079
306.411	2.61754245754
307.42	2.91767690783
308.421	2.85806993007
309.422	2.72687312687
310.43	2.71879365079
311.431	2.71594005994
312.432	2.32234965035
313.44	2.29085714286
314.451	2.18030464886
315.452	2.69407392607
316.46	2.38857142857
317.461	1.68823176823
318.52	1.98847214353
319.56	2.75089230769
320.562	2.92713772455
321.57	2.44736507937
322.571	2.22395204795
323.579	2.75136507937
324.58	2.77060539461
325.595	2.15645320197
326.61	1.56790541872
327.65	2.60356923077
328.652	1.81307784431
329.732	2.23354074074
330.842	2.29148828829
331.89	2.91786259542
332.891	3.14872327672
333.9	2.48832507433
334.91	2.42565079365
335.911	1.95062537463
336.912	2.12101498501
337.92	1.64393650794
338.929	2.26689395441
339.931	2.0579001996
340.932	2.61754245754
341.95	2.54157956778
342.96	2.78925940594
343.961	2.89726273726
344.97	2.51001783944
345.971	2.73780619381
346.979	2.65365079365
348.03	2.14938915319
349.031	2.66766833167
350.032	2.59567632368
351.039	2.48239920556
352.04	2.37701498501
353.041	2.37247552448
354.049	1.67650793651
355.05	1.56342857143
356.059	1.12168087215
357.729	0.308004790419
358.73	0.863712287712
359.739	1.32325867195
360.75	0.968871287129
365.261	0.118877410774
366.264	0.556474576271
367.271	1.90910029791
368.291	0.791309803922
369.292	1.76022377622
370.301	1.24099108028
371.311	1.20275643564
372.312	1.3229010989
373.321	0.948138751239
374.331	1.20275643564
375.782	0.354492074431
376.841	0.165348441926
377.862	0.150211764706
378.867	0.59255721393
379.871	1.7113625498
380.872	1.38210589411
381.881	1.58357185332
382.891	1.38696237624
383.902	1.18675916749
384.911	1.20394846383
385.921	1.13140594059
386.922	1.44316483516
387.941	1.29953287537
388.942	1.05411388611
389.951	1.43172249752
390.961	1.36979009901
391.962	1.60716083916
392.981	1.44989205103
394.001	1.4207372549
395.011	1.63618217822
396.012	1.40397202797
397.021	1.37749058474
398.031	1.05555643564
399.032	1.63996003996
400.04	1.60050793651
401.041	1.74929070929
402.051	1.22892673267
403.061	1.61451089109
404.191	1.41802477876
405.192	2.00075124875
406.193	1.63356643357
407.201	2.204
408.202	2.08182217782
409.21	1.90450793651
410.221	2.06756083086
411.231	1.45647524752
416.07	0.187753617197
417.084	1.46783431953
418.09	1.25557057654
419.091	2.06634965035
420.1	1.5989296333
421.114	0.679700197239
422.12	2.67271641791
423.122	2.12343313373
424.13	2.21485714286
425.131	1.81942857143
426.2	2.27699906455
427.22	2.47018645731
428.221	1.96155844156
429.23	2.29309018831
430.231	2.44900699301
431.25	1.94838861629
432.251	1.96155844156
433.252	1.84768831169
434.26	1.49193650794
435.28	1.30898823529
436.31	1.00939805825
437.32	0.882186138614
438.331	1.11607128713
439.34	0.856864222002
440.341	0.863712287712
441.352	0.589040553907
442.37	0.924542239686
443.379	0.997867195243
444.381	0.655984015984
445.4	0.477016683023
446.431	0.636896217265
447.439	0.629714285714
448.46	0.439475024486
449.47	0.520110891089
452.469	0.12042414138
453.597	0.106723404255
454.601	0.261609561753
455.609	0.243365079365
456.621	0.378498023715
457.642	0.332285994123
458.659	0.430442477876
459.679	0.321882352941
460.681	0.273053892216
461.704	0.192563049853
462.706	0.196598802395
463.719	0.259285291214
464.769	0.208457142857
465.779	0.270891089109
466.899	0.219028571429
467.969	0.143192523364
468.989	0.611576470588
470.028	0.442394610202
471.038	0.509275247525
472.049	0.411347181009
473.088	0.200130895091
474.108	0.311152941176
475.138	0.361258252427
476.238	0.183214545455
477.268	0.701266019417
478.288	0.611576470588
479.468	0.139118644068
480.478	0.314233663366
481.528	0.156342857143
482.532	0.13067996012
483.548	2.4862992126
484.55	1.70385628743
485.558	1.32495238095
486.578	1.68451764706
487.588	1.2831049505
488.619	1.56191067961
489.62	1.75383016983
490.638	1.26855795678
491.648	0.67180990099
492.658	0.405417821782
493.659	0.404523476523
494.693	0.571543520309
495.698	0.402913432836
496.704	0.478664015905
497.738	0.433949709865
498.748	0.42259009901
499.828	0.328474074074
500.868	0.5472
501.877	0.412162537166
502.888	0.465471810089
503.889	0.852779220779
504.958	0.874447146866
505.969	1.25569139466
506.978	0.965328047572
507.988	1.0148990099
508.997	0.799944499504
510.008	1.24486646884
511.018	1.04022178218
512.037	0.616635917566
513.078	0.35744092219
514.118	0.220984615385
515.137	0.332938174681
516.157	0.225317647059
517.172	0.409726108374
518.177	0.947391044776
519.178	1.11971228771
520.179	2.19754645355
521.197	2.14381139489
522.198	2.35514885115
523.207	2.12589098117
524.218	1.47961149653
525.228	1.31111287129
526.229	1.23997602398
527.237	1.73714285714
528.247	1.75987326733
529.257	1.48595441031
530.267	0.801837623762
531.277	0.578788118812
532.311	0.370444874275
533.317	0.826783300199
534.318	1.52423576424
535.328	2.37300594059
536.348	1.94647843137
537.358	2.47502574257
538.367	2.78752031715
539.368	1.7756963037
540.387	1.59397055937
541.388	1.74929070929
542.397	1.78331020813
543.407	1.87642418236
544.437	1.07756116505
545.457	0.7296
546.488	0.488287099903
547.502	2.30362130178
548.522	0.761788235294
549.528	0.707117296223
550.983	0.729775945017
551.992	0.806882061447
553.003	1.0087135778
554.012	2.24970465808
555.091	2.53988507878
556.103	2.68458160237
557.104	2.33328271728
558.112	2.02393650794
559.113	2.24127872128
560.114	2.04902297702
561.122	1.70092063492
562.123	1.77937262737
563.124	2.21301898102
564.132	1.368
565.142	1.47814653465
566.143	2.83166433566
567.162	1.65841020608
568.172	1.52782574257
569.182	1.56483168317
570.204	1.38138551859
571.232	0.632529182879
572.252	0.815435294118
573.261	0.90024975223
574.312	1.28511512845
575.341	0.967836734694
576.342	0.382657342657
577.361	0.848455348381
578.362	1.5789010989
579.372	2.13462178218
580.382	1.79238019802
581.392	1.89623762376
582.402	1.61900990099
583.422	1.73189019608
584.431	1.7896531219
585.442	1.76895746785
586.452	2.02626534653
587.453	1.85222777223
588.462	2.13673736373
589.463	1.96155844156
590.472	1.9676987116
591.491	1.62173110893
592.501	1.17474851485
593.503	1.74754491018
594.528	1.52057756098
595.531	1.65851246261
596.551	0.890541176471
597.662	0.565580558056
598.672	1.01855049505
599.691	0.988074582924
600.711	0.858352941176
601.721	1.03388514851
602.741	1.63087058824
603.755	1.37517948718
604.761	1.01172166998
605.771	0.877687128713
607.031	0.716403494837
608.041	1.4303049505
609.071	0.829574344023
610.072	0.841846153846
611.081	1.76161744301
612.082	1.8084955045
613.101	1.25657311089
614.111	0.931865346535
615.191	0.814874074074
616.206	1.099791133
617.221	0.905710344828
618.273	1.06111026616
619.291	0.982758349705
620.301	1.46281188119
621.312	1.17358654797
622.321	1.50764717542
623.331	1.32194851485
624.341	0.654637623762
625.353	0.994909090909
626.361	1.28114285714
627.366	1.15881393035
628.371	1.42653134328
629.381	1.57566732673
630.391	1.64701782178
631.392	1.22904295704
632.401	1.60526461843
633.411	1.75987326733
634.421	1.69036039604
635.431	1.59733861386
636.45	1.12769381747
637.452	1.01576047904
638.461	1.30606937562
639.471	1.69036039604
640.481	1.45647524752
641.491	1.5820039604
642.501	0.585124752475
643.521	0.482823529412
644.531	0.632966336634
645.541	0.877687128713
646.551	0.84518019802
647.571	1.14177254902
648.582	2.0371009901
649.591	1.68569276511
650.593	1.85676646707
651.601	1.54622222222
652.621	1.21242352941
653.631	1.23526336634
654.641	0.687144554455
655.651	1.61451089109
656.66	1.04125272547
657.661	1.06504695305
658.662	1.33383416583
659.67	1.05765079365
660.671	1.4212987013
661.701	1.42378252427
662.71	0.969831516353
663.72	1.12802378593
664.741	1.26607058824
665.746	1.62706467662
666.751	2.57445572139
667.811	2.32730566038
668.822	2.30570919881
669.831	1.72907829534
670.84	1.47657142857
671.85	1.49045787909
672.852	1.79302297702
673.861	1.23014469772
674.87	1.76796035679
675.871	1.98342457542
676.872	1.81488911089
677.88	2.23022222222
678.961	1.59366512488
679.97	1.47510802775
680.972	0.983976023976
681.991	1.21807262022
683.0	1.93065609514
684.002	1.91782617383
685.01	1.92171428571
686.011	1.07598001998
687.02	1.60526461843
688.03	1.54316039604
689.04	1.99573439049
690.041	2.27861738262
691.051	2.5292039604
692.06	2.29309018831
693.071	1.93766172107
694.08	1.92431318137
695.17	2.43840441176
696.172	1.86768862275
697.18	1.43765079365
698.192	0.930023715415
699.2	1.41142857143
700.201	1.73196403596
701.29	2.22513131313
702.3	2.41634851485
703.311	2.25831287129
704.32	2.520864222
705.321	2.59567632368
706.322	3.05032567433
707.33	2.24107936508
708.341	2.46175272008
709.389	1.89447328244
710.391	2.68953446553
711.392	3.22979420579
712.411	2.81832384691
713.422	1.92431318137
714.439	2.3288574238
715.46	2.24464769382
716.462	3.20792807193
717.463	3.80924675325
718.471	3.4461984127
719.54	3.36645837231
720.541	3.95137662338
721.542	4.14817182817
722.543	4.46523876124
723.63	3.50198344066
724.632	3.23295808383
725.633	3.10953046953
726.71	3.23981429898
727.711	3.45938861139
728.789	2.85696474954
729.89	2.9861435059
730.901	3.1315009901
731.909	2.72965079365
732.92	2.55917705242
733.921	2.84713686314
734.922	2.92366833167
735.93	2.84892857143
737.079	2.17574238468
738.08	2.6458021978
739.081	3.15326273726
740.082	3.56871928072
741.083	3.35005794206
742.089	2.0388389662
743.099	0.899358415842
744.1	0.813586413586
745.109	1.36664420218
746.119	1.72286732673
747.121	1.98144510978
748.129	2.29536507937
749.13	2.51914485514
750.131	2.76606593407
751.139	2.54507936508
752.14	2.70500699301
753.141	2.72687312687
754.142	2.24581818182
755.15	3.08342857143
756.159	2.79202378593
757.179	1.92501960784
758.18	1.21357042957
759.181	1.58983416583
760.182	2.71594005994
761.189	2.80026216485
762.19	2.06364035964
763.199	2.21716551041
764.239	2.17212307692
765.241	2.17568031968
766.249	1.48107936508
767.33	2.67692876966
768.34	3.1779900892
769.35	2.44251881188
770.351	2.62847552448
771.359	2.75136507937
772.36	3.12046353646
773.361	2.51914485514
774.369	2.64914285714
775.379	2.31249108911
776.38	1.76476323676
777.389	2.13673736373
778.399	1.99825742574
779.4	2.14742057942
780.401	3.39379020979
781.409	3.21822222222
782.489	2.63887407407
783.49	2.9081958042
784.491	2.56285314685
785.499	2.93596031746
786.5	3.17512887113
787.509	2.84625569871
788.51	2.9674005994
789.511	3.14232967033
790.512	2.81432967033
791.519	2.79756901688
792.529	2.29715643564
793.539	2.10661386139
794.549	2.11744950495
795.55	2.51460539461
796.552	2.97536127745
797.558	2.93089463221
798.559	2.61754245754
799.56	3.72178221778
800.569	2.09785530228
801.578	1.70288206145
802.588	1.47814653465
803.589	2.02261738262
804.599	1.01221386139
805.609	1.67952475248
806.618	1.09548463826
807.619	1.13064535465
808.62	2.49727872128
809.698	2.88742115028
810.7	1.90045508982
811.718	2.0900589391
812.719	2.38340859141
813.735	1.42633070866
814.768	1.90079380445
815.769	3.31725874126
816.809	3.1192
817.818	3.35603567889
818.829	3.23032245302
819.909	2.94288148148
820.91	2.83166433566
821.911	2.49727872128
822.912	2.42074725275
823.913	3.99510889111
824.918	3.84853333333
825.919	3.21886113886
826.921	2.636750499
827.928	2.14551737835
828.938	2.02626534653
829.939	2.21301898102
830.94	2.47541258741
831.95	3.25519207921
832.959	2.49917145689
834.128	2.66265183918
835.208	3.03407407407
836.278	3.06242990654
837.279	3.29539260739
838.288	2.86344499504
839.298	2.89761584158
840.299	2.48634565435
841.309	2.78925940594
842.31	2.69407392607
843.318	2.26914285714
844.328	2.51836831683
845.329	2.97832567433
846.338	3.57296333003
847.339	3.78738061938
848.341	3.31394810379
849.418	3.41256081708
850.458	3.15380173244
851.459	3.29539260739
852.468	3.05867988107
853.479	2.53752720079
854.488	2.16293359762
855.489	2.10368831169
856.498	2.35366501487
857.508	1.92240792079
858.518	2.08494257426
859.519	2.56927072927
860.528	2.39070763132
861.529	1.98342457542
862.537	2.45371428571
863.538	1.49143656344
864.548	1.78788118812
865.549	1.78662937063
866.558	2.09785530228
867.568	2.45969108911
868.569	2.13633566434
869.638	1.59122170253
870.639	2.27407792208
871.641	1.79576846307
872.648	2.24966037736
873.658	1.35895445545
874.667	1.83303865213
875.668	1.41490509491
876.728	1.98659622642
877.749	2.24244705882
878.758	2.05446977205
879.898	1.92398596491
880.909	2.76308910891
881.918	1.93515956392
882.928	2.08494257426
883.929	2.79886513487
884.938	2.37986124876
885.949	2.32102868447
886.968	2.51760549558
888.017	2.56036606292
889.028	2.72788130564
890.037	1.95685232904
891.038	1.83036163836
892.039	2.40527472527
893.047	1.55707936508
894.048	2.55466133866
895.057	2.13404162537
896.058	2.09275524476
897.337	1.80901329163
898.338	2.6458021978
899.347	2.31478295342
900.349	2.06882235529
901.35	2.7114005994
902.357	1.84119165839
903.358	1.76476323676
904.367	1.41002973241
905.427	1.48070188679
906.437	1.57272547076
907.448	1.25569139466
908.467	1.22881256133
909.468	1.76022377622
910.477	1.34945490585
911.488	2.00261127596
912.497	1.55553617443
913.507	1.51699009901
914.527	1.02374901961
915.547	1.42701176471
916.548	1.84129470529
917.549	2.27407792208
918.557	2.11079365079
919.567	1.65785346535
920.577	1.64068118812
921.637	1.67686037736
922.647	1.90896333003
923.648	1.55703496503
924.657	1.8655777998
925.667	1.83572277228
926.681	1.75924260355
927.687	1.60368986083
928.688	2.29594405594
929.697	2.01108424182
930.698	1.89596003996
931.707	2.3211258672
932.708	2.20208591409
933.71	2.28726546906
934.727	2.39971681416
935.748	1.65516160627
936.756	1.80679365079
937.757	1.84768831169
938.758	1.7428971029
939.759	2.72233366633
940.767	2.23022222222
941.776	1.95685232904
942.777	2.50821178821
943.786	2.18012289395
944.787	2.04902297702
945.788	2.37701498501
946.797	2.53805351833
947.807	1.94407920792
948.816	1.93515956392
949.817	2.14288111888
950.827	1.96575049505
951.936	2.10605590622
952.937	2.75513286713
953.938	1.40397202797
955.156	1.9625090312
956.158	2.40527472527
957.167	2.26055104063
958.206	1.79501828681
959.207	2.25221178821
960.208	2.21301898102
961.306	1.89790892532
962.317	2.31882772277
963.326	2.11954806739
964.327	2.13648751249
965.336	2.45128245788
966.337	2.40981418581
967.346	2.18462636274
968.347	2.47087312687
969.349	2.13435528942
970.356	2.05855014896
