0.0	2.73834165834
1.002	2.40926147705
2.11	1.61949458484
3.111	1.49241958042
4.13	1.7513797841
5.239	2.0114625789
6.38	2.49207361963
7.382	2.82946906188
8.43	2.76698473282
9.579	2.89937684943
10.769	2.25402352941
11.78	2.93735311573
12.829	2.57092366412
14.019	2.77436638655
15.22	2.84428309742
16.23	2.13508118812
17.233	3.40776071785
18.349	2.97779928315
19.35	3.67689110889
20.351	3.10825174825
21.352	3.93231568432
22.359	3.06330883813
23.369	3.20598811881
24.37	3.24794405594
25.549	3.5174351145
26.699	3.40319304348
27.7	4.13444955045
28.71	3.23234851485
29.72	3.61655445545
30.721	3.38226573427
31.729	3.03068253968
32.889	3.33688275862
33.89	3.74168231768
34.891	3.2517962038
35.919	3.20561867704
36.949	3.68177864078
37.95	3.77395404595
38.961	2.97997230465
39.962	3.38872327672
40.969	3.20542601787
41.97	2.51855344655
42.979	2.96181565907
43.989	2.81280792079
44.999	2.09372673267
46.0	2.3014025974
47.009	2.83894549058
48.039	2.66350291262
49.04	3.77082117882
50.06	3.06883921569
51.061	3.27932867133
52.069	2.66038888889
53.07	2.22288111888
54.071	2.4971988012
55.072	3.4130989011
56.269	3.02788972431
57.298	3.0186122449
58.46	2.31849913941
59.469	3.59998414272
60.47	3.43626773227
61.478	1.63187301587
62.479	2.62236163836
63.559	2.59557777778
64.58	3.19550588235
65.581	3.53902097902
66.583	3.03813972056
67.598	2.63565714286
68.748	2.76404173913
69.749	3.41400999001
70.75	2.7563956044
71.751	3.58517482517
72.94	3.10053490328
73.949	3.72440832507
74.95	3.98062737263
75.959	3.01347076313
77.008	3.4141620591
78.209	3.39818817652
79.218	4.08683448959
80.219	2.83073726274
81.408	2.98167199327
82.409	4.14916283716
83.41	3.30340859141
84.411	4.0596043956
85.438	3.0946835443
86.441	3.34940777667
87.619	2.55560611205
88.629	3.77950891089
89.63	3.52627372627
90.748	2.82193733214
91.749	3.60761638362
92.75	2.40652947053
93.789	2.23026756497
94.878	2.28354820937
95.879	2.940995005
97.441	0.305326504481
98.471	2.4272
99.472	3.98468731269
100.474	4.51348651349
101.63	3.32
102.631	4.00211788212
103.641	2.62802376238
104.81	3.32405816938
105.811	3.78294505495
106.82	3.54086025768
107.821	3.39893706294
108.93	2.61724075744
109.95	3.0036627451
110.951	2.40513886114
111.952	2.7912007992
112.96	3.1093015873
113.962	3.56883832335
114.97	2.92287301587
115.981	3.3755960396
116.982	3.8438041958
117.99	4.79885714286
118.991	4.03688311688
119.992	3.22507892108
120.994	4.04137325349
122.0	4.08228230616
123.01	3.00624950495
124.18	2.8228991453
125.181	4.24559440559
126.19	4.58801982161
127.31	2.91882857143
128.311	3.15557242757
129.32	2.72469375619
130.321	2.70491908092
131.33	2.42191269841
132.331	2.27408591409
133.332	2.44268531469
134.34	3.14853968254
135.341	3.48273326673
136.509	3.52757497858
137.51	4.29361038961
138.53	2.96034509804
139.531	3.80905494505
140.532	2.8415024975
141.54	3.6620774578
142.55	2.16312079208
143.551	3.92321278721
144.552	3.89014185814
145.553	4.23768231768
146.56	3.73653280318
147.689	2.59129140833
148.69	2.6786013986
149.7	2.88198019802
150.701	3.35941658342
151.77	3.74417977528
152.785	3.89145221675
153.789	3.83578486056
154.829	3.93004615385
155.883	3.67073244782
156.89	3.55877656405
157.9	3.01122376238
158.969	2.34312441534
159.979	3.05293465347
160.98	2.66633366633
161.99	2.41030723489
163.0	3.54921980198
164.001	3.75728271728
165.002	3.95718681319
166.009	4.10875074479
167.01	3.7904975025
168.011	4.10447952048
169.012	3.86519080919
170.019	3.69153525323
171.02	3.49811788212
172.03	3.27697125867
173.039	3.13209117939
174.04	2.90324075924
175.059	2.99745632974
176.229	2.52109401709
177.23	3.52044755245
178.24	2.77392475248
179.249	2.21393855302
180.26	2.63992087043
181.36	2.69286545455
182.369	2.43074727453
183.37	2.42595804196
184.389	2.4428498528
185.39	2.50796403596
186.391	2.79404595405
187.4	3.12734985134
188.409	3.00742063492
189.41	2.78803596404
190.411	2.8534025974
191.412	2.46833966034
192.509	1.99286052871
193.529	2.20036113837
194.539	2.67776633663
195.589	2.61209142857
196.69	2.47085921889
197.829	2.33785425812
198.839	2.0371009901
199.849	1.25693465347
200.859	1.20350891089
201.872	1.92303257651
202.879	1.47950695825
203.889	1.12686732673
204.91	1.64469343781
205.911	2.16474725275
206.919	2.5723015873
207.93	2.27372502473
208.938	2.09542857143
209.939	1.21357042957
211.169	0.803193495935
212.17	1.39943256743
213.179	2.29943310208
214.189	0.907567888999
215.389	1.28732
216.399	1.78788118812
217.4	1.96387612388
218.409	2.1554172448
219.579	2.18517023097
220.58	2.89797402597
221.581	3.20304495504
222.699	2.576
223.709	3.07238019802
224.719	3.4191555996
225.869	2.6962226087
226.87	3.24375624376
227.871	3.23020979021
229.038	2.76963838903
230.069	2.77406789525
231.07	2.91912887113
232.079	2.17127452924
233.088	2.40789692765
234.189	1.64835603996
235.191	1.55094610778
236.27	1.67091751622
237.278	0.998857142857
238.279	1.24636963037
239.288	1.66516551041
240.298	1.48148118812
241.299	1.90235364635
242.308	1.83775619425
243.309	2.12101498501
244.318	1.22154212091
245.328	1.32194851485
246.329	1.1748971029
247.33	1.5196963037
248.331	1.4388011988
249.338	2.11486792453
251.621	0.926415425066
252.628	5.77212313803
253.629	2.97379420579
254.798	2.42441745081
255.799	3.01796603397
256.8	3.46813186813
257.808	3.12301587302
258.809	3.07462937063
259.889	2.09134814815
260.89	2.83166433566
262.059	2.51824807528
263.061	3.39726147705
264.062	2.94707692308
265.063	2.33201998002
266.068	3.23497711443
267.069	3.22112287712
268.118	2.13772354623
269.119	4.04523476523
270.126	2.92862760675
271.128	3.80091017964
272.129	3.73910889111
273.143	2.3189270217
275.358	0.701601805869
276.368	6.95405940594
277.369	3.37831768232
278.51	3.03932690622
279.519	3.89385133796
280.52	3.0838041958
281.521	3.53138061938
282.528	3.06162462761
283.538	3.38784158416
284.539	4.08896703297
285.54	3.46633366633
287.598	0.94660447036
288.607	6.09347869177
289.608	1.94608591409
290.618	1.11607128713
291.647	0.391245869776
292.668	0.42875612145
293.677	0.618857142857
294.687	0.801837623762
295.697	0.899358415842
296.707	1.08356435644
297.708	1.0991968032
298.728	1.64321099117
299.737	1.77880673935
301.137	0.678274285714
302.147	0.910194059406
303.151	1.79882071713
304.181	0.403759223301
305.191	0.368411881188
306.201	0.303398019802
307.241	0.336738461538
308.251	0.314233663366
309.261	0.314233663366
310.302	0.221709894332
311.533	0.186696994314
312.553	0.193129411765
313.582	0.255253644315
314.602	0.268235294118
315.652	0.270994285714
316.663	0.324747774481
317.767	0.118724637681
318.804	0.116088717454
319.84	0.105637065637
320.982	0.105415061296
322.025	0.104928092042
323.062	0.105535197686
324.383	0.115984859955
325.462	0.141998146432
326.641	0.111389312977
327.78	0.115301141352
328.801	0.107294117647
329.842	0.126155619597
331.019	0.139473237043
332.053	0.222266924565
333.134	0.182231267345
334.154	0.1824
335.174	0.160941176471
336.235	0.154721960415
337.273	0.158150289017
338.316	0.157392138063
339.373	0.155307473983
340.393	0.150211764706
341.455	0.154721960415
342.493	0.158150289017
343.555	0.154576271186
344.556	0.163996003996
345.605	0.657510009533
346.763	0.122860103627
347.775	0.151399209486
348.796	0.160783545544
349.838	0.115531669866
350.955	0.107774395703
352.072	0.715459265891
353.09	0.129257367387
354.172	0.101146025878
355.227	0.134854976303
356.229	0.109221556886
357.385	0.180096885813
358.423	0.147606936416
359.483	0.144543396226
360.503	0.150211764706
361.541	0.158150289017
362.604	0.144135465663
363.642	0.158150289017
364.662	0.150211764706
365.663	0.153062937063
366.664	0.120263736264
