0.0	3.0226013986
1.059	2.23176581681
2.06	1.59173626374
3.139	1.24253568119
4.141	2.66861938062
5.15	2.29955203171
6.151	2.22866733267
7.152	3.37106093906
8.21	3.38216257089
9.229	3.24778802748
10.23	3.24812787213
11.233	3.14280358923
12.234	4.40786413586
13.239	3.23062288557
14.24	3.15017782218
15.289	3.38396186845
16.3	4.21825519288
17.31	3.38382574257
18.35	3.33895384615
19.37	4.17021960784
20.371	3.36593006993
21.373	3.25342914172
22.389	3.30770866142
23.399	3.61839207921
24.579	3.32594576271
25.649	3.82692336449
26.988	1.54870799104
27.989	2.79561238761
29.019	2.78368932039
30.198	3.09969126378
31.209	3.80462116716
32.21	2.76267732268
33.308	3.15016955333
34.314	3.80644135189
35.315	2.7672967033
36.349	3.18066537718
37.35	4.5174025974
38.359	2.94541269841
39.371	3.68713043478
40.389	2.89233005894
41.399	3.67688712871
42.4	4.15006593407
43.469	3.56320599251
44.548	3.37354587581
45.728	3.52166101695
46.729	4.24632167832
47.73	3.181002997
48.909	2.61447328244
49.911	3.2617245509
51.038	3.50822360248
52.039	4.16037562438
53.05	2.61577843719
54.059	2.33287611497
55.06	3.595996004
56.069	3.63252329039
57.318	2.41490472378
58.319	2.2725034965
59.388	3.05226566885
60.389	3.63881718282
61.39	3.82328071928
62.391	3.07761838162
63.498	3.22284372177
64.668	3.38447179487
65.679	3.44357665678
66.788	3.88007935077
67.8	4.27800790514
68.802	4.35549250749
69.869	3.41151640112
70.878	3.34695738355
72.029	3.53744569939
73.03	3.91257542458
74.031	3.23076923077
75.069	3.27730250482
76.228	3.5580672994
77.23	4.62724151697
78.238	3.13561111111
79.399	4.07604478898
80.4	4.12141458541
81.401	3.10589410589
82.409	4.14529365079
83.41	3.28258141858
84.807	2.99478310666
85.808	3.19371028971
86.809	3.18957842158
87.81	4.27732267732
88.828	3.89764243615
89.829	3.75043356643
90.837	2.86738095238
91.839	3.55200798403
92.841	4.50442357642
93.858	3.19907177974
94.859	3.18768431568
95.867	2.83992063492
96.869	2.61966467066
97.887	2.57444400786
98.977	2.59100917431
100.238	2.43159397304
101.247	3.22467460317
102.248	3.84248551449
103.408	3.46482758621
104.409	4.0763956044
105.468	2.89291784703
106.469	2.91146453546
107.47	4.55234365634
108.478	2.9050952381
109.479	3.8199000999
110.48	3.61367432567
112.388	1.21471403611
113.417	6.19241205053
114.427	2.41634851485
115.43	2.4682113659
116.45	2.40098823529
117.457	2.94538232373
118.468	3.30434817013
119.588	3.35590714286
120.589	4.01014185814
121.59	4.22372827173
122.598	4.31221428571
123.608	3.75490693069
124.618	3.48502970297
125.628	2.71116039604
126.629	2.76035964036
127.63	3.46579020979
128.637	3.67794240318
129.798	3.13471145564
130.809	3.07450049456
131.818	3.4506481665
132.828	3.37766336634
133.937	2.92013706041
134.938	3.57946053946
135.939	3.73801398601
136.947	3.68015873016
137.957	1.40462574257
138.958	2.68953446553
139.967	2.43869177403
140.969	2.66297804391
142.088	2.58785344057
143.089	3.71146453546
144.277	3.70623569024
145.28	4.47132067932
146.288	4.21551587302
147.457	3.60792472198
148.458	4.01147652348
149.459	4.27367032967
150.467	3.92452380952
151.507	3.38340769231
152.508	4.01743056943
153.517	3.38102675917
154.657	3.57891929825
155.707	3.5206552381
156.797	3.90796694215
157.817	2.57143529412
158.818	4.98547852148
159.827	4.29458870168
161.028	3.57901082431
162.03	4.24237125749
163.031	4.29158041958
164.036	4.37403383085
165.156	3.58692857143
166.157	4.45815784216
167.158	4.6087992008
168.159	4.38519080919
169.177	3.58555599214
170.178	3.76483516484
171.186	3.0941984127
172.187	4.12385214785
173.188	2.94734065934
174.196	2.57196825397
175.318	2.14247279215
176.326	2.36026190476
177.327	2.84871128871
178.328	3.31633966034
179.467	2.80574539069
180.477	3.06636039604
181.487	2.58143904856
182.79	0.703772831926
183.8	1.85120792079
184.82	1.41537254902
185.821	2.03355044955
186.83	1.98354806739
187.831	2.06772427572
188.85	2.05789990186
189.853	2.21036091725
190.87	2.58602163225
191.871	2.940995005
192.872	2.6246953047
193.879	2.7060734856
194.95	2.33429691877
196.03	2.51228148148
197.14	3.16533333333
198.141	3.61884515485
199.15	2.92061843409
200.151	2.78437562438
201.16	2.44210109019
202.28	1.67704285714
203.42	1.80213333333
204.639	1.69111074651
205.649	2.39519207921
206.65	2.65744655345
207.651	2.97345054945
208.652	1.5644035964
209.653	2.48252547453
210.66	2.50553326713
211.67	1.95295841584
212.729	1.8886496695
213.739	2.3489395441
214.759	1.42701176471
215.76	1.05714285714
216.769	1.96811100099
217.77	2.7077002997
218.779	2.18961904762
219.78	2.76606593407
220.781	2.27775424575
221.79	2.33397026759
222.791	3.31271928072
223.799	2.60645084409
224.8	2.70856343656
225.809	2.15325272547
226.81	2.24127872128
227.819	1.64564519326
228.889	1.79435514019
230.119	0.631726829268
231.159	2.56365384615
232.169	1.83122376238
233.179	1.66286732673
234.189	0.975207920792
235.219	0.88827961165
236.22	1.84768831169
237.23	1.45844752475
238.231	1.87144055944
239.239	2.36685714286
240.379	1.63454258121
241.389	1.90707326733
242.39	2.55833766234
243.414	1.80259375
244.419	1.84364577114
245.449	1.84038095238
246.459	2.54889990089
247.46	2.33109290709
248.468	2.12415873016
249.469	2.23278321678
250.475	2.59171343284
251.478	0.495186440678
252.479	1.23543656344
253.494	1.44390147783
254.509	1.96430769231
255.518	0.912825396825
256.529	0.974243323442
257.538	1.09548463826
258.549	0.801511374876
259.558	1.1605629336
260.758	1.07211333333
261.768	1.53866138614
262.848	1.13797037037
263.85	1.2901018981
264.858	1.07485714286
265.868	0.85764122894
267.07	1.32586356073
268.078	1.63942857143
269.088	1.1367049505
270.109	1.479208619
271.118	1.33410505451
272.119	1.12421178821
273.128	1.12802378593
274.129	1.03864135864
275.133	2.66698007968
276.143	1.15941386139
277.145	0.808239520958
278.164	0.923634936212
279.173	0.856864222002
280.183	0.607397423191
281.203	0.528737254902
282.213	0.877687128713
283.223	0.67180990099
284.243	0.815435294118
285.253	1.33747472745
286.263	1.66868910891
287.273	1.10747722772
288.283	1.7337029703
289.284	2.08557842158
290.293	1.98439840637
291.303	1.98292277228
292.305	1.72273053892
293.313	2.09917460317
294.433	1.38379285714
295.443	1.14971655104
296.585	1.16
297.593	1.59758490566
298.603	0.650138613861
299.613	0.738930693069
300.633	0.890541176471
301.643	0.642859405941
302.644	1.24636963037
303.773	1.03816474756
304.783	0.975207920792
305.803	0.836894117647
306.804	1.00777622378
307.823	1.08473405299
308.833	1.03782970297
309.843	1.5494970297
310.844	1.72742457542
311.853	1.84451587302
312.863	2.00459405941
313.864	0.889934065934
314.872	0.640571428571
315.903	0.467057225994
316.932	0.393516034985
317.933	0.874645354645
318.943	0.856015841584
319.944	0.718337662338
320.963	1.05251422964
321.982	0.634278978389
322.983	0.415832167832
323.993	0.59596039604
325.012	0.397377821394
326.022	0.476768316832
327.053	0.307865612648
328.092	0.26333012512
329.093	0.240527472527
330.133	0.294646153846
331.173	0.357784615385
332.233	0.237464150943
333.262	0.191440233236
334.302	0.242030769231
335.505	0.108954280964
336.533	0.283505355404
337.562	0.233982507289
338.572	0.400918811881
339.582	0.292562376238
340.602	0.257505882353
341.639	0.306052073288
342.777	0.115402460457
343.815	0.126520231214
344.894	0.111569972196
346.121	0.107031784841
347.206	0.393977859779
348.324	0.107677996422
349.341	0.107610619469
350.38	0.105332050048
351.478	0.139540983607
352.595	0.117572068039
353.616	0.128626836435
354.896	0.24795
355.933	0.22162391514
356.945	0.422172106825
357.964	0.373550539745
358.973	0.802632309217
359.994	0.771761018609
360.995	0.852203796204
361.996	1.07144055944
362.997	1.75502097902
364.164	2.01624678663
365.165	2.24127872128
366.174	1.53155203171
367.175	2.24127872128
368.214	1.49571511068
369.363	1.45152306353
370.373	1.44114059406
371.383	1.52933994054
372.394	1.85106231454
373.404	1.82038811881
374.414	1.4524039604
375.415	1.93515284715
376.434	2.10502845927
377.444	1.89623762376
383.624	0.189523624595
384.634	5.26612277228
385.654	0.708141176471
386.655	1.47596403596
387.673	1.14387426326
388.674	0.557586413586
389.683	1.10633102081
390.703	0.912
391.713	0.67180990099
392.723	0.606796039604
393.903	1.16770847458
394.904	2.32874325674
395.921	1.63568141593
396.924	1.76839880359
397.925	2.50367232767
399.124	1.9208206839
400.133	1.83303865213
401.145	1.52480632411
402.153	1.54171428571
403.154	1.55984815185
404.155	2.17568031968
405.165	1.3977980198
406.173	1.0560952381
407.184	1.33278415842
408.186	1.85676646707
409.226	4.49911538462
410.238	0.681970326409
411.305	0.615407685098
412.315	1.14971655104
413.318	0.567385842473
414.364	0.512673040153
415.686	0.413918305598
418.387	0.12584376157
419.389	0.699017964072
420.402	1.52330108588
421.65	0.543692307692
422.659	0.618243805748
424.01	0.259221317543
425.314	0.100515337423
426.419	0.700007246377
427.54	0.175728813559
428.589	0.865921830315
429.599	0.563453465347
430.601	1.4417245509
431.749	1.45115679443
432.759	1.32194851485
433.769	0.964372277228
434.789	1.07294117647
435.809	0.429176470588
436.829	0.751058823529
437.839	0.537132673267
438.869	0.680015533981
439.889	0.954917647059
440.919	0.34000776699
441.92	0.830913086913
443.019	0.199162875341
444.039	0.300423529412
445.049	0.628467326733
446.059	0.866851485149
447.129	0.294826168224
448.14	1.1238694362
449.144	2.93220717131
450.149	2.45014925373
451.15	1.59641158841
452.159	2.46212884044
453.179	1.86691764706
454.199	0.890541176471
455.269	0.725114018692
456.289	0.805495583906
457.299	1.01855049505
458.32	0.750323212537
459.34	0.407717647059
460.349	1.99573439049
461.35	2.25221178821
462.969	0.77887584929
463.979	0.769330693069
464.999	0.761788235294
466.019	1.13731764706
467.029	1.79871683168
468.059	1.10502524272
469.069	0.715152475248
470.087	0.569776031434
471.091	0.861131474104
472.119	0.468420233463
473.129	0.433425742574
474.139	0.541782178218
475.149	0.390083168317
476.249	0.119389090909
477.26	0.530421364985
478.27	0.791001980198
479.288	2.37650294695
480.317	0.287160349854
481.336	2.41648675172
482.367	0.758828322017
483.397	0.27625631068
484.406	0.282005946482
485.417	0.497946587537
486.425	0.770857142857
487.437	0.76781027668
488.447	0.725988118812
489.456	0.560325074331
490.457	0.885578421578
491.466	0.911096134787
492.477	0.833519287834
493.484	0.614220456802
494.486	0.732515484515
495.496	0.509275247525
496.506	0.660974257426
497.516	0.474788118812
498.526	0.24921980198
499.576	0.177188571429
500.617	0.178720461095
501.627	0.693481188119
502.817	0.984275630252
503.837	1.39482352941
504.847	1.04918811881
505.867	0.804705882353
506.947	0.253568118628
507.949	0.109221556886
508.96	0.581412462908
510.041	1.16691211841
511.042	1.77800599401
512.07	1.22929182879
513.071	1.37278721279
514.219	1.24000696864
515.22	1.09414585415
516.229	1.01802180377
517.24	1.50206132542
518.251	1.6465980198
519.26	1.20631912785
520.262	1.8878243513
521.299	1.11188428158
522.398	0.497907188353
523.54	0.828833625219
524.549	1.13490584737
525.749	1.16795333333
526.76	1.0944
527.779	0.829063788027
528.929	1.05941565217
530.139	1.27246942149
531.149	1.39268118812
532.219	1.2241046729
533.229	1.14857821782
534.239	0.350328712871
535.38	0.90862751972
536.389	1.51965906838
537.399	1.45197623762
538.409	1.11632475248
539.42	0.785234421365
540.429	1.10633102081
541.449	0.738964705882
542.459	1.30156590684
543.5	0.511469740634
544.659	1.16144262295
545.669	0.697861386139
546.679	1.2460990099
547.689	0.93017029703
548.69	1.73835764236
549.709	0.958838076546
550.719	1.19192079208
551.729	1.09908118812
552.749	1.17628263003
553.769	1.17881568627
554.789	1.81327058824
555.799	1.51519207921
556.809	1.28494257426
557.823	1.45847976308
558.829	0.951522862823
559.839	0.736823762376
560.848	0.423008919722
561.859	0.368047477745
562.999	0.310124670764
564.0	1.10423976024
565.008	0.897825396825
566.029	1.25411165524
567.03	0.927360639361
568.039	1.08822200198
569.109	1.24132336449
570.118	1.05209910803
571.119	0.530085914086
572.129	0.812673267327
573.279	0.858590078329
574.289	0.910194059406
575.309	1.18023529412
576.319	1.17299009901
577.329	1.14857821782
578.338	0.90396031746
579.358	0.643764705882
580.362	0.87203187251
581.369	0.847698113208
582.388	0.790319921492
583.639	0.6103744
584.648	0.423008919722
585.679	0.392752667313
586.688	0.292852329039
587.698	0.216712871287
588.718	0.246776470588
591.248	0.666156521739
592.249	0.360791208791
593.25	0.547516483516
594.32	1.49117009346
595.349	1.83640816327
596.35	1.49657542458
597.351	1.68414785215
598.369	1.55701375246
599.49	1.45418733274
600.5	1.92998811881
601.651	1.88207819288
602.699	2.30922636103
603.7	2.11215984016
604.859	1.69176186368
605.86	2.33772627373
606.949	1.57291176471
607.95	2.02952247752
609.059	1.33493237151
610.06	1.89092507493
611.08	1.66155294118
612.259	1.72034634975
613.319	1.87326792453
614.469	1.43396173913
615.479	1.69942178218
616.48	1.29498501499
617.759	1.09444253323
618.959	1.48344666667
619.96	1.95298301698
620.961	2.07064935065
622.089	1.73280141844
623.26	1.83884543126
624.449	1.92069974769
625.45	2.02218581419
626.549	1.24602729754
627.55	1.45696703297
628.659	1.18832100992
629.669	1.76073663366
630.67	1.46846753247
631.672	1.4769500998
632.673	1.50549450549
633.678	1.27879800995
634.868	0.853391596639
636.079	0.840422791082
637.08	0.710649350649
638.103	0.966497064579
639.118	1.13991724138
640.128	0.556514851485
641.268	0.898070175439
642.269	0.968623376623
643.308	0.426312138728
644.348	0.958815384615
645.349	1.41514485514
646.359	1.37085940594
647.368	1.19531417245
648.37	1.04108691309
649.409	1.62854282964
650.606	1.47520802005
651.729	1.56842030276
652.738	1.70163726462
653.768	0.551332038835
654.779	0.786943620178
655.789	1.31717227723
656.848	1.48294617564
657.928	1.48055555556
658.939	1.45701386139
660.029	1.10438899083
661.038	1.41783151635
662.058	0.965811764706
663.209	1.47524587315
664.228	1.90206084396
665.248	2.05630588235
666.249	1.91771428571
667.251	1.53165668663
668.259	1.4163968254
669.268	1.40704761905
670.278	1.45767920792
671.428	0.703450434783
672.609	1.33383911939
673.678	1.32318802619
674.679	1.71267132867
675.708	1.38032264334
676.71	1.84788023952
677.928	1.69700492611
678.947	1.21030029441
679.948	1.31673926074
681.118	1.19107692308
682.128	1.42829306931
683.318	1.14512268908
684.328	0.967722772277
685.348	1.07323137255
686.358	1.25832871287
687.552	1.39792294807
688.558	1.79171371769
689.578	1.02388976378
690.586	1.10352380952
691.589	1.10824327019
692.59	1.36046353646
693.599	1.44437661051
694.659	0.751954674221
695.669	0.661520792079
696.677	0.925785714286
697.728	0.704974310181
698.832	0.118724637681
700.058	1.14546166395
701.078	0.48857254902
702.08	1.52389620758
703.088	1.28082539683
704.09	1.46336926148
705.108	1.59218074656
706.109	1.20664135864
707.167	1.44914177694
708.169	1.65442714571
709.248	1.08138646895
710.268	1.25410196078
711.287	1.20927968597
712.398	1.04471647165
713.518	1.19680714286
714.528	1.36436435644
715.539	1.20154302671
716.678	0.811532923617
717.717	0.987049085659
718.718	1.31702697303
719.728	1.35947722772
720.737	1.30595044599
721.738	1.22355244755
722.747	1.25358176412
723.757	1.01762376238
724.758	1.31764235764
725.907	0.989514360313
726.909	1.59194411178
727.927	1.61853045187
729.098	1.27023740393
730.107	1.54353221011
731.127	1.08318431373
732.137	1.31695841584
733.147	1.40892673267
734.148	1.48477122877
735.317	1.44423609923
736.318	1.66457542458
737.319	1.15527672328
738.507	1.35004713805
739.517	1.38418217822
740.658	1.23864680105
741.667	1.43311000991
742.717	1.15920761905
743.718	1.60698501499
744.727	1.25501684836
745.728	1.37269130869
746.887	1.45051251079
747.888	1.64823976024
748.959	1.06007096172
749.987	1.47964980545
750.988	2.05396203796
752.097	1.66242019838
753.197	1.74850909091
754.247	1.7016152381
755.248	1.4406953047
756.417	1.23986997434
757.567	1.35633391304
758.585	1.35412180747
759.726	1.08314110429
760.727	1.03203996004
761.776	1.16128884652
762.777	1.64317282717
763.927	1.38624695652
764.929	2.29920958084
765.936	1.31772790467
766.937	1.35037762238
767.967	1.37662912621
768.968	1.75159240759
770.137	1.48785628743
771.296	1.67827437446
772.457	1.43890439276
773.627	1.29528888889
774.827	1.55632666667
775.947	1.45252857143
776.948	1.29274725275
777.966	1.14943811395
778.997	1.33392822502
780.017	1.36114509804
781.018	1.4386013986
782.106	1.23527941176
783.286	1.57991864407
784.287	1.76711288711
785.289	1.72255489022
786.301	1.6288458498
787.307	1.64978926441
788.308	1.55301498501
789.32	1.86555731225
790.326	1.61415506958
791.328	1.57842714571
792.338	1.33061645193
793.377	1.31436381136
794.386	1.45393062438
795.387	1.28953446553
796.407	1.05308235294
797.409	1.50767632368
798.417	1.55965873016
799.456	1.40823099134
800.646	1.8112605042
801.651	1.83051144279
802.656	1.83623482587
803.686	1.85795728155
804.688	1.9744510978
805.697	1.34422993062
806.698	1.86247352647
807.736	1.7621194605
808.737	2.08274925075
809.867	1.84723539823
810.868	1.88528271728
811.869	1.91734665335
812.871	1.65508183633
813.966	1.52103013699
814.967	2.02757242757
816.096	1.59272984942
817.097	1.96862337662
818.098	2.19608391608
819.277	1.54644274809
820.336	1.82359962229
821.346	1.37655500496
822.347	1.79215184815
823.457	1.98069189189
824.458	2.36497102897
825.546	1.52122058824
826.547	1.9756963037
827.548	1.69338661339
828.587	1.32333397498
829.656	1.5059756782
830.766	0.984281081081
831.776	1.56227326733
832.786	1.72579009901
833.906	1.59031428571
834.946	1.55491538462
835.957	1.41449653808
836.958	1.47993606394
837.959	1.48134265734
839.136	1.41829056924
840.226	1.46459449541
841.307	1.67461979648
842.377	1.74417196262
843.446	1.5856329588
844.477	1.58916779825
845.585	1.92926353791
846.587	1.51775648703
847.595	1.57119047619
848.596	1.49855744256
849.597	1.73588811189
850.605	1.21588095238
851.766	1.61766063738
852.966	1.63233333333
853.967	1.46414385614
854.976	1.77688800793
856.005	1.69264917396
857.095	1.60991559633
858.306	1.5681255161
859.485	1.63770653096
860.487	1.79068263473
861.685	1.4805409015
862.686	1.82344055944
863.725	1.55922157996
864.727	1.36019161677
865.745	1.7338388998
866.746	1.54500699301
867.845	2.08591082803
868.905	1.37019074599
870.115	1.33228429752
871.215	1.68997090909
872.216	1.9238041958
873.217	1.9030969031
874.237	1.21141960784
875.297	1.68951698113
876.366	1.71142322097
877.376	1.66071754212
878.436	1.30106415094
879.438	1.62792015968
880.605	1.55531105398
881.606	2.21802197802
882.607	1.54772427572
883.608	1.49481718282
884.785	1.54213763806
885.786	1.39090509491
886.787	1.65094105894
887.996	1.326127378
889.015	1.54861629048
890.065	1.42507428571
891.276	1.6147580512
892.278	1.82279441118
893.325	1.7748156638
894.366	1.62958693564
895.564	1.76616360601
896.567	1.77746759721
897.685	0.910361359571
898.686	1.55793806194
899.755	1.65416651076
900.756	1.13848551449
901.805	1.24732888465
903.006	1.45219650291
904.165	1.41539257981
905.305	1.52636491228
906.326	1.9508403526
907.335	1.92987908821
908.386	1.51528829686
909.387	2.69034965035
910.388	1.99947252747
911.389	2.0845954046
912.526	1.62294459103
913.527	2.01816583417
914.605	1.55771428571
915.607	1.67612774451
916.645	1.73630828516
917.655	1.59526336634
918.665	1.48115643564
919.675	1.37365544554
920.685	1.46301782178
921.775	1.17387155963
922.915	1.13014736842
923.916	1.22451148851
924.925	1.71180178394
926.065	1.29442105263
927.066	1.62913086913
928.144	1.42178107607
929.224	1.55646666667
930.294	1.50775327103
931.304	1.60455445545
932.405	1.53846321526
933.555	1.37010086957
934.556	1.72917482517
935.565	1.84070634921
936.585	1.32363921569
937.715	1.17175221239
938.804	1.25692561983
939.915	1.26632583258
941.1	1.18408101266
942.164	1.48161053622
943.294	2.05859823009
944.295	2.11053746254
945.305	2.03611089109
946.314	1.55780376611
947.324	1.54472079208
948.395	1.9858898226
949.504	1.76002885482
950.664	1.75922068966
951.794	1.60350442478
952.974	1.79091525424
954.064	1.42689174312
955.085	1.54717335945
956.086	1.09562437562
957.095	1.51502874133
958.156	1.24933459001
959.254	1.39087795993
960.255	1.49060539461
961.284	1.39744217687
962.295	1.43310781405
963.404	1.66458431019
964.405	2.01496103896
965.494	1.15058218549
966.504	1.65779980178
967.554	1.64281142857
968.596	1.68420729367
969.685	1.60678787879
970.696	1.61577843719
971.697	1.65483316683
972.734	1.02131533269
973.914	1.68957966102
974.915	1.37225174825
976.004	1.31061891644
977.105	1.29211262489
978.114	1.43344301288
979.244	1.33423716814
980.394	1.58834782609
981.565	1.35358497011
982.694	1.48860938884
983.804	1.54516036036
984.817	1.46132806324
985.864	1.41793314231
987.034	1.57950769231
988.035	1.71677122877
989.204	1.77426860565
990.234	1.43749902913
991.235	1.57846153846
992.316	1.31804444444
993.324	2.05138095238
994.334	1.73268910891
995.504	1.3657982906
996.644	1.36929824561
997.645	1.57752647353
998.693	1.23033587786
999.695	1.81378043912
1000.696	1.30481518482
1001.704	1.58670634921
1002.804	1.45270545455
1003.893	1.44564921947
1004.895	1.66876646707
1005.896	1.55399000999
1006.983	1.54944618215
1008.053	1.4205682243
1009.073	1.62945098039
1010.234	1.45147975883
1011.236	1.22535728543
1012.243	1.03568619662
1013.304	0.968754005655
1014.414	1.05990261497
1015.415	1.32767232767
1016.514	1.22790172884
1017.523	1.63023984143
1018.673	1.13618086957
1019.674	1.5326033966
1020.795	1.14437823372
1021.803	1.86103968254
1022.814	1.65603171457
1023.903	0.986475665748
1024.904	1.47387012987
1026.094	1.41421176471
1027.283	1.63207407407
1028.284	1.79694705295
1029.404	1.08271428571
1030.594	1.07603361345
1031.615	0.843024485798
1032.894	0.219058639562
1033.895	1.0895024975
1035.034	1.27806848112
1036.143	1.27423624887
1037.144	1.51062537463
1038.173	1.19385034014
1039.333	1.3892137931
1040.534	1.33239633639
1041.535	1.48404395604
1042.563	1.07996108949
1043.763	1.30858666667
1044.764	1.6052027972
1045.773	1.74763131814
1046.783	1.32586930693
1047.834	1.39470980019
1049.004	1.11832478632
1050.063	1.19073843248
1051.083	1.13062745098
1052.183	1.31571636364
1053.184	1.7170989011
1054.193	1.56189494549
1055.213	1.22265882353
1056.214	1.08210989011
1057.373	1.0070543572
1058.383	1.34891881188
1059.393	1.05900990099
1060.504	1.27377137714
1061.523	1.28079293425
1062.553	1.49963495146
1063.554	1.69355444555
1064.664	1.25664864865
1065.733	1.35863797942
1066.883	1.67746086957
1067.884	1.90776423576
1068.893	1.37116352825
1069.894	1.45765434565
1070.913	1.25468105986
1072.093	1.26350508475
1073.094	1.33291508492
1074.272	1.13712054329
1075.393	1.36842818912
1076.573	1.17740338983
1077.583	1.37725272547
1078.585	1.34749700599
1079.593	1.1959047619
1080.673	0.993007407407
1081.674	1.43817782218
1082.683	1.12136372646
1083.783	1.28688727273
1084.784	1.67880919081
1085.914	1.22097699115
1086.923	1.31831912785
1088.082	0.469825711821
1089.193	0.246264626463
1090.302	0.943336339044
1091.303	1.51288711289
1092.352	1.02489227836
1093.393	1.21124303554
1094.554	1.12264827586
1095.682	1.29185815603
1096.683	1.54093906094
1097.763	1.19171111111
1098.932	1.06686740804
1099.934	1.48305788423
1100.943	1.50177205154
1102.122	1.18438676845
1103.123	1.70538261738
1104.192	1.08810477081
1105.193	1.74213786214
1106.203	1.22995643564
1107.383	1.35151864407
1108.392	1.45253174603
1109.483	1.24315307058
1110.503	1.51022745098
1111.522	1.75025711482
1112.523	1.2122037962
1113.524	1.34853146853
1114.533	1.3347789891
1115.543	1.34322376238
1116.554	1.43118496538
1117.562	1.50384126984
1118.566	1.76317928287
1119.572	1.16299801193
1120.672	1.14924363636
1121.872	1.32225333333
1122.983	1.4378109811
1123.153	2.76818823529
