0.0	0.326382106244
1.003	0.882121635095
1.527	0.217679389313
2.939	0.513415012942
4.04	0.988308810173
5.1	0.557524528302
6.104	0.623163346614
7.111	0.855285004965
8.251	0.740175438596
9.256	0.7576039801
10.275	0.590955839058
11.395	0.175885714286
12.403	0.562531746032
13.407	0.964167330677
14.628	1.27255692056
15.647	1.18874015748
16.828	1.09628450466
17.847	1.46931501472
18.947	1.20394181818
19.952	1.29717014925
20.959	1.1876305859
22.139	1.19605423729
23.219	1.30321481481
24.224	1.64472039801
25.264	0.949652509653
26.271	1.5322979146
27.287	1.50802758621
28.288	1.5361038961
29.295	1.01955114201
30.304	1.08936372646
31.316	1.12007905138
32.324	1.23903968254
33.335	0.88803165183
34.336	0.76421978022
35.348	0.94009486166
36.375	1.05453554041
37.379	1.30586454183
38.387	1.3241984127
39.4	1.32487265548
40.42	1.39541960784
41.432	1.25977075099
42.44	1.62738095238
43.484	1.14917241379
44.5	1.78515748031
45.691	1.60638790932
46.844	1.37124024284
47.851	1.83358887786
48.863	1.26461660079
50.036	1.17362659847
51.044	1.58924603175
52.048	1.09210358566
53.068	1.64161568627
54.075	1.39669513406
55.235	1.44972413793
56.236	1.86016383616
57.247	1.0738041543
58.252	1.40245418327
59.263	1.95996834817
60.499	0.940936032389
61.631	1.15150530035
62.64	1.60069772052
63.651	1.74315331355
64.663	1.38578832839
65.671	0.952261904762
66.676	1.55627462687
67.692	1.42171653543
68.704	0.465011857708
70.067	0.415195891416
71.084	0.785557522124
72.096	0.500624505929
73.107	0.617020771513
74.115	0.806
75.128	1.08359328727
76.147	0.633656526006
77.18	0.211887705712
78.328	0.192585365854
79.351	0.57768914956
80.403	0.218463878327
81.415	1.49570750988
82.448	0.692174249758
83.455	0.669052631579
84.476	0.76152791381
85.487	0.797744807122
86.488	0.833782217782
87.499	0.983675568744
88.507	0.304
89.515	0.347428571429
90.526	0.282904055391
91.554	0.383252918288
92.559	0.707820895522
93.579	0.592580392157
94.61	0.339677982541
95.611	0.349858141858
96.638	0.511501460565
97.643	0.311251741294
98.651	0.445142857143
99.662	0.422172106825
100.67	0.249714285714
101.674	0.219278165503
102.694	0.686682352941
103.702	0.796833333333
104.734	0.699131782946
105.746	0.670482213439
106.854	0.475155234657
107.866	0.789438735178
108.887	0.621696376102
109.906	0.462531894014
110.927	0.578820763957
111.939	0.544861660079
113.026	0.218215271389
114.03	0.305211155378
115.15	0.665628571429
116.17	0.836894117647
117.178	0.31719047619
118.182	0.381513944223
119.19	0.814285714286
120.198	0.637333333333
121.214	0.818645669291
122.234	0.563854759568
123.235	0.730317682318
124.243	0.584357142857
125.266	0.709685239492
126.286	0.826164705882
127.287	0.732763236763
128.294	0.8502959285
129.295	0.865294705295
130.366	0.782625583567
131.378	0.886766798419
132.387	0.641958374628
133.39	0.690847457627
134.478	0.752397058824
135.491	0.864284304047
136.499	0.636333333333
137.51	0.865994065282
138.562	0.669984790875
139.583	0.921825661117
140.59	0.793358490566
141.602	0.515343873518
142.615	0.799462981244
143.642	0.575392405063
144.783	0.56762138475
145.794	0.648767556874
146.986	0.555597315436
148.006	0.794755642787
149.014	0.693293650794
150.019	0.740378109453
151.026	0.898430983118
152.027	1.00987812188
153.139	0.906194244604
154.151	1.11943873518
155.191	0.974176923077
156.198	1.11101489573
157.199	0.941882117882
158.202	1.36984247258
159.21	0.758071428571
160.223	0.699293188549
161.235	0.692110671937
162.263	0.551128404669
163.282	0.6873562316
164.294	0.596071146245
165.302	0.738285714286
166.307	0.595486567164
167.314	0.717283018868
168.327	0.619064165844
169.335	0.860428571429
170.338	1.1049332004
171.339	1.001998002
172.346	1.16286792453
173.359	1.06463968411
174.378	1.01717762512
175.618	0.782916129032
176.63	0.735367588933
177.639	0.542182539683
178.81	0.656184457728
179.95	0.642961403509
180.954	0.773928286853
181.974	0.539391560353
183.014	0.470576923077
184.023	0.618243805748
185.035	0.648853754941
186.047	0.4375256917
187.054	0.260830188679
188.247	0.119255658005
189.275	0.54347030185
190.306	0.119937924345
191.319	0.324106614018
192.339	0.418857703631
193.378	0.497971126083
194.59	1.08506270627
195.599	1.48405946482
196.603	1.08810358566
197.61	0.819900695134
198.611	0.863712287712
199.623	0.973098814229
200.63	0.929279046673
201.643	0.600655478776
202.655	0.724553359684
203.714	0.406844192635
204.722	0.597142857143
205.754	0.402976744186
206.759	0.212306467662
207.767	0.38
208.818	0.343627021884
209.847	0.339350826045
210.866	0.451077526987
211.867	0.459188811189
212.886	0.382304219823
213.898	0.529897233202
214.907	0.4483567889
215.918	0.541246290801
216.931	0.293172754195
217.951	0.418447058824
218.971	0.472094117647
220.011	0.307392307692
221.042	0.244143549952
222.075	0.19069893514
223.295	0.18793442623
224.382	0.140953081877
225.513	0.677644562334
226.533	0.754158979392
227.754	0.749097461097
228.766	0.929565217391
229.785	0.871842983317
230.793	0.875590863952
231.794	1.15874525475
233.017	0.947558462796
234.026	1.30662438057
235.03	1.09752191235
236.11	1.11543703704
237.117	1.13790665343
238.129	1.28036363636
239.13	1.15896903097
240.137	1.20142204568
241.141	0.678860557769
242.142	0.776551448551
243.149	0.780703078451
244.462	0.391750190404
245.501	0.326529355149
246.734	0.162413625304
247.754	0.407717647059
248.785	0.222913676043
249.953	0.127979452055
251.045	0.170529789184
252.046	0.185862137862
253.118	0.260656716418
254.137	0.42959764475
255.245	0.38280866426
256.278	0.540313649564
257.297	0.503890088322
258.309	0.524355731225
259.518	0.344503311258
260.542	0.414921875
261.549	0.395233366435
262.97	0.241795918367
263.974	0.446916334661
265.014	0.380307692308
266.167	0.151868169991
267.195	0.234210116732
268.287	0.360791208791
269.299	0.418260869565
270.314	0.520331034483
271.315	0.641822177822
272.479	0.717841924399
273.487	0.908333333333
274.49	1.1159002991
275.491	1.10662137862
276.498	0.863801390268
277.503	0.705098507463
278.51	0.553247269116
279.511	0.775456543457
280.535	0.9410390625
281.542	0.820139026812
282.558	0.983118110236
283.562	1.11835059761
284.563	0.926305694306
285.567	1.087187251
286.574	1.02284011917
287.586	1.14504347826
288.594	0.89846031746
289.699	0.953838914027
290.703	0.457816733068
291.706	0.674073778664
292.711	0.810109452736
293.718	0.815086395233
294.859	0.726520595968
295.99	0.823660477454
297.122	0.804614840989
298.29	0.8525
299.303	1.09045849802
300.31	0.867980139027
301.311	0.861818181818
302.315	0.970948207171
303.326	0.951762611276
304.334	1.11265873016
305.335	1.12871128871
306.347	1.22377865613
307.359	1.10933596838
308.366	1.12085004965
309.558	0.864201342282
310.559	1.09006193806
311.574	0.896173399015
312.578	1.01541832669
313.591	0.845683794466
314.598	0.911857000993
315.603	0.973508457711
316.722	1.14647363718
317.87	0.994926829268
319.07	0.92284
320.094	1.069921875
321.115	1.14697747307
322.122	1.25653227408
323.134	1.14507509881
324.147	1.16063178677
325.226	0.987165894347
326.726	0.716533333333
327.806	0.464755555556
328.818	0.931169960474
329.947	0.58658635961
330.974	0.520919182084
332.158	0.456695945946
333.171	0.490329713722
334.199	0.447128404669
335.21	0.287754698318
336.37	0.572882758621
337.591	0.769428337428
338.602	0.661924752475
339.61	0.647253227408
340.622	0.44018972332
341.63	0.950277777778
342.634	1.05812749004
343.642	1.02353968254
344.795	0.856992194276
345.802	0.271022840119
346.803	0.651764235764
347.834	0.614129970902
349.055	0.6361998362
350.247	0.720966442953
351.254	0.820472691162
352.318	0.597368421053
353.487	0.755305389222
354.498	0.696909990109
355.499	0.693834165834
356.511	0.786434782609
357.514	0.67816550349
358.538	0.9063125
359.763	0.630511020408
360.771	0.922992063492
361.79	0.700498527969
362.823	0.593696030978
363.915	0.176842490842
364.922	0.372528301887
365.935	0.784426456071
366.954	0.510641805692
367.966	0.727264822134
368.987	0.76827424094
369.994	0.765354518371
371.006	0.818790513834
372.019	0.593879565647
373.027	0.683095238095
374.299	0.519698113208
375.318	0.742060843965
376.331	0.57487857848
377.51	0.584617472434
378.53	0.630665358194
379.542	0.631399209486
380.543	0.630953046953
381.551	0.664238095238
382.562	0.693689416419
383.583	0.577833496572
384.591	0.648373015873
385.595	0.615768924303
386.614	0.720243375859
387.635	0.642256611166
388.646	0.515869436202
389.654	0.433277777778
390.658	0.534119521912
391.719	0.642608859566
392.887	0.634047945205
393.891	0.852215139442
394.938	0.573425023878
396.138	0.447826666667
397.23	0.690952380952
398.239	0.666436507937
399.25	0.717024727992
400.271	0.628983349657
401.283	0.699837784372
402.331	0.497824427481
403.682	0.340227979275
404.755	0.295791044776
405.822	0.138624179944
407.107	0.3406692607
408.127	0.448109803922
409.134	0.313223435948
410.194	0.185841509434
411.206	0.202031620553
412.238	0.578382153249
413.258	0.581380392157
414.279	0.666240940255
415.479	0.654013333333
416.498	0.72438861629
417.528	0.733957281553
418.582	0.594811016144
419.583	0.81998001998
420.59	0.159435948361
421.67	0.64502962963
422.682	1.00139130435
423.683	0.874645354645
424.695	0.819501976285
425.762	0.846687910028
426.775	0.719012833169
427.807	0.583255813953
428.848	0.422539865514
429.874	0.512
430.914	0.253092307692
431.946	0.360558139535
432.959	0.619924975321
433.971	1.40730434783
434.978	1.11746573982
436.099	1.02427857143
437.111	1.22978656126
438.118	0.990824230387
439.143	0.678626341463
440.151	1.10156349206
441.27	1.18527256479
442.422	1.07495138889
443.423	1.26823576424
444.562	0.831276558385
445.575	1.02167028628
446.582	0.793358490566
447.614	0.551441860465
448.634	0.627579980373
449.646	0.811067193676
450.655	0.682576808722
451.667	0.854324110672
452.726	0.768067988669
453.739	0.90749851925
454.754	0.712693596059
455.758	0.766693227092
456.767	0.857300297324
457.871	0.877891304348
458.883	0.824173913043
459.922	0.452927815207
460.93	0.658333333333
462.05	0.594892857143
463.063	0.831873642646
464.095	0.638248062016
465.234	0.518855136084
466.254	0.331383709519
467.275	0.618899118511
468.506	0.670024370431
469.675	0.733904109589
470.698	0.620480938416
471.719	0.289543584721
472.747	0.74593962999
473.755	0.47530952381
474.778	0.56057086999
475.791	0.72383810464
476.798	0.662442899702
477.81	0.714603363007
478.818	0.770968253968
479.823	1.02662686567
480.83	0.769692154916
481.831	0.832287712288
482.843	0.831035573123
483.854	1.13288229476
484.862	0.899214285714
485.914	0.785878326996
486.927	1.01842687747
487.946	1.0310343474
488.995	0.686108674929
489.999	0.893832669323
491.099	0.734872727273
492.107	1.03142857143
493.119	0.874948616601
494.126	0.97972591857
495.138	0.989675889328
496.159	0.973077375122
497.171	0.955612648221
498.35	0.974636132316
499.562	0.971557755776
500.75	0.971956192081
501.754	1.22084462151
502.803	0.56938036225
503.902	0.589372156506
504.923	0.686009794319
505.935	0.401818181818
506.963	0.468420233463
508.026	0.43240639699
509.034	0.603896825397
510.095	0.443536286522
511.105	0.711055555556
512.107	0.649413173653
513.114	0.652075471698
514.147	0.355546950629
515.246	0.149372156506
516.259	1.08042645607
517.278	0.819579980373
518.299	0.962092066601
519.318	0.840753680079
520.343	0.828253658537
521.538	0.764953974895
522.542	0.882932270916
523.562	0.499592156863
524.63	0.604584269663
525.635	0.402913432836
526.643	1.04146825397
527.655	1.20982608696
528.674	1.18723454367
529.767	0.976475754803
530.946	1.1598235793
532.126	1.13771525424
533.127	1.4212987013
534.135	0.815063492063
535.147	1.18956521739
536.211	0.992984962406
537.215	1.05733864542
538.43	0.974874074074
539.442	1.20037944664
540.45	1.18342857143
541.463	0.848110671937
542.47	1.24981132075
543.49	0.854462745098
544.495	1.42653134328
545.503	1.04803174603
546.514	1.38559050445
547.522	0.927325396825
548.526	1.0049561753
549.527	1.3557002997
550.555	0.97233463035
551.579	1.389375
552.586	1.36935849057
553.587	1.10612587413
554.778	0.955647355164
555.97	0.578416107383
557.031	0.639517436381
558.05	0.580506378803
559.071	0.890541176471
560.078	0.956377358491
561.082	1.00283665339
562.083	0.879952047952
563.087	1.26444621514
564.282	1.15420920502
565.294	1.55724901186
566.303	1.37254311199
567.307	1.66776095618
568.315	1.21767460317
569.326	1.45054005935
570.334	0.836
571.343	0.965328047572
572.347	1.03720318725
573.359	1.56806324111
574.366	1.42511332008
575.386	1.16950588235
576.39	0.72996812749
577.391	1.3557002997
578.41	1.14917369971
579.411	1.41036563437
580.422	1.33871414441
581.431	1.59441823588
582.45	1.56803140334
583.515	1.04815774648
584.523	0.578968253968
585.542	1.44989205103
586.548	1.72971769384
587.562	1.14371569595
588.574	0.994909090909
589.595	0.803917727718
590.607	0.540711462451
591.635	0.330023346304
592.679	0.104827586207
593.748	0.194514499532
594.872	0.146049822064
596.013	0.143873794917
597.033	0.118023529412
598.193	0.122648275862
599.233	0.115753846154
600.254	0.25725367287
601.437	0.111012679628
602.577	0.1344
603.793	0.135
604.957	0.141030927835
606.017	0.144543396226
607.098	0.131733333333
608.157	0.144679886686
609.38	0.116330335241
610.481	0.119280653951
611.576	0.129928767123
612.6	0.1389375
613.656	0.155454545455
614.696	0.210461538462
615.735	0.210664100096
616.739	0.207314057827
617.759	0.203858823529
618.799	0.210461538462
619.859	0.21681509434
620.9	0.210461538462
621.919	0.214798822375
622.924	0.205834825871
623.928	0.185306772908
624.943	0.215645320197
625.968	0.213541463415
627.004	0.211274131274
628.044	0.178892307692
629.064	0.214588235294
630.128	0.216
631.207	0.210259365994
632.243	0.20071042471
633.307	0.123428571429
634.368	0.154721960415
635.428	0.206490566038
636.448	0.193129411765
637.467	0.204058881256
638.511	0.167724137931
639.551	0.231507692308
640.795	0.202340836013
641.796	0.207728271728
642.851	0.16597535545
643.856	0.185306772908
644.972	0.166709677419
646.031	0.165348441926
647.115	0.141343173432
648.212	0.159620783956
649.276	0.164571428571
650.279	0.15275772682
651.3	0.160941176471
652.455	0.121877056277
653.491	0.116200772201
654.691	0.14592
655.694	0.141846460618
656.695	0.109330669331
657.7	0.130674626866
658.779	0.131855421687
659.799	0.128752941176
660.8	0.109330669331
661.92	0.117257142857
662.943	0.139073313783
664.063	0.107485714286
665.16	0.149644484959
666.32	0.122648275862
667.423	0.148830462375
668.508	0.100866359447
669.588	0.101333333333
670.649	0.113462770971
672.628	0.615337038909
673.708	0.131733333333
674.773	0.15414084507
675.833	0.382249056604
676.874	0.157694524496
677.914	0.147323076923
678.965	0.156194100856
680.013	0.156641221374
681.038	0.160156097561
682.057	0.128879293425
683.078	0.150211764706
684.137	0.155014164306
685.177	0.157846153846
686.238	0.154721960415
687.277	0.157998075072
688.317	0.147323076923
689.357	0.673723076923
690.477	0.107485714286
691.772	0.101411583012
692.853	0.121487511563
693.932	0.141998146432
694.952	0.128752941176
695.992	0.126276923077
697.036	0.115310344828
698.06	0.203260997067
699.093	0.180104549855
700.116	0.171167155425
701.12	0.131196803197
702.152	0.180279069767
703.252	0.149372156506
704.273	0.203659157689
705.376	0.148830462375
706.397	0.160783545544
707.512	0.147228699552
708.532	0.1824
709.576	0.188689655172
710.777	0.164023313905
711.892	0.186489686099
712.897	0.206901492537
714.016	0.156482573727
715.037	0.182221351616
716.077	0.168369230769
717.112	0.179756521739
718.156	0.178206896552
719.273	0.156762757386
720.332	0.165348441926
721.357	0.13880195122
722.572	0.162133333333
723.696	0.165523131673
724.717	0.150211764706
725.737	0.139482352941
726.892	0.161080519481
727.976	0.181726937269
729.136	0.160386206897
730.157	0.17150244858
731.252	0.129928767123
732.257	0.163343283582
733.313	0.124363636364
734.332	0.150359175662
735.378	0.146478011472
736.456	0.172586270872
737.475	0.139619234544
738.556	0.31437037037
739.616	0.113569811321
740.716	0.109539581438
741.733	0.107610619469
742.754	0.117907933399
743.773	0.150359175662
744.853	0.131733333333
745.873	0.139482352941
746.99	0.127369740376
748.115	0.136192
749.118	0.109221556886
750.274	0.132539792388
751.334	0.144543396226
752.454	0.156342857143
753.514	0.113569811321
754.517	0.130935194417
755.634	0.127483870968
756.718	0.111055350554
757.733	0.150951724138
758.753	0.107294117647
759.849	0.109839416058
761.353	0.12370212766
764.133	0.347648920863
