0.0	1.82541782178
1.005	2.64999800995
2.01	0.97576119403
3.021	1.76001582591
4.141	1.38281428571
5.143	2.71851497006
6.151	2.19129365079
7.152	2.54964235764
8.153	2.35428571429
9.161	3.19207142857
10.261	2.43026118721
11.262	2.4403036963
12.271	1.61711000991
13.272	2.33257942058
14.281	1.85078295342
15.291	1.31111287129
16.301	1.32377029703
17.311	1.3516039604
18.441	1.28746902655
19.465	1.5708125
20.471	1.49266003976
21.481	1.35388514851
22.491	1.15987326733
23.521	1.43440776699
24.651	0.526046017699
25.661	1.61451089109
26.681	1.05877647059
27.701	1.05148235294
28.711	0.877441584158
29.712	2.02261738262
30.721	1.27238057483
31.722	1.79337462537
32.723	2.13485714286
33.731	1.60329365079
34.732	1.90235364635
35.741	1.39123885035
36.761	1.7231372549
37.762	1.82004395604
38.771	1.92417839445
39.781	1.39915247525
40.801	1.41893069307
41.812	1.95396241345
42.882	1.76360373832
43.883	2.4152007992
44.891	1.54932539683
45.911	2.08424182359
46.912	2.19626773227
48.112	2.53763333333
49.152	2.70516153846
50.153	2.99566033966
51.162	2.27547274529
52.163	2.27498901099
53.172	1.76478097126
54.173	2.05541658342
55.182	1.54759167493
56.192	1.87588822355
57.193	1.55055344655
58.282	1.42745270891
59.283	1.44316483516
60.782	0.975525016678
61.792	4.2118019802
62.802	1.53356831683
63.812	1.45086732673
64.822	2.00811881188
65.992	1.66299487179
67.092	1.66793454545
68.093	1.90235364635
69.102	1.58211298315
70.103	1.54360839161
71.123	1.4592
72.142	1.32103631011
73.155	1.50478183613
74.162	1.57532472691
75.163	1.93515284715
76.293	1.28571735242
77.302	1.65949653122
78.352	1.12265142857
79.353	1.90235364635
80.362	1.75552824579
81.382	2.0174271556
82.383	1.47218381618
83.393	1.86373069307
84.402	1.64444796829
85.403	1.94608591409
86.413	1.59634851485
87.423	2.0371009901
88.433	1.67490693069
89.434	1.55302297702
90.443	2.00658077304
91.453	1.5718243513
92.463	2.25381386139
93.464	1.6686993007
94.473	1.66438057483
95.484	2.1649851632
96.493	1.92420218038
97.494	2.20847952048
98.503	1.6423468781
99.504	1.59768231768
100.513	1.76915758176
101.523	2.22130693069
102.524	1.79382217782
103.533	1.76696927651
104.543	1.81035247525
105.623	2.06761481481
106.643	2.13885714286
107.644	1.70790809191
108.653	2.13673736373
109.654	1.98204995005
110.694	1.92106923077
111.713	2.47297522299
112.714	2.12713686314
113.715	2.01404995005
114.724	2.01276511397
115.733	2.18012289395
116.744	2.0277886341
117.753	1.48595441031
118.764	0.713424332344
119.783	1.02029440628
120.794	1.33146587537
121.883	1.48667164179
122.884	1.3557002997
123.896	1.53562055336
124.903	1.31501886792
125.904	0.868539460539
127.024	1.82972142857
128.047	2.17168328446
129.054	1.50615292949
130.083	2.24775898931
131.084	2.05541658342
132.114	1.28752941176
133.115	1.62871528472
134.116	2.39434165834
135.124	1.47583333333
136.134	1.83122376238
137.164	1.23388235294
138.174	0.858637623762
139.215	1.20899135447
140.234	1.37606286837
141.245	0.715901088032
142.344	1.62058088235
143.494	1.37879652174
144.504	1.68561584158
145.514	2.23500990099
146.524	1.88771485149
147.654	1.37431504425
148.694	1.75651538462
149.695	2.18661338661
150.705	2.00745346535
151.706	1.64641758242
152.714	1.99771428571
153.784	1.54829906542
154.794	1.95041584158
155.797	2.06222931206
156.804	1.68651439921
158.014	2.06377276525
159.015	2.52553846154
160.016	1.93655144855
161.415	0.817829878485
162.424	1.20394846383
163.434	1.10523564356
164.69	0.660503184713
166.004	0.274849315068
169.415	0.798100263852
170.425	0.953536633663
171.485	0.9588
172.495	2.01542970297
173.515	1.05998431373
174.544	0.68067638484
175.595	0.406104662226
176.615	0.42608627451
177.625	0.59596039604
178.645	0.493552941176
179.655	0.433425742574
180.685	0.191254368932
181.715	0.193413592233
182.887	0.111836177474
183.925	2.1972536162
184.926	1.90399200799
185.927	1.77516083916
186.935	1.03933333333
187.936	1.38597402597
188.946	1.10652673267
189.955	1.21136967294
191.195	0.993361290323
192.246	1.09612178877
193.263	1.17295575221
194.265	0.731784431138
195.275	0.653181636727
196.317	0.777213051823
197.325	1.75885714286
198.326	1.98471128871
199.327	1.92441158841
200.355	1.63766371681
201.516	2.02071317829
202.517	2.24216583417
203.696	1.84856318914
204.816	2.3079463807
205.826	2.26591683168
206.827	2.98472727273
207.828	2.70157042957
208.846	2.66839292731
209.847	2.19754645355
210.868	2.13251038576
211.876	1.90306349206
212.886	2.39467722772
213.906	1.57254117647
214.932	2.26133333333
215.936	1.81569721116
216.946	1.65785346535
217.956	1.75373465347
218.957	1.72165434565
219.958	2.19754645355
220.967	1.85926873127
221.976	1.62886025768
222.996	1.85618823529
224.006	1.23536633663
225.016	1.30027722772
226.036	1.12610589411
227.096	0.644822641509
228.116	0.504282352941
229.126	1.25693465347
230.136	0.85478019802
231.166	0.751795878312
232.168	0.60902994012
233.186	0.419269155206
234.376	0.926420168067
235.379	1.83487138584
236.386	1.58469910626
237.406	0.783247058824
238.407	1.00928671329
239.676	0.771379038613
240.677	0.896511488511
241.697	1.18023529412
242.717	0.677443137255
243.753	1.23119844358
244.808	0.280083412322
245.862	0.18689943074
246.896	0.48687040619
247.915	0.255528949951
249.152	0.807054251012
250.458	0.946793261868
251.558	0.943992727273
252.568	0.953164356436
253.759	1.00975986566
254.768	1.1096531219
255.788	0.784047058824
256.818	0.839083495146
257.838	0.643764705882
258.839	0.603364635365
259.848	1.40400396432
260.849	1.47055344655
261.858	1.85775222993
262.998	1.17602105263
264.049	1.65386108468
265.05	2.40048751249
266.059	2.10182755203
267.068	2.09484241824
268.069	1.71589210789
269.116	1.81979751671
270.179	2.15069802446
271.181	2.70026347305
272.189	2.35624603175
273.205	2.8114015748
274.208	2.17791425723
275.268	1.15634716981
278.072	0.156119828816
279.139	0.292026241799
280.149	1.55851881188
281.15	1.95567632368
282.169	2.16659470069
283.389	2.54357720892
284.739	2.21194074074
285.74	2.93514485514
286.75	2.92711287129
287.759	2.9882814668
288.761	3.13397205589
289.769	2.59004761905
290.771	2.46731337325
291.889	2.13275134168
293.01	2.13558608385
294.011	1.99941658342
295.019	1.9641031746
296.029	1.78049108911
297.149	1.93035
298.15	2.39434165834
299.16	1.90341386139
300.179	2.20168792934
301.189	1.53808316832
302.208	1.63247105005
303.22	1.31933596838
304.229	1.62695738355
305.239	0.845853465347
306.249	1.02938613861
307.26	1.00671810089
308.27	1.26452277228
309.309	1.66237974684
310.349	0.404284615385
311.53	0.222401354784
312.55	1.21242352941
313.559	0.737554013875
314.56	1.21938861139
315.569	0.90024975223
316.57	1.00584215784
317.571	1.48635364635
318.58	1.45319326065
319.629	0.528695652174
320.659	0.531262135922
321.679	0.439905882353
322.68	0.488991008991
323.9	1.24957886045
324.91	1.91790891089
325.92	1.46611485149
326.93	1.88598811881
327.94	1.65261782178
329.141	1.57971812081
330.15	1.84731020813
331.161	1.88197032641
332.17	1.42425371655
333.171	1.72819180819
334.2	1.64549852507
335.21	1.18108514851
336.222	1.20562055336
337.24	1.18440078585
338.241	1.53285914086
339.251	0.811748251748
340.27	0.578049067713
341.3	0.658765048544
342.306	0.581375745527
343.32	0.572023668639
344.34	0.773928286853
345.381	0.648322766571
346.382	1.23543656344
347.39	1.48619047619
348.401	1.2639446093
349.433	1.55382745098
350.441	1.27269047619
351.58	0.859996488147
352.591	1.11496735905
353.601	0.827001980198
354.602	1.38096303696
355.61	1.42722222222
356.631	1.51136532811
357.64	1.48115758176
358.651	1.27126409496
359.652	1.31445354645
360.662	1.50615445545
361.671	0.983397423191
362.691	1.33044705882
363.701	1.35445544554
364.721	0.744850894632
365.731	1.44114059406
366.742	1.54517111771
367.751	1.10472150644
368.841	0.942370642202
369.891	1.34470095238
370.931	1.19963076923
371.951	0.408792156863
372.991	0.178892307692
374.211	0.134557377049
375.311	0.119389090909
376.335	0.171
377.625	0.109779844961
378.626	0.349858141858
379.635	0.461653121903
380.885	0.4439168
381.886	0.672583416583
382.896	0.764966336634
383.906	0.716823762376
384.915	0.772273538157
385.916	1.11411788212
386.917	1.28352447552
387.919	1.30006387226
389.057	1.15624604569
390.058	1.90528671329
391.066	1.5636031746
392.196	1.52187142857
393.206	1.86953663366
394.207	1.96328471528
395.217	1.73877227723
396.218	1.67334265734
397.247	2.27240744368
398.257	1.54978217822
399.446	1.49418334735
400.466	1.22315294118
401.47	1.2604063745
402.536	1.1992945591
403.537	1.81488911089
404.546	0.672444003964
406.557	0.234008950771
407.578	1.80890891283
408.587	1.56197423191
409.757	1.35703247863
411.167	1.48003971631
412.177	1.94661386139
413.187	1.90272475248
414.198	1.89386350148
415.256	1.76998109641
416.336	1.62602222222
417.347	1.51835410485
418.367	1.49776470588
419.368	1.84768831169
420.377	1.53408919722
421.378	1.67275924076
422.407	1.05266472303
423.417	2.05877227723
424.427	1.4449029703
425.428	1.81488911089
426.497	1.52858372311
427.507	2.10211485149
428.517	1.22666930693
429.527	1.84205940594
430.537	1.31933465347
431.538	1.70555844156
432.547	1.17193260654
433.567	1.67952475248
434.577	1.34067326733
435.578	1.30480719281
436.579	1.33383416583
437.597	0.995662082515
438.598	1.06911488511
439.767	1.18339777588
440.917	1.27551304348
441.92	1.76008773679
442.938	1.70918664047
444.078	1.41793684211
445.079	1.5812027972
446.188	1.86174211001
447.189	1.84768831169
448.198	1.55521902874
449.207	1.54266005946
450.208	1.40455544456
451.367	1.69571699741
452.428	1.63481998115
453.527	1.55965059145
454.538	1.41900692384
455.54	1.35498602794
456.658	1.61138461538
457.678	1.96348235294
458.679	1.35303896104
459.687	1.20708730159
460.688	1.72742457542
461.689	1.42918681319
462.698	1.79199207136
463.699	1.78208991009
464.708	0.778759167493
465.758	0.531565714286
466.767	0.57485827552
467.778	0.822694362018
468.808	0.637514563107
470.127	0.152024260804
471.167	1.84446923077
472.177	1.41527920792
473.178	1.94856343656
474.207	1.34141885326
475.217	1.70842772277
476.227	1.35962772277
477.23	1.20456231306
478.257	1.60263520157
479.258	2.31447752248
480.268	2.48982178218
481.277	2.05308225966
482.287	2.24915643564
483.298	3.1315333998
484.308	2.66556831683
485.318	2.57244356436
486.327	1.72985530228
487.328	2.776999001
488.337	2.37969230769
489.338	2.59678721279
490.34	2.94698602794
491.341	2.70074725275
492.343	2.73957684631
493.358	3.42018781219
494.368	2.22834851485
495.389	3.01339079334
496.398	2.2014047619
497.408	2.29715643564
498.488	1.40883665339
499.498	1.75537425743
500.508	1.57683960396
501.509	2.17568031968
502.528	0.951105004907
503.548	1.96207171315
504.549	1.92594605395
505.55	2.59113686314
506.639	2.31711294766
507.64	3.44104695305
508.649	3.26716352825
509.65	3.70821978022
510.658	3.21178571429
511.659	3.05797402597
512.668	3.9589296333
513.678	2.60622577423
514.679	2.46937062937
515.688	2.04933994054
516.69	2.14527744511
517.698	2.13161111111
518.699	2.05556843157
519.918	2.31912582781
520.919	2.73326673327
521.928	1.22064618434
522.939	1.02836795252
523.949	0.769330693069
524.978	0.606227405248
526.209	0.355613322502
527.23	0.645281096964
528.248	0.236510805501
529.252	0.283410358566
530.288	0.581003861004
531.969	0.429534800714
532.989	1.07648627451
533.992	1.26570687936
534.999	1.08255014896
536.009	1.4303049505
537.01	0.936959040959
538.059	1.02104861773
539.069	0.877687128713
540.099	0.765017475728
541.209	0.108223423423
542.229	0.246776470588
543.954	0.11419826087
544.997	1.73951294343
545.999	1.73144111776
547.009	1.30037227723
548.02	1.76726409496
549.029	1.38216848365
550.079	1.43705904762
551.099	1.99648412698
552.1	2.0005034965
553.101	1.81637562438
554.111	1.74316039604
555.129	1.83458546169
556.15	1.76675149105
557.159	1.59272150644
558.16	1.76326073926
559.23	1.68181682243
560.231	1.80395604396
561.249	0.877753968254
562.269	0.375529411765
563.279	0.379247524752
564.58	0.117767870869
565.588	1.22442063492
566.628	1.1156
567.648	1.07294117647
568.649	0.77806993007
569.668	0.945114818449
570.788	0.735292857143
571.794	0.587451292247
572.799	0.500919402985
573.808	0.607397423191
574.819	0.697305637982
575.82	0.590385614386
576.828	0.39130952381
577.879	0.354039961941
578.9	0.235815866797
579.938	0.305757225434
580.959	0.343529872674
581.969	0.530946534653
582.979	0.306233663366
584.069	0.36879266055
585.129	0.402656603774
586.189	0.185841509434
587.199	0.127184158416
588.279	0.358881481481
589.369	0.569174311927
590.389	0.568658823529
591.409	0.826666666667
592.418	0.601125867195
593.419	0.812051948052
594.429	1.03387722772
595.529	1.08905454545
596.53	1.64428371628
597.549	1.33471119843
598.779	1.39020180476
599.789	1.10394455446
600.799	0.953536633663
601.899	0.375323636364
602.9	1.39687512488
604.059	0.834005221932
605.099	0.673476923077
606.109	0.325069306931
607.36	0.396521183054
608.819	0.562670322138
609.839	0.934374877331
610.849	0.268491089109
611.85	0.813418581419
612.859	0.715361744301
613.871	1.00588142292
614.9	0.829574344023
615.913	0.486270483712
616.919	1.02367395626
617.92	1.07281518482
618.93	1.32028514851
619.939	1.19827948464
621.009	1.3757682243
622.019	1.9801980198
623.02	2.65673526474
624.031	2.19011671612
625.08	2.0542993327
626.112	1.33618604651
627.113	1.7348971029
628.12	1.92123932473
629.121	1.98634965035
630.131	1.93306930693
631.132	1.90351248751
632.311	1.84574657534
633.321	2.74141782178
634.322	2.30524675325
635.37	1.97648854962
636.371	2.613002997
637.392	1.87925248509
638.4	2.28
639.41	1.90882376238
640.411	1.95245554446
641.412	2.35060939061
642.44	1.7241138371
643.451	2.05962413452
644.52	2.23283068288
645.521	2.09914885115
646.522	1.96847152847
647.54	2.27325272547
648.651	2.11130873087
649.66	1.93065609514
650.67	1.49392475248
651.715	1.82225454545
652.72	1.13216733068
653.741	0.546664054848
654.806	0.184969014085
655.812	0.446027833002
656.82	0.477714285714
657.861	0.304677042802
658.881	0.257505882353
659.92	0.231730510106
660.931	0.335572700297
661.96	0.665166180758
662.981	0.652723658052
664.47	0.34958226998
665.491	0.750323212537
666.501	0.60598019802
667.511	0.942700990099
668.52	0.779567888999
669.521	0.918377622378
670.541	0.4672
671.591	1.47507047619
672.671	1.18042222222
673.703	1.97893023256
674.831	1.46495204263
675.832	1.85907692308
676.841	1.83816848365
677.851	1.2827009901
678.861	1.67052673267
679.862	1.71121678322
680.871	1.63901684836
682.052	1.72424978614
683.232	1.9209220339
684.331	1.84960873521
685.352	1.63666209598
686.431	1.79320111214
687.432	1.90970629371
688.632	1.83092666667
689.633	2.18661338661
690.642	1.65857680872
691.643	1.29528871129
692.781	1.53738488576
693.782	1.95701898102
694.783	1.54795604396
695.791	1.58061111111
696.792	1.90235364635
697.812	1.53658788481
698.821	1.41056095144
699.822	1.66182617383
700.832	1.59478019802
701.841	1.81134588702
702.862	1.31086844708
703.871	1.36664420218
705.042	1.10506575576
706.052	1.71203168317
707.073	1.92940254652
708.082	1.27937363726
709.092	1.83122376238
710.112	1.55261176471
711.122	1.91790891089
712.322	1.52049333333
713.332	1.7011960396
714.333	1.78208991009
715.352	1.5689892051
716.362	2.08044356436
717.372	1.47256237624
718.373	1.84768831169
719.382	1.4242061447
720.392	1.64701782178
721.402	1.24065742574
722.412	1.25693465347
723.432	1.02734920635
724.442	1.40863366337
725.443	0.914869130869
726.632	1.05064423886
727.642	1.01855049505
728.662	1.20726693227
729.672	1.51699009901
730.673	0.592551448551
731.683	1.76620990099
732.693	1.55411485149
733.713	1.64830860534
734.714	2.04895904096
735.715	2.5935984016
736.723	2.00495238095
737.842	1.82489365505
739.043	2.31105412157
740.423	2.39630724638
741.544	2.76461016949
742.623	2.58647636701
743.753	2.66031858407
744.754	3.10499100899
745.756	2.69861876248
746.763	3.29256007944
747.766	3.36461814556
748.853	2.13613983441
749.983	2.49401061947
750.994	2.67375667656
752.003	2.24831714569
753.004	2.72835164835
754.193	2.44309503785
755.194	1.92776023976
756.203	2.04045193261
757.204	2.02075524476
758.205	2.08269330669
759.234	1.92664047151
760.244	1.90026138614
761.245	2.06414385614
762.334	1.90963452709
763.504	1.95691623932
764.514	2.39467722772
765.523	1.63453716551
766.533	4.89208712871
767.558	2.02906508876
768.573	1.78985615764
769.574	5.24284515485
770.584	1.8528950495
771.593	1.5477740337
772.594	2.06634965035
773.604	1.55539009901
774.613	1.56780178394
775.624	2.07990447761
776.625	1.42620579421
777.784	1.68264365833
778.794	2.08044356436
779.994	1.76343333333
781.004	2.05877227723
782.014	1.73241188119
783.025	1.7536379822
784.034	1.62360356789
785.044	1.86373069307
786.054	1.41625548902
787.055	1.93515284715
788.065	1.60245544554
789.204	1.56191747147
790.214	2.11295049505
791.364	1.75259826087
792.365	1.81488911089
793.554	1.98929702128
794.555	2.613002997
795.565	1.70977425743
796.614	0.918085795996
797.615	0.885578421578
798.644	1.70678669276
799.704	1.03245283019
800.736	0.805953488372
801.955	1.2038195242
802.964	1.11717740337
803.985	1.17277179236
804.994	1.45341526264
805.995	0.982617382617
807.004	1.13887016848
808.204	1.04432666667
809.205	1.60716083916
810.224	0.933982335623
811.225	1.47596403596
812.244	0.914630029441
813.254	1.14857821782
814.255	1.02770829171
815.295	0.633346153846
816.304	1.04125272547
817.404	0.695650909091
818.414	0.856015841584
819.425	0.985068249258
820.427	0.707728542914
821.435	1.27028571429
822.455	0.90288627451
823.462	3.15598409543
824.463	1.05953246753
825.472	0.97557185332
826.534	0.762335216573
827.662	0.724990239574
828.682	0.686682352941
829.692	0.693481188119
830.702	0.629813861386
831.722	0.536470588235
832.742	0.316917647059
833.752	0.606796039604
834.782	0.510011650485
835.812	0.30347961165
836.832	0.246776470588
837.835	0.911736789631
838.843	1.39249206349
839.852	1.3580654113
840.993	1.0561122807
842.003	1.51854257426
843.233	1.3447804878
844.234	1.74951448551
845.243	1.36686620416
846.244	1.70361638362
847.253	1.38904261645
848.254	1.62413586414
849.262	1.78050793651
850.273	1.60272205737
851.274	1.49833366633
852.283	1.64520911794
853.303	1.69597621407
854.493	1.42108907563
855.693	1.38285333333
856.833	1.52052631579
857.973	1.60646315789
858.983	2.0371009901
859.984	1.53389010989
860.993	1.97404162537
861.994	1.25799000999
863.003	1.42087611497
864.013	1.34361980198
865.043	0.94480776699
866.053	1.14857821782
867.054	1.1925034965
868.063	0.952555004955
869.083	1.18023529412
870.096	0.877836130306
871.293	1.01915455305
872.294	1.24636963037
873.304	1.05397227723
874.314	1.27860594059
875.323	1.04623984143
876.334	1.17359446093
877.335	1.37284315684
878.513	0.975246179966
879.594	1.32175373134
880.974	1.16892173913
881.983	1.25818037661
882.984	1.26431968032
883.993	1.64865014866
884.994	1.26187412587
886.014	1.23134901961
887.023	1.45341526264
888.024	1.15766633367
889.025	1.70555844156
890.034	1.14845589693
891.204	1.10417094017
892.215	1.25569139466
893.224	1.15238057483
894.523	0.93569183359
895.534	0.827716849452
900.891	0.106232592869
901.941	0.484678095238
902.942	0.980627372627
903.971	1.47656365403
905.151	1.48126779661
906.161	1.94747722772
907.361	1.29853333333
908.371	1.11931881188
909.373	0.865804391218
910.421	1.2811221374
911.431	1.41946930693
912.441	0.924499009901
913.446	1.13251343284
914.621	0.835295319149
915.641	1.28752941176
916.661	0.747435294118
917.662	1.24636963037
918.671	1.34495143707
919.691	1.20301176471
920.701	1.57116831683
921.702	1.12401198801
922.711	1.50764717542
923.712	1.13241958042
924.732	1.43774117647
925.741	1.17449355798
926.821	1.42398501873
927.831	1.7011960396
928.842	1.22071612265
930.002	1.38895862069
931.242	1.53638064516
932.252	1.92425346535
933.253	1.91682717283
934.262	2.12081665015
935.271	2.0901407334
936.272	1.97699100899
937.283	1.92683679525
938.292	2.038271556
939.293	1.94177022977
940.452	1.66150819672
941.461	1.6321506442
942.462	1.82582217782
943.471	4.18682259663
944.472	2.06634965035
945.491	1.72031403337
946.492	2.29594405594
947.501	1.85707829534
948.502	1.70626973027
949.511	2.00857142857
950.513	1.252
951.521	1.78057142857
952.541	1.26938823529
953.561	1.15877647059
954.571	0.585124752475
955.601	0.34000776699
956.621	0.336237859267
957.991	0.247637956204
959.041	0.260819828408
960.061	0.118023529412
961.111	0.104228571429
962.121	0.270891089109
963.151	0.382508737864
964.211	0.209418867925
965.232	0.246534769833
966.251	0.289978410206
967.291	0.563137864078
968.311	0.558964705882
969.341	0.274368932039
970.371	0.403759223301
971.392	0.535945151812
972.411	0.698338949455
973.421	0.660031683168
974.482	0.584286522149
975.502	0.772517647059
976.514	0.768339920949
977.522	0.524349206349
978.562	0.526153846154
979.582	0.386258823529
980.611	0.312093294461
981.632	0.289410381978
982.648	0.31674251497
983.802	0.454488734835
984.822	0.257505882353
985.845	0.395824046921
986.852	0.654625620655
987.862	0.690083168317
989.142	0.22640625
990.262	0.205383378016
991.273	0.548985163205
992.282	0.542842418236
993.292	0.42651497006
994.322	0.422462135922
995.332	0.178891089109
996.333	0.360791208791
997.402	0.428407857811
998.494	0.606571428571
999.553	0.967576959396
1000.563	1.19936633663
1001.703	1.21225964912
1002.704	1.41903696304
1003.723	1.44483611384
1004.783	1.43504150943
1005.833	1.49403428571
1006.834	1.9552047952
1008.013	1.55105004241
1009.014	1.6995004995
1010.064	1.99910857143
1011.183	1.94623255814
1012.353	1.91822222222
1013.923	1.4613656051
1014.936	1.12610589411
1015.943	1.96591857001
1016.944	2.01361038961
1017.953	2.06664023786
1018.954	2.03123276723
1020.214	1.701664
1021.283	2.10242095416
1022.403	1.99932857143
1023.563	1.96919310345
1024.603	1.81455384615
1025.613	1.88184554455
1026.614	1.91328671329
1027.643	0.604447035957
1028.654	1.39641543027
1029.703	1.35604957102
1030.704	1.73835764236
1031.834	1.15437876106
1032.873	1.26398460058
1034.004	1.29726613616
1035.014	1.26902675917
1036.023	1.18045589693
1037.043	0.965647058824
1038.049	0.787355864811
1039.054	0.875383084577
1040.074	0.867176470588
1041.083	0.932733399405
1042.133	1.15081142857
1043.162	1.35334761441
1044.163	1.20361238761
1045.164	1.3884995005
1046.184	1.05647843137
1047.244	1.28898113208
1048.255	1.77528783383
1049.264	0.858124876115
1050.274	1.13774257426
1051.294	1.37749058474
1052.304	0.829679207921
1053.305	1.20263736264
1054.444	0.824828797191
1055.452	2.79292063492
1056.622	0.94784957265
1057.632	1.19192079208
1058.642	0.939342574257
1059.662	0.954917647059
1060.702	0.621930769231
1061.712	0.639302970297
1062.762	0.427893333333
1063.769	0.847698113208
1064.782	0.788659427443
1065.802	0.740396825397
1066.812	0.747659405941
1067.823	0.702551928783
1068.832	0.846017839445
1069.862	0.808372815534
1070.942	0.903881481481
1071.952	1.08356435644
1072.962	0.721671287129
1073.982	1.36263529412
1074.992	0.774297029703
1076.01	0.71347740668
1077.012	1.13590419162
1078.062	0.625272380952
1079.082	0.396988235294
1080.092	0.606796039604
1081.102	0.399881188119
1082.113	0.541246290801
1083.142	0.350973760933
1084.412	0.237077165354
1085.452	0.294646153846
1086.462	0.281726732673
1087.502	0.284123076923
1088.772	0.27014354067
1089.812	0.2736
1090.842	0.255005825243
1091.883	0.273337175793
1092.933	0.281417142857
1094.153	0.421180327869
1095.163	0.49843960396
1096.173	0.36902970297
1097.183	0.520110891089
1098.184	0.402221778222
1099.253	0.3220505145
1100.273	0.611874509804
1101.293	0.641866666667
1102.324	0.601063045587
1103.333	0.610981169475
1104.343	0.562051485149
1105.344	0.499300699301
1106.353	0.376951437066
1107.384	0.551976721629
1108.413	0.32197473275
1109.423	0.305515453639
1110.433	0.212300990099
1111.453	0.246776470588
1112.473	0.203858823529
1113.516	0.138638542665
1114.523	0.163505976096
1115.533	0.754217821782
1116.552	0.225538763494
1117.582	0.125530097087
1118.602	0.268235294118
1119.613	0.38831256182
1120.822	0.416153078203
1121.853	0.254758486906
1122.873	0.306266666667
1123.903	0.403759223301
1124.942	0.290040423484
1126.053	0.337778577858
1127.063	0.485893069307
1128.068	0.63488159204
1129.073	0.784700497512
1130.304	0.608116978067
1131.313	0.73246382557
1132.333	0.656023529412
1133.353	0.685568627451
1134.373	0.677411764706
1135.374	1.02871528472
1136.563	0.879145500421
1137.593	0.994267961165
1138.594	1.16983816184
1139.603	0.881799801784
1140.604	0.888167832168
1141.613	1.07764519326
1142.614	1.10939460539
1143.623	0.981803766105
1144.625	1.35434730539
1145.634	1.08960951437
1146.804	1.11310769231
1147.813	1.45238453915
1148.853	1.29136923077
1149.864	1.72116320475
1150.865	1.38625374625
1151.904	1.42215976901
1152.906	1.88953293413
1154.105	1.40465054212
1155.113	0.47203968254
1156.168	1.27220473934
1157.544	1.12513372093
1158.545	1.63996003996
1159.546	1.61809390609
1160.564	1.22068369352
1161.571	1.5758490566
1162.574	1.29622333001
1163.585	1.55878931751
1164.604	1.40693228656
1165.605	1.12316483516
1168.014	0.504268991283
1169.194	2.1146779661
1170.204	1.56033267327
1171.274	1.22488971963
1172.285	1.59126409496
1173.305	1.6416
1174.314	1.19845391477
1175.459	0.114473362445
1176.464	2.65821293532
1177.487	1.11738025415
1178.495	1.53085714286
1179.505	1.23866138614
1180.506	1.1917042957
1181.524	0.818121807466
1182.534	0.899358415842
1183.535	0.8677002997
1184.554	0.86802747792
1185.585	0.743045586809
1186.586	0.56585014985
1187.594	0.825142857143
1188.614	0.536603921569
1189.624	0.924542914172
1190.646	0.98660665362
1191.654	1.12453174603
1192.655	0.96624975025
1193.666	1.18733926805
1194.904	1.10324876442
1195.906	1.20903792415
1196.915	1.38166105055
1197.945	0.543658252427
1198.975	1.16477669903
1200.094	1.14677390527
1201.195	1.12619800182
1202.205	0.877687128713
1203.206	1.03065734266
1204.214	1.13667460317
1205.226	1.06868774704
1206.235	0.964360753221
1207.245	1.05915247525
1208.265	1.1910745098
1209.266	1.1643956044
1210.275	1.21738751239
1211.276	1.26556643357
1212.375	1.56879344859
1213.385	1.98292277228
1214.386	1.10703696304
1215.396	1.48584554455
1216.436	1.39956923077
1217.442	1.06167793241
1218.455	1.7609792695
1219.456	1.40527472527
1220.465	1.83303865213
1221.473	1.32457142857
1222.505	0.908054368932
1223.516	0.73609495549
1224.525	0.780939544103
1225.535	0.720143569292
1226.545	0.812673267327
1227.555	0.59596039604
1228.575	0.643764705882
1229.586	0.551541048467
1230.616	0.74178388998
1231.636	0.836894117647
1232.646	0.70598019802
1233.656	0.837924752475
1234.657	0.998585414585
1235.675	1.10364143426
1236.676	1.26823576424
1237.696	0.801388235294
1238.697	1.30034765235
1239.716	1.22991952895
1240.736	1.40987908821
1241.746	1.23751287129
1242.756	1.45375841584
1243.757	1.07414985015
1244.776	1.26036506379
1245.796	1.69203567889
1246.806	1.40863366337
1247.816	1.34493465347
1248.826	1.83122376238
1249.836	1.06322376238
1250.846	1.69036039604
1251.906	1.1455245283
1252.907	1.46503096903
1253.917	1.00345346535
1254.926	1.3124122894
1255.927	1.00295704296
1256.936	0.629090188305
1257.946	0.834344554455
1258.947	1.10362437562
1259.996	1.24864823642
1261.016	1.09548463826
1262.017	1.03056143856
1263.026	1.60526461843
1264.027	1.45600799201
1265.036	1.11223785927
1266.057	1.30804780876
1267.058	0.828435564436
1268.064	1.69708151093
1269.067	1.0164227318
1270.077	1.46281188119
1271.097	1.27878019802
1272.106	1.39693161546
1273.136	0.711891262136
1274.156	0.504282352941
1275.166	0.760847524752
1276.177	1.41988023952
1277.186	0.948408325074
1278.187	1.08237362637
1279.217	0.94265631068
1280.228	0.904672601385
1281.247	0.754753709199
1282.257	1.00771485149
1283.267	0.789481188119
1284.276	0.626053518335
1285.277	0.519312687313
1286.487	0.653681931724
1287.488	0.97771028971
1288.557	0.760434050514
1289.558	1.47571628372
1290.668	1.04335135135
1291.687	0.654415920398
1292.708	0.696501469148
1293.716	0.705714285714
1294.737	0.504603330069
1295.832	0.119700456621
1296.987	1.1625974026
1297.989	1.46356886228
1298.998	1.08313974232
1300.008	1.30504554455
1301.099	1.12042529789
1302.108	1.21856095144
1303.118	1.21042376238
1304.119	1.43120879121
1305.127	1.00961904762
1306.137	0.823508910891
1307.148	0.642935707221
1308.157	0.813478691774
1309.158	1.11891308691
1310.184	1.29034697856
1311.188	1.19478884462
1312.197	1.32325867195
1313.201	1.16098007968
1314.208	1.14361072493
1315.218	1.37612673267
1316.219	1.179004995
1317.238	1.53093621197
1318.258	0.976376470588
1319.288	0.329382524272
1320.31	1.23787866928
1321.328	0.889117010816
1322.349	1.07166765579
1323.358	0.894882061447
1324.359	1.54156243756
1325.368	1.34176412289
1326.378	1.57398019802
1327.418	1.53154607177
1328.419	2.11008191808
1329.429	1.46693861386
1330.438	1.35110406343
1331.439	1.01677522478
1332.638	0.7915771526
1333.668	0.488761165049
1334.67	0.699017964072
1335.678	0.608
1336.698	0.556580392157
1337.717	0.87203187251
1338.718	0.841846153846
1339.748	0.723968932039
1340.749	1.07476523477
1341.75	1.52766433566
1342.769	1.28394041708
1343.989	1.20160655738
1345.029	1.43333846154
1346.03	1.2602037962
1347.049	1.50987242395
1348.069	1.45810196078
1349.079	1.30674059406
1350.089	1.24006336634
1351.099	1.60367524752
1352.109	1.14495049505
1353.529	0.855261971831
1354.539	0.823508910891
1355.54	1.0622977023
1356.549	1.39918334985
1357.559	1.11448712871
1358.56	1.22806793207
1359.629	1.27336950421
1360.649	1.59506666667
1361.659	1.56737425743
1362.669	1.30607524752
1363.679	0.910194059406
1364.689	0.715825742574
1365.69	1.97888511489
1366.691	1.60182217782
1367.699	1.83995238095
1368.71	1.4927636004
1369.711	1.2573026973
1370.72	1.04491575818
1371.721	1.5756003996
1372.73	1.66541922696
1373.82	1.98618587361
1374.821	2.24127872128
1375.83	1.4545728444
1376.839	1.22564122894
1377.939	1.00965818182
1378.959	0.987105882353
1379.969	0.67180990099
1381.72	0.231255282696
1382.73	0.804102970297
1383.731	1.34476723277
1384.739	0.609579365079
1385.749	0.812673267327
1386.91	0.58051335056
1387.929	0.794755642787
1388.939	1.16746138614
1389.95	1.01562017804
1390.97	0.997835294118
1391.979	0.686445986125
1392.98	1.41036563437
1393.99	1.53161188119
1395.0	1.82568712871
1396.02	1.43980392157
1397.03	1.60367524752
1398.04	0.935992079208
1399.05	1.22442772277
1400.07	1.24353968254
1401.071	1.20545854146
1402.08	1.1605629336
1403.09	1.10596435644
1404.091	1.04875924076
1405.46	1.54645354645
1406.58	1.07304285714
1407.581	1.04957442557
1408.64	0.849609065156
1409.67	0.945646601942
1410.68	0.617631683168
1412.21	0.157364705882
1413.23	0.28297254902
1414.26	0.233755339806
1415.35	0.140565137615
1416.41	0.154867924528
1417.48	0.163648598131
1418.488	0.822895729891
1419.528	0.189415384615
1420.568	0.212084615385
1421.588	0.354070588235
1422.778	0.261136134454
1423.788	0.238384158416
1424.848	0.299411320755
1425.849	0.342601398601
1426.868	0.386637880275
1427.879	0.3182512364
1428.899	0.289458823529
1430.178	0.386714620797
1431.188	0.423008919722
1432.199	0.295818001978
1433.248	0.375580552908
1434.249	0.522173826174
1435.259	0.826447524752
1436.263	1.04317131474
1437.349	0.78744014733
1438.35	1.18403196803
1439.573	0.918560915781
1440.649	0.84511255814
1441.819	0.833258119658
1442.829	1.30780990099
1443.839	1.13219009901
1445.049	0.959781818182
1446.21	1.15228251507
1447.419	1.16733829611
1448.549	1.17733097345
1449.55	1.33383416583
1450.569	1.02331697743
1451.58	1.26491790307
1452.589	1.37978196234
1453.609	1.25320784314
1454.62	1.49997230465
1455.63	1.71653861386
1456.7	1.86790280374
1457.701	2.19754645355
1458.711	1.54126732673
1459.72	1.67043805748
1460.73	2.04544158416
1461.731	1.79356643357
1462.749	1.75226719057
1463.75	1.85862137862
1464.77	1.39883921569
1465.78	1.34778613861
1466.789	1.1534271556
1467.8	1.46136498516
1468.81	1.06568712871
1469.98	1.13551452991
1470.99	1.60367524752
1472.01	1.1726745098
1473.02	1.25693465347
1474.04	0.779631372549
1475.041	1.27522077922
1476.07	1.27731778426
1477.22	1.14045217391
1478.221	1.31196803197
1479.23	1.18331813677
1480.251	1.45777081293
1481.26	1.3064047619
1482.42	1.08828275862
1483.43	1.34361980198
1484.44	1.00771485149
1485.451	0.671976261128
1486.46	0.336237859267
1487.7	0.185341935484
1488.71	0.823508910891
1489.73	0.493552941176
1490.74	0.372308910891
1491.75	0.650138613861
1492.76	0.758495049505
1493.78	0.51582745098
1494.811	0.668741028128
1495.82	0.585458870168
1496.84	0.504282352941
1497.85	0.465932673267
1498.87	0.525741176471
1499.911	0.436049951969
1500.93	0.536997055937
1501.95	0.441717647059
1502.951	0.546653346653
1503.98	0.477714285714
1505.0	0.235058823529
1506.02	0.386258823529
1507.05	0.393133980583
1508.074	0.265140625
1509.11	0.386258823529
1510.111	0.415456543457
1511.141	0.382182524272
1512.211	0.412859813084
1513.421	0.415642975207
1514.461	0.463015384615
1515.481	0.300501960784
1516.491	0.491382178218
1517.561	0.53148411215
1518.571	0.643596039604
1519.581	0.586954455446
1520.601	0.483270588235
1522.121	0.300068421053
1523.131	0.455097029703
1524.151	0.41862745098
1525.291	0.336519298246
1526.581	0.225358139535
1527.601	0.407717647059
1528.622	0.343764936337
1529.641	0.38150343474
1530.651	0.433425742574
1531.691	0.342246153846
1532.702	0.374346191889
1533.711	0.403869177403
1534.821	0.448144927536
1535.841	0.506760784314
1536.911	0.488291588785
1538.031	0.484921428571
1539.042	0.514801186944
1540.274	0.578168831169
1541.279	0.591379104478
1542.281	0.677021956088
1543.292	0.71940652819
1544.297	0.753623880597
1545.482	0.522322362869
1546.492	0.781401980198
1547.502	1.01032871287
1548.512	0.909734653465
1549.522	0.767683168317
1550.652	0.699439785905
1551.662	0.682645544554
1552.672	0.667746534653
1553.692	0.582635294118
1554.952	0.488355555556
1555.972	0.675952941176
1556.992	0.578611764706
1558.012	0.472094117647
1559.022	0.231207920792
1560.032	0.693481188119
1561.052	0.48631372549
1562.202	0.570504347826
1563.253	0.927193149382
1564.254	1.32864735265
1565.262	1.49133333333
1566.264	1.32844755245
1567.272	1.14883333333
1568.284	1.27534718101
1569.293	1.40869772052
1570.403	1.17868828829
1571.404	1.46503096903
1572.405	1.32214985015
1573.412	1.06149751738
1574.613	0.902414654455
1575.622	1.72457482656
1576.632	1.07264222002
1577.643	1.25569139466
1578.652	0.49082259663
1579.742	0.411655045872
1580.743	0.579452547453
1581.752	0.977228939544
1582.753	1.12314885115
1583.754	1.31576423576
1584.953	1.01130942452
1585.963	1.12690693069
1586.983	0.953
1588.153	0.717066666667
1589.173	0.697411764706
1590.193	0.663647058824
1591.203	0.639302970297
1592.403	0.763259259259
1593.423	1.12658823529
1594.433	0.519564356436
1595.443	0.520110891089
1596.493	0.458605714286
1597.683	0.297613445378
1598.693	0.465932673267
1599.774	0.121250693802
1600.783	1.25013280476
1601.793	0.869813861386
1602.794	1.13906893107
1603.903	0.956746618575
1604.904	0.79964035964
1605.913	0.87321308226
1606.914	1.06506293706
1607.923	0.907758176412
1609.123	0.777086666667
1610.134	1.00988328388
1611.233	1.11553048226
1612.243	1.50615445545
1613.244	1.25443356643
1614.246	1.21401197605
1615.254	1.25737301587
1616.266	1.29361264822
1617.474	1.31626843413
1618.684	1.2574214876
1619.874	1.2787697479
1621.474	0.93161
1622.484	1.4303049505
1623.504	0.996101960784
1624.513	1.46426164519
1625.514	1.01566433566
1626.694	1.10434576271
1627.704	1.5494970297
1628.714	1.21225346535
1629.894	1.24474576271
1631.024	1.32683893805
1632.124	0.626581818182
1633.255	0.745082228117
1634.264	0.787100099108
1635.274	1.0944
1636.278	0.882302788845
1637.294	1.21719685039
1638.304	0.919699009901
1639.315	1.33146587537
1640.324	0.948257680872
1641.334	1.31111287129
1642.335	1.04515484515
1643.485	1.03939478261
1644.487	1.50725748503
1645.655	1.3051369863
1646.664	1.68118929633
1647.675	1.27546587537
1648.685	1.75537425743
1649.686	1.33715884116
1650.725	1.37810202117
1651.734	1.55103270565
1652.914	0.586291525424
1654.004	0.411655045872
1655.174	0.215138461538
1656.279	0.347467873303
1657.304	0.459114146341
1658.334	0.499386407767
1659.364	0.358089320388
1660.4	0.411984555985
1663.279	0.274465601112
1664.289	0.861544554455
1665.299	0.564467326733
1666.309	0.710566336634
1667.319	0.354788118812
1668.32	0.767280719281
1669.509	0.64444519966
1670.62	0.794419441944
1671.739	0.844210902592
1672.74	0.863936063936
1673.749	0.856864222002
1674.759	0.515603960396
1675.769	0.736823762376
1676.819	0.3648
1677.919	0.245389090909
1678.929	0.856015841584
1679.94	0.834073194857
1680.949	0.773914767096
1682.03	0.685972247919
1683.089	1.1677733711
1684.09	1.8052027972
1685.11	2.37442063492
1686.141	1.67583317168
1687.19	2.10989875836
1688.191	2.4042037962
1689.192	2.15648351648
1690.21	2.46693942403
1691.213	2.61446859422
1692.221	1.79911904762
1693.23	1.72704761905
1694.24	1.96125148515
1695.241	1.66435964036
1696.25	2.20692170466
1697.251	1.88048751249
1698.26	1.69546085233
1699.261	2.03673126873
1700.28	1.748
1701.29	1.32971089109
1702.501	2.20888521883
1703.7	2.48812010008
1704.94	2.10936774194
1705.941	1.83207192807
1707.0	1.48176770538
1708.02	1.95275294118
1709.021	1.86170629371
1710.03	2.06081268583
1711.035	1.6528238806
1712.04	1.87764378109
1713.05	2.15629306931
1714.053	1.89967696909
1715.06	1.85051042701
1716.061	2.36154245754
1717.072	1.70443521266
1718.08	2.20722222222
1719.231	2.07800521286
1720.232	2.24127872128
1721.241	2.01923488603
1722.36	2.17635746202
1723.371	2.30570919881
1724.381	1.81019405941
1725.391	2.01542970297
1726.401	1.57644577114
1727.43	2.1909271137
1728.431	1.5910969031
1729.45	1.67327968597
1730.451	2.14288111888
1731.471	1.97384980237
1732.472	3.13624775225
1733.473	3.25805394605
1734.481	2.78265873016
1735.621	2.23614736842
1736.623	3.1674251497
1737.642	2.8460451423
1738.661	2.31637291462
1739.801	2.05597192982
1740.802	2.48180619381
1741.813	2.37483316683
1742.921	2.42305415162
1743.922	2.77404995005
1744.926	3.09358565737
1745.931	2.79831075697
1747.152	2.70675041322
1748.156	3.58253386454
1749.161	3.84895522388
1750.172	2.38614441147
1751.173	2.77106893107
1752.241	2.58307082153
1753.242	3.49043756244
1754.272	2.66250873786
1755.282	3.36271683168
1756.288	3.16481908549
1757.291	2.814444666
1758.301	2.79895445545
1759.305	2.63615139442
1760.312	2.4071102284
1761.332	2.07630588235
1762.351	2.81479245283
1763.352	2.2475044955
1764.362	1.88437227723
1765.371	1.88722299306
1766.377	1.81731212724
1767.422	1.89756286267
1768.522	2.06805090909
1769.523	2.65716683317
1770.532	1.9504222002
1771.533	2.04545054945
1772.672	2.1976119403
1773.701	5.89060700389
1774.711	2.50303366337
1775.721	2.16712871287
1776.911	2.27688739496
1778.011	2.62656
1779.012	2.24253346653
1780.021	2.3536333003
1781.022	1.77208391608
1782.023	2.12361238761
1783.191	2.33237671233
1784.192	2.92191008991
1785.201	2.8725074331
1786.203	2.73326673327
1787.211	1.87563492063
1788.212	2.34460739261
1789.301	2.34231037649
1790.411	2.24339459459
1791.621	2.0058446281
1792.622	1.74929070929
1793.631	1.70538751239
1794.632	1.83572427572
1795.633	2.29111688312
1796.691	2.79524385633
1797.692	3.34551848152
1798.702	2.34564752475
1799.703	2.3037042957
1800.811	2.91181949458
1801.812	3.31271928072
1802.813	2.85595204795
1803.821	2.66926984127
1804.832	1.89602373887
1805.842	2.92562376238
1806.852	2.20036435644
1807.861	2.24348067393
1808.862	1.84968631369
1809.863	2.8097982018
1810.872	2.12718334985
1811.902	2.41108118812
1812.922	2.34490196078
1813.923	2.93594405594
1814.932	2.8742913776
1815.942	2.42345346535
1816.953	2.30560639361
1817.962	2.12547869177
1818.972	2.1887049505
1819.982	1.90034059406
1820.992	2.78476039604
1822.074	2.30855544456
1823.083	1.7902160555
1824.084	2.5474045954
1825.093	1.80976808722
1826.193	1.88981818182
1827.203	2.44885544554
1828.211	2.02306349206
1829.212	2.55833766234
1830.213	1.88804795205
1831.231	2.40811001965
1832.252	2.67905649158
1834.603	0.185456401531
1835.784	4.91148518205
1836.792	1.27028571429
1837.793	1.88048751249
1838.794	2.12101498501
1839.803	1.91901684836
1840.804	2.45994005994
1841.813	1.73087809713
1842.815	2.07520958084
1843.823	1.46156349206
1844.824	2.49273926074
1845.833	1.87369672944
1846.834	1.89727072927
1848.042	1.88539735099
1849.043	2.38340859141
1850.044	1.90197002997
1851.053	2.49466798811
1852.063	1.82757227723
1853.083	2.76606593407
1854.193	2.04947747748
1855.253	2.02788679245
1856.255	2.22940518962
1857.263	3.04
1858.283	2.48382160555
1861.094	0.459409462825
1862.373	4.53918373729
1863.374	1.82582217782
1864.375	2.12101498501
1865.544	1.84042429427
1866.545	2.63486913087
1867.553	2.87714285714
1868.554	2.48533066933
1869.556	3.35000399202
1870.563	2.48998609732
1871.573	1.37612673267
1872.713	0.536273684211
1874.033	0.389672727273
1875.035	0.109330669331
1876.193	1.56693609672
1877.324	2.85788152078
1878.334	3.13460455897
1879.544	2.52632066116
1880.545	3.36195804196
1881.553	1.88348412698
1882.554	1.72742457542
1883.555	1.48706493506
1884.565	2.27323564356
1885.574	1.87706640238
1886.654	1.85653333333
1887.664	2.21047128713
1888.674	1.20903762376
1889.675	1.40169430569
1890.683	1.98685714286
1891.685	1.55149700599
1892.694	1.64861843409
1893.734	1.55988461538
1894.764	1.99762904809
1895.774	1.76379405941
1896.784	1.84454653465
1897.795	1.91509396637
1898.804	1.61370069376
1899.824	1.81344158416
1900.834	1.88552871287
1901.844	1.61627722772
1902.845	1.67433366633
1904.085	1.38701935484
1905.112	2.35503797468
1906.115	1.83657028913
1907.125	1.91805940594
1908.13	2.07344875622
1909.131	2.05585614386
1910.147	2.22250549451
1911.148	2.12304495504
1912.149	2.02224975025
1913.154	1.99480995025
1914.213	2.02554863078
1915.215	2.95990419162
1916.216	2.31669130869
1917.235	2.50269676153
1918.236	2.83166433566
1919.245	2.33801387512
1920.265	2.26563346614
1921.266	2.47474925075
1922.295	2.60631292517
1923.296	2.89726273726
1924.305	2.01446184341
1925.325	2.04043650794
1926.327	2.11345454545
1927.455	2.27273049645
1928.456	2.70046753247
1929.457	1.91703496503
1930.465	1.9326031746
1931.475	2.19963564356
1932.476	2.05102097902
1933.485	2.2385173439
1934.486	2.59582017982
1935.605	2.48211020777
1936.636	2.12751115422
1937.835	2.197764804
1938.836	2.83166433566
1939.846	0.765687128713
1940.945	2.31942493176
1941.946	2.55833766234
1942.956	2.3339960396
1943.965	2.68990287413
1944.966	1.66726873127
1945.985	2.13869314796
1946.995	1.80163960396
1948.146	1.84548392702
1949.147	2.24127872128
1950.166	1.85985475957
1951.356	1.88045042017
1952.486	1.96479292035
1953.488	2.55578443114
1954.489	2.00257342657
1955.496	1.85714399206
1956.506	1.85128712871
1957.516	1.85683960396
1958.756	1.7701483871
1959.822	0.12295684803
1960.826	3.72655776892
1961.827	1.7184975025
1962.836	1.57690386521
1963.837	1.62292107892
1965.046	2.0627229115
1966.209	2.24849527085
1967.396	2.30957371525
1968.397	2.5474045954
1969.406	1.78938354807
1970.476	1.71355514019
1971.486	1.7896531219
1972.506	1.3789254902
1973.526	1.36263529412
1974.536	1.21359207921
1975.537	0.700987012987
1976.544	1.06505660377
1977.546	1.84584431138
1978.548	1.49483433134
1979.556	1.76971428571
1980.557	1.61194005994
1981.558	2.27407792208
1982.577	1.67685232904
1983.587	2.44885544554
1984.597	1.48523564356
1985.606	2.03911992071
1986.607	1.2579020979
1987.627	1.38711377246
1988.787	1.12764137931
1989.788	1.4212987013
1990.796	1.42228571429
1992.016	0.843226229508
1993.476	0.760586510264
1994.717	0.537940370669
1995.718	0.888727272727
1996.727	1.4314370664
1997.837	1.26066306306
1999.086	1.41071577262
2000.122	1.09927413127
2001.137	1.19683152709
2002.146	0.623833498513
2003.147	0.721582417582
2004.216	0.63473152479
2005.237	0.246534769833
2006.296	0.134345609065
2007.304	1.6016984127
2008.324	1.3181254902
2009.334	1.2801506442
2010.484	1.09974956522
2011.488	1.23456573705
2012.494	1.05486282306
2013.504	0.93702970297
2014.514	0.91801980198
2015.535	1.3164662096
2016.544	1.22590287413
2017.559	1.45488866995
2018.575	1.24006299213
2019.625	0.987428571429
2020.665	0.997246153846
2021.674	0.987020812686
2022.804	0.390895575221
2023.834	0.361258252427
2025.284	0.54659862069
2026.294	0.411754455446
2027.634	0.293426865672
2028.643	0.290180376611
2029.674	0.392752667313
2031.045	0.175655725748
2032.434	0.363403887689
2033.484	0.177188571429
2034.543	0.110149197356
2035.583	0.126276923077
2036.623	0.105230769231
2037.703	0.101333333333
2038.704	0.107396603397
2039.723	0.42959764475
2040.724	0.47434965035
2041.904	0.529871186441
2043.064	0.83055862069
2044.174	0.864836036036
2045.353	0.866340966921
2046.424	0.89670961718
2047.604	0.855525423729
2048.714	0.934104504505
2049.743	1.12402753196
2050.744	0.646953046953
2051.774	0.548396116505
2052.783	0.412162537166
2053.784	0.435988011988
2054.804	0.801300297324
2055.814	0.881116831683
2056.824	1.13541386139
2057.954	1.13646725664
2058.956	1.45567232767
2059.974	1.37208358209
2060.984	1.28195643564
2061.994	1.71777425743
2063.005	1.9593115727
2064.024	1.41184690873
2065.044	1.53237735849
2066.048	1.1606374502
2067.054	1.47950695825
2068.07	0.960188976378
2069.084	0.716711462451
2070.094	1.13703896104
2071.274	0.894772881356
2072.275	1.16983816184
2073.285	1.23526336634
2074.294	0.950763131814
2075.295	1.2901018981
2076.394	1.30557961783
2077.395	1.70555844156
2078.505	1.35953873874
2079.515	1.8528950495
2080.525	1.46666138614
2081.535	1.58061782178
2082.536	1.97888511489
2083.605	1.28031431244
2084.736	1.22611494253
2085.885	1.53349347258
2086.887	1.09940918164
2087.925	1.25427360308
2088.935	1.63618217822
2089.945	1.33060594059
2090.955	1.34557623762
2091.965	1.48533069307
2093.067	1.56012341198
2094.075	1.65028571429
2095.085	1.10908225966
2096.086	1.24636963037
2097.095	0.795552031715
2098.115	1.12658823529
2099.135	0.812266666667
2100.136	1.33383416583
2101.145	1.53302675917
2102.306	0.1128957795
2103.32	3.50655621302
2104.405	1.30438341014
2105.406	1.3229010989
2106.415	0.963639246779
2107.426	0.971766567755
2108.435	1.12802378593
2109.447	0.76347826087
2110.448	1.00072727273
2111.466	1.2288991009
2112.475	1.56187908821
2113.487	1.04065612648
2114.495	1.04228571429
2115.505	0.952982178218
2116.506	1.24636963037
2117.515	0.28842814668
2119.11	0.895117241379
2120.115	1.35164940239
2121.306	1.39852225021
2122.316	1.86619405941
2123.326	1.80666138614
2124.334	1.85103174603
2125.336	2.18601197605
2126.337	2.16855944056
2127.516	1.48609329941
2128.526	1.73405940594
2129.527	1.74884315684
2130.536	1.85741129832
2131.537	1.93484915085
2132.756	2.09289581624
2133.757	2.27407792208
2134.766	1.77985332012
2135.846	2.37805185185
2137.257	2.36908291991
2138.537	2.65203125
2139.686	2.55264751958
2140.687	1.96465134865
2141.688	1.90993006993
2142.689	2.72233366633
2143.69	2.50881918082
2144.696	2.69864811133
2145.697	2.88282917083
2146.698	2.80544255744
2147.896	2.43340901503
2148.897	3.07219180819
2149.898	2.71864935065
2150.907	2.4181407334
2151.908	2.37647152847
2152.917	2.34250148662
2153.928	3.19335311573
2154.93	2.84764835165
2155.936	2.42757852883
2156.937	3.35645154845
2157.957	2.81322222222
2158.958	3.13595204795
2160.217	1.89425893566
2161.247	1.77441553398
2162.248	1.49026173826
2163.347	2.33846153846
2164.348	2.75458941059
2165.349	3.33102897103
2166.358	3.51709811695
2167.368	3.65466138614
2168.398	3.68317485265
2169.399	3.64807992008
2170.577	3.47312733447
2171.578	4.30762837163
2172.587	3.7132765114
2173.588	4.14363236763
2174.597	4.51209514371
2175.938	0.256733780761
2176.967	6.03529640428
2177.969	3.69168862275
2178.97	2.77494505495
2180.208	2.85061277284
2181.21	4.1506746507
2182.217	2.5061449851
2183.218	3.01752647353
2184.247	2.73021574344
2185.258	3.27586124876
2187.258	0.407068
2188.977	3.82047236766
2190.008	1.39055674103
2191.009	2.28501098901
2192.017	2.14971428571
2193.018	1.61827772228
2194.138	1.77258571429
2195.158	2.56684592738
2196.169	1.90226706231
2197.357	1.57618855219
2198.369	1.71946245059
2199.378	1.29045787909
2200.388	1.99375841584
2201.398	1.47364752475
2202.418	1.11335686275
2203.567	1.53135596171
2204.618	2.02423596575
2205.628	2.25381386139
2206.629	1.87571628372
2207.63	2.35245554446
2208.638	2.88658730159
2209.639	2.30460739261
2210.64	3.93651148851
2211.649	2.52772249752
2212.748	1.42425477707
2213.749	2.38340859141
2214.75	2.31164035964
2215.759	1.7190802775
2216.769	2.2152950495
2217.838	2.25334331151
2218.968	2.47438584071
2220.118	2.52176849434
2221.129	2.47890801187
2222.161	1.92810948192
2223.18	4.98212365064
2224.32	1.89152982456
2225.331	1.87271216617
2226.34	1.81134588702
2227.351	1.57638773492
2228.371	1.4592
2229.381	1.25515247525
2230.382	1.94608591409
2231.383	1.58421578422
2232.428	1.71752727273
2233.432	1.3480239521
2234.439	1.64105660377
2235.441	1.49264670659
2236.471	1.4574488189
2237.473	2.01168431568
2238.491	2.08559528487
2239.501	1.21198415842
2240.502	2.07728271728
2241.511	1.96319524281
2242.55	4.82660250241
2243.56	1.92874455446
2244.58	0.957984313725
2245.591	1.09331750742
2246.61	0.516757605496
2248.92	0.14212987013
2249.921	2.3717002997
2250.931	1.67952475248
2251.94	1.13185332012
2252.952	1.30852173913
2253.96	1.52807142857
2254.97	1.55662574257
2255.972	1.53050949051
2256.98	1.04535714286
2258.01	0.68694368932
2259.011	0.349858141858
2260.04	0.215857988166
2261.061	0.182221351616
2262.112	0.711337773549
2263.152	0.1368
2264.201	0.229521448999
2265.212	0.227323442136
2266.261	0.194448045758
2267.301	0.189415384615
2268.321	0.118023529412
2269.521	0.10032
2270.524	0.174580259222
2271.526	0.163832335329
2272.527	0.565698301698
2273.537	1.27533465347
2274.546	1.35170664024
2275.547	1.13643156843
2276.687	1.49841403509
2277.688	1.98625374625
2278.718	2.19294849368
2279.728	2.42465014866
2280.729	2.51902497502
2281.746	1.5935984252
2282.767	0.849332027424
2283.777	0.791001980198
2284.779	1.66942115768
2285.787	1.73714285714
2286.807	1.17438888889
2287.817	2.0371009901
2288.827	1.38321584158
2289.837	1.79871683168
2290.905	2.07346067416
2291.928	1.4265884653
2292.939	1.36394065282
2293.947	1.2371031746
2294.967	1.03235294118
2295.977	1.25693465347
2296.998	1.1998974359
2297.999	1.77122077922
2299.0	1.94957042957
2300.018	1.617021611
2301.027	1.76796035679
2302.047	1.33774328358
2303.048	1.73835764236
2304.077	1.46567930029
2305.078	1.44302097902
2306.079	1.53772627373
2307.088	1.51039048563
2308.097	1.55938949455
2309.098	1.57056543457
2310.138	1.72431538462
2311.159	1.64136336925
2312.178	1.78845862413
2313.188	1.91502574257
2314.338	1.59487304348
2315.348	2.10211485149
2316.358	1.64190891089
2317.671	2.06664334305
2318.678	2.08664150943
2319.688	1.55685544554
2320.689	1.79302297702
2321.698	1.50035282458
2322.852	1.52269888476
2323.858	1.75147514911
2324.868	1.38043564356
2326.018	1.73085217391
2327.019	2.56726473526
2328.028	1.82026560951
2329.029	2.04971828172
2330.169	1.6549754386
2331.179	2.06960792079
2332.189	1.75763960396
2333.268	1.65432437442
2334.269	2.07728271728
2335.278	1.78239841427
2336.289	1.79153313551
2337.408	1.69823771224
2338.429	1.89724583741
2339.439	1.41104158416
2340.44	1.4757002997
2341.448	1.75885714286
2342.449	1.44957442557
2343.459	1.82038811881
2344.46	1.97888511489
2345.468	1.56628571429
2346.469	1.84768831169
2347.479	1.58304158416
2348.489	1.96125148515
2349.509	1.85945098039
2350.511	2.46840718563
2351.519	1.98058730159
2352.529	2.7955960396
2353.549	2.19745816733
2354.559	2.38384158416
2355.561	1.65890618762
2356.569	2.72514285714
2357.57	2.06248951049
2358.629	3.32494364852
2359.63	2.91529270729
2360.631	2.98372027972
2361.639	1.94607142857
2362.64	2.94262537463
2363.659	2.79559004975
2364.66	2.65701498501
2367.161	0.920758096761
2368.169	5.79977777778
2369.279	2.35997837838
2370.28	2.79886513487
2371.449	2.30711377246
2372.45	2.97379420579
2373.459	2.31919920714
2374.46	2.64736863137
2375.461	2.96286113886
2376.469	2.09212698413
2377.47	2.40800799201
2378.472	2.715249501
2379.49	2.89864811133
2380.491	3.25249150849
2381.5	2.73926190476
2382.501	2.23308691309
2383.51	2.01869573835
2384.58	2.07094796594
2385.581	2.71165634366
2386.61	2.11880272109
2387.621	2.34900890208
2388.63	2.411567889
2390.062	2.18910016978
2391.16	2.19068123862
2392.161	2.26314485514
2393.169	2.51611904762
2394.25	1.90101757632
2395.26	2.11857425743
2396.27	2.19093069307
2397.28	2.37834455446
2398.44	2.40348275862
2399.441	2.75513286713
2400.442	2.26261738262
2401.45	1.95865873016
2402.57	2.39579285714
2403.571	2.62393606394
2404.58	2.05987710605
2405.581	2.38340859141
2406.582	1.69622377622
2407.59	1.68727777778
2408.611	1.63868364349
2409.62	2.19096927651
2410.64	1.33953617443
2411.69	1.62254328358
2412.7	1.11424950495
2413.71	1.46281188119
2414.72	1.46281188119
2415.73	1.24012673267
2416.731	1.60716083916
2417.732	1.74929070929
2418.74	1.51198412698
2419.751	1.80776261128
2420.761	2.10211485149
2421.771	1.50633663366
2422.78	1.85473141724
2423.791	1.32890207715
2427.04	0.256
2428.042	1.16530139721
2429.051	1.47545688801
2430.061	1.33941386139
2430.866	1.82173416149
